-8.000000e+00 1.016067e+00
-7.992000e+00 1.016100e+00
-7.984000e+00 1.016133e+00
-7.976000e+00 1.016167e+00
-7.968000e+00 1.016200e+00
-7.960000e+00 1.016234e+00
-7.952000e+00 1.016267e+00
-7.944000e+00 1.016301e+00
-7.936000e+00 1.016335e+00
-7.928000e+00 1.016369e+00
-7.920000e+00 1.016403e+00
-7.912000e+00 1.016437e+00
-7.904000e+00 1.016471e+00
-7.896000e+00 1.016506e+00
-7.888000e+00 1.016540e+00
-7.880000e+00 1.016575e+00
-7.872000e+00 1.016609e+00
-7.864000e+00 1.016644e+00
-7.856000e+00 1.016679e+00
-7.848000e+00 1.016714e+00
-7.840000e+00 1.016749e+00
-7.832000e+00 1.016785e+00
-7.824000e+00 1.016820e+00
-7.816000e+00 1.016855e+00
-7.808000e+00 1.016891e+00
-7.800000e+00 1.016927e+00
-7.792000e+00 1.016962e+00
-7.784000e+00 1.016998e+00
-7.776000e+00 1.017034e+00
-7.768000e+00 1.017071e+00
-7.760000e+00 1.017107e+00
-7.752000e+00 1.017143e+00
-7.744000e+00 1.017180e+00
-7.736000e+00 1.017216e+00
-7.728000e+00 1.017253e+00
-7.720000e+00 1.017290e+00
-7.712000e+00 1.017327e+00
-7.704000e+00 1.017364e+00
-7.696000e+00 1.017401e+00
-7.688000e+00 1.017439e+00
-7.680000e+00 1.017476e+00
-7.672000e+00 1.017514e+00
-7.664000e+00 1.017552e+00
-7.656000e+00 1.017589e+00
-7.648000e+00 1.017627e+00
-7.640000e+00 1.017666e+00
-7.632000e+00 1.017704e+00
-7.624000e+00 1.017742e+00
-7.616000e+00 1.017781e+00
-7.608000e+00 1.017819e+00
-7.600000e+00 1.017858e+00
-7.592000e+00 1.017897e+00
-7.584000e+00 1.017936e+00
-7.576000e+00 1.017975e+00
-7.568000e+00 1.018014e+00
-7.560000e+00 1.018053e+00
-7.552000e+00 1.018093e+00
-7.544000e+00 1.018133e+00
-7.536000e+00 1.018172e+00
-7.528000e+00 1.018212e+00
-7.520000e+00 1.018252e+00
-7.512000e+00 1.018292e+00
-7.504000e+00 1.018333e+00
-7.496000e+00 1.018373e+00
-7.488000e+00 1.018414e+00
-7.480000e+00 1.018454e+00
-7.472000e+00 1.018495e+00
-7.464000e+00 1.018536e+00
-7.456000e+00 1.018577e+00
-7.448000e+00 1.018619e+00
-7.440000e+00 1.018660e+00
-7.432000e+00 1.018701e+00
-7.424000e+00 1.018743e+00
-7.416000e+00 1.018785e+00
-7.408000e+00 1.018827e+00
-7.400000e+00 1.018869e+00
-7.392000e+00 1.018911e+00
-7.384000e+00 1.018954e+00
-7.376000e+00 1.018996e+00
-7.368000e+00 1.019039e+00
-7.360000e+00 1.019082e+00
-7.352000e+00 1.019125e+00
-7.344000e+00 1.019168e+00
-7.336000e+00 1.019211e+00
-7.328000e+00 1.019254e+00
-7.320000e+00 1.019298e+00
-7.312000e+00 1.019342e+00
-7.304000e+00 1.019385e+00
-7.296000e+00 1.019429e+00
-7.288000e+00 1.019474e+00
-7.280000e+00 1.019518e+00
-7.272000e+00 1.019562e+00
-7.264000e+00 1.019607e+00
-7.256000e+00 1.019652e+00
-7.248000e+00 1.019697e+00
-7.240000e+00 1.019742e+00
-7.232000e+00 1.019787e+00
-7.224000e+00 1.019832e+00
-7.216000e+00 1.019878e+00
-7.208000e+00 1.019924e+00
-7.200000e+00 1.019970e+00
-7.192000e+00 1.020016e+00
-7.184000e+00 1.020062e+00
-7.176000e+00 1.020108e+00
-7.168000e+00 1.020155e+00
-7.160000e+00 1.020201e+00
-7.152000e+00 1.020248e+00
-7.144000e+00 1.020295e+00
-7.136000e+00 1.020342e+00
-7.128000e+00 1.020390e+00
-7.120000e+00 1.020437e+00
-7.112000e+00 1.020485e+00
-7.104000e+00 1.020533e+00
-7.096000e+00 1.020581e+00
-7.088000e+00 1.020629e+00
-7.080000e+00 1.020677e+00
-7.072000e+00 1.020726e+00
-7.064000e+00 1.020775e+00
-7.056000e+00 1.020823e+00
-7.048000e+00 1.020873e+00
-7.040000e+00 1.020922e+00
-7.032000e+00 1.020971e+00
-7.024000e+00 1.021021e+00
-7.016000e+00 1.021070e+00
-7.008000e+00 1.021120e+00
-7.000000e+00 1.021171e+00
-6.992000e+00 1.021221e+00
-6.984000e+00 1.021271e+00
-6.976000e+00 1.021322e+00
-6.968000e+00 1.021373e+00
-6.960000e+00 1.021424e+00
-6.952000e+00 1.021475e+00
-6.944000e+00 1.021527e+00
-6.936000e+00 1.021578e+00
-6.928000e+00 1.021630e+00
-6.920000e+00 1.021682e+00
-6.912000e+00 1.021734e+00
-6.904000e+00 1.021786e+00
-6.896000e+00 1.021839e+00
-6.888000e+00 1.021892e+00
-6.880000e+00 1.021945e+00
-6.872000e+00 1.021998e+00
-6.864000e+00 1.022051e+00
-6.856000e+00 1.022105e+00
-6.848000e+00 1.022158e+00
-6.840000e+00 1.022212e+00
-6.832000e+00 1.022266e+00
-6.824000e+00 1.022321e+00
-6.816000e+00 1.022375e+00
-6.808000e+00 1.022430e+00
-6.800000e+00 1.022485e+00
-6.792000e+00 1.022540e+00
-6.784000e+00 1.022595e+00
-6.776000e+00 1.022651e+00
-6.768000e+00 1.022707e+00
-6.760000e+00 1.022762e+00
-6.752000e+00 1.022819e+00
-6.744000e+00 1.022875e+00
-6.736000e+00 1.022932e+00
-6.728000e+00 1.022988e+00
-6.720000e+00 1.023045e+00
-6.712000e+00 1.023103e+00
-6.704000e+00 1.023160e+00
-6.696000e+00 1.023218e+00
-6.688000e+00 1.023276e+00
-6.680000e+00 1.023334e+00
-6.672000e+00 1.023392e+00
-6.664000e+00 1.023451e+00
-6.656000e+00 1.023509e+00
-6.648000e+00 1.023568e+00
-6.640000e+00 1.023628e+00
-6.632000e+00 1.023687e+00
-6.624000e+00 1.023747e+00
-6.616000e+00 1.023807e+00
-6.608000e+00 1.023867e+00
-6.600000e+00 1.023927e+00
-6.592000e+00 1.023988e+00
-6.584000e+00 1.024049e+00
-6.576000e+00 1.024110e+00
-6.568000e+00 1.024171e+00
-6.560000e+00 1.024233e+00
-6.552000e+00 1.024294e+00
-6.544000e+00 1.024356e+00
-6.536000e+00 1.024419e+00
-6.528000e+00 1.024481e+00
-6.520000e+00 1.024544e+00
-6.512000e+00 1.024607e+00
-6.504000e+00 1.024670e+00
-6.496000e+00 1.024734e+00
-6.488000e+00 1.024797e+00
-6.480000e+00 1.024861e+00
-6.472000e+00 1.024925e+00
-6.464000e+00 1.024990e+00
-6.456000e+00 1.025055e+00
-6.448000e+00 1.025120e+00
-6.440000e+00 1.025185e+00
-6.432000e+00 1.025250e+00
-6.424000e+00 1.025316e+00
-6.416000e+00 1.025382e+00
-6.408000e+00 1.025449e+00
-6.400000e+00 1.025515e+00
-6.392000e+00 1.025582e+00
-6.384000e+00 1.025649e+00
-6.376000e+00 1.025716e+00
-6.368000e+00 1.025784e+00
-6.360000e+00 1.025852e+00
-6.352000e+00 1.025920e+00
-6.344000e+00 1.025989e+00
-6.336000e+00 1.026057e+00
-6.328000e+00 1.026126e+00
-6.320000e+00 1.026196e+00
-6.312000e+00 1.026265e+00
-6.304000e+00 1.026335e+00
-6.296000e+00 1.026405e+00
-6.288000e+00 1.026476e+00
-6.280000e+00 1.026546e+00
-6.272000e+00 1.026617e+00
-6.264000e+00 1.026689e+00
-6.256000e+00 1.026760e+00
-6.248000e+00 1.026832e+00
-6.240000e+00 1.026904e+00
-6.232000e+00 1.026977e+00
-6.224000e+00 1.027049e+00
-6.216000e+00 1.027122e+00
-6.208000e+00 1.027196e+00
-6.200000e+00 1.027269e+00
-6.192000e+00 1.027343e+00
-6.184000e+00 1.027418e+00
-6.176000e+00 1.027492e+00
-6.168000e+00 1.027567e+00
-6.160000e+00 1.027642e+00
-6.152000e+00 1.027718e+00
-6.144000e+00 1.027794e+00
-6.136000e+00 1.027870e+00
-6.128000e+00 1.027946e+00
-6.120000e+00 1.028023e+00
-6.112000e+00 1.028100e+00
-6.104000e+00 1.028177e+00
-6.096000e+00 1.028255e+00
-6.088000e+00 1.028333e+00
-6.080000e+00 1.028412e+00
-6.072000e+00 1.028490e+00
-6.064000e+00 1.028569e+00
-6.056000e+00 1.028649e+00
-6.048000e+00 1.028729e+00
-6.040000e+00 1.028809e+00
-6.032000e+00 1.028889e+00
-6.024000e+00 1.028970e+00
-6.016000e+00 1.029051e+00
-6.008000e+00 1.029132e+00
-6.000000e+00 1.029214e+00
-5.992000e+00 1.029296e+00
-5.984000e+00 1.029379e+00
-5.976000e+00 1.029462e+00
-5.968000e+00 1.029545e+00
-5.960000e+00 1.029629e+00
-5.952000e+00 1.029713e+00
-5.944000e+00 1.029797e+00
-5.936000e+00 1.029882e+00
-5.928000e+00 1.029967e+00
-5.920000e+00 1.030052e+00
-5.912000e+00 1.030138e+00
-5.904000e+00 1.030224e+00
-5.896000e+00 1.030310e+00
-5.888000e+00 1.030397e+00
-5.880000e+00 1.030485e+00
-5.872000e+00 1.030572e+00
-5.864000e+00 1.030660e+00
-5.856000e+00 1.030749e+00
-5.848000e+00 1.030838e+00
-5.840000e+00 1.030927e+00
-5.832000e+00 1.031017e+00
-5.824000e+00 1.031107e+00
-5.816000e+00 1.031197e+00
-5.808000e+00 1.031288e+00
-5.800000e+00 1.031379e+00
-5.792000e+00 1.031471e+00
-5.784000e+00 1.031563e+00
-5.776000e+00 1.031655e+00
-5.768000e+00 1.031748e+00
-5.760000e+00 1.031841e+00
-5.752000e+00 1.031935e+00
-5.744000e+00 1.032029e+00
-5.736000e+00 1.032124e+00
-5.728000e+00 1.032219e+00
-5.720000e+00 1.032314e+00
-5.712000e+00 1.032410e+00
-5.704000e+00 1.032506e+00
-5.696000e+00 1.032603e+00
-5.688000e+00 1.032700e+00
-5.680000e+00 1.032798e+00
-5.672000e+00 1.032896e+00
-5.664000e+00 1.032994e+00
-5.656000e+00 1.033093e+00
-5.648000e+00 1.033193e+00
-5.640000e+00 1.033293e+00
-5.632000e+00 1.033393e+00
-5.624000e+00 1.033494e+00
-5.616000e+00 1.033595e+00
-5.608000e+00 1.033697e+00
-5.600000e+00 1.033799e+00
-5.592000e+00 1.033902e+00
-5.584000e+00 1.034005e+00
-5.576000e+00 1.034108e+00
-5.568000e+00 1.034213e+00
-5.560000e+00 1.034317e+00
-5.552000e+00 1.034422e+00
-5.544000e+00 1.034528e+00
-5.536000e+00 1.034634e+00
-5.528000e+00 1.034741e+00
-5.520000e+00 1.034848e+00
-5.512000e+00 1.034955e+00
-5.504000e+00 1.035063e+00
-5.496000e+00 1.035172e+00
-5.488000e+00 1.035281e+00
-5.480000e+00 1.035391e+00
-5.472000e+00 1.035501e+00
-5.464000e+00 1.035612e+00
-5.456000e+00 1.035723e+00
-5.448000e+00 1.035835e+00
-5.440000e+00 1.035947e+00
-5.432000e+00 1.036060e+00
-5.424000e+00 1.036173e+00
-5.416000e+00 1.036287e+00
-5.408000e+00 1.036402e+00
-5.400000e+00 1.036517e+00
-5.392000e+00 1.036632e+00
-5.384000e+00 1.036748e+00
-5.376000e+00 1.036865e+00
-5.368000e+00 1.036982e+00
-5.360000e+00 1.037100e+00
-5.352000e+00 1.037219e+00
-5.344000e+00 1.037338e+00
-5.336000e+00 1.037457e+00
-5.328000e+00 1.037578e+00
-5.320000e+00 1.037698e+00
-5.312000e+00 1.037820e+00
-5.304000e+00 1.037942e+00
-5.296000e+00 1.038064e+00
-5.288000e+00 1.038188e+00
-5.280000e+00 1.038311e+00
-5.272000e+00 1.038436e+00
-5.264000e+00 1.038561e+00
-5.256000e+00 1.038686e+00
-5.248000e+00 1.038813e+00
-5.240000e+00 1.038940e+00
-5.232000e+00 1.039067e+00
-5.224000e+00 1.039196e+00
-5.216000e+00 1.039324e+00
-5.208000e+00 1.039454e+00
-5.200000e+00 1.039584e+00
-5.192000e+00 1.039715e+00
-5.184000e+00 1.039846e+00
-5.176000e+00 1.039979e+00
-5.168000e+00 1.040111e+00
-5.160000e+00 1.040245e+00
-5.152000e+00 1.040379e+00
-5.144000e+00 1.040514e+00
-5.136000e+00 1.040650e+00
-5.128000e+00 1.040786e+00
-5.120000e+00 1.040923e+00
-5.112000e+00 1.041061e+00
-5.104000e+00 1.041199e+00
-5.096000e+00 1.041338e+00
-5.088000e+00 1.041478e+00
-5.080000e+00 1.041619e+00
-5.072000e+00 1.041760e+00
-5.064000e+00 1.041902e+00
-5.056000e+00 1.042045e+00
-5.048000e+00 1.042188e+00
-5.040000e+00 1.042333e+00
-5.032000e+00 1.042478e+00
-5.024000e+00 1.042624e+00
-5.016000e+00 1.042770e+00
-5.008000e+00 1.042918e+00
-5.000000e+00 1.043066e+00
-4.992000e+00 1.043215e+00
-4.984000e+00 1.043365e+00
-4.976000e+00 1.043515e+00
-4.968000e+00 1.043667e+00
-4.960000e+00 1.043819e+00
-4.952000e+00 1.043972e+00
-4.944000e+00 1.044125e+00
-4.936000e+00 1.044280e+00
-4.928000e+00 1.044436e+00
-4.920000e+00 1.044592e+00
-4.912000e+00 1.044749e+00
-4.904000e+00 1.044907e+00
-4.896000e+00 1.045066e+00
-4.888000e+00 1.045226e+00
-4.880000e+00 1.045386e+00
-4.872000e+00 1.045548e+00
-4.864000e+00 1.045710e+00
-4.856000e+00 1.045874e+00
-4.848000e+00 1.046038e+00
-4.840000e+00 1.046203e+00
-4.832000e+00 1.046369e+00
-4.824000e+00 1.046536e+00
-4.816000e+00 1.046704e+00
-4.808000e+00 1.046873e+00
-4.800000e+00 1.047042e+00
-4.792000e+00 1.047213e+00
-4.784000e+00 1.047385e+00
-4.776000e+00 1.047557e+00
-4.768000e+00 1.047731e+00
-4.760000e+00 1.047905e+00
-4.752000e+00 1.048081e+00
-4.744000e+00 1.048258e+00
-4.736000e+00 1.048435e+00
-4.728000e+00 1.048614e+00
-4.720000e+00 1.048793e+00
-4.712000e+00 1.048974e+00
-4.704000e+00 1.049155e+00
-4.696000e+00 1.049338e+00
-4.688000e+00 1.049522e+00
-4.680000e+00 1.049707e+00
-4.672000e+00 1.049893e+00
-4.664000e+00 1.050080e+00
-4.656000e+00 1.050268e+00
-4.648000e+00 1.050457e+00
-4.640000e+00 1.050647e+00
-4.632000e+00 1.050838e+00
-4.624000e+00 1.051031e+00
-4.616000e+00 1.051224e+00
-4.608000e+00 1.051419e+00
-4.600000e+00 1.051615e+00
-4.592000e+00 1.051812e+00
-4.584000e+00 1.052010e+00
-4.576000e+00 1.052209e+00
-4.568000e+00 1.052410e+00
-4.560000e+00 1.052612e+00
-4.552000e+00 1.052815e+00
-4.544000e+00 1.053019e+00
-4.536000e+00 1.053224e+00
-4.528000e+00 1.053431e+00
-4.520000e+00 1.053639e+00
-4.512000e+00 1.053848e+00
-4.504000e+00 1.054058e+00
-4.496000e+00 1.054270e+00
-4.488000e+00 1.054483e+00
-4.480000e+00 1.054697e+00
-4.472000e+00 1.054913e+00
-4.464000e+00 1.055129e+00
-4.456000e+00 1.055348e+00
-4.448000e+00 1.055567e+00
-4.440000e+00 1.055788e+00
-4.432000e+00 1.056010e+00
-4.424000e+00 1.056234e+00
-4.416000e+00 1.056459e+00
-4.408000e+00 1.056685e+00
-4.400000e+00 1.056913e+00
-4.392000e+00 1.057143e+00
-4.384000e+00 1.057373e+00
-4.376000e+00 1.057605e+00
-4.368000e+00 1.057839e+00
-4.360000e+00 1.058074e+00
-4.352000e+00 1.058311e+00
-4.344000e+00 1.058549e+00
-4.336000e+00 1.058788e+00
-4.328000e+00 1.059029e+00
-4.320000e+00 1.059272e+00
-4.312000e+00 1.059516e+00
-4.304000e+00 1.059762e+00
-4.296000e+00 1.060009e+00
-4.288000e+00 1.060258e+00
-4.280000e+00 1.060509e+00
-4.272000e+00 1.060761e+00
-4.264000e+00 1.061015e+00
-4.256000e+00 1.061270e+00
-4.248000e+00 1.061528e+00
-4.240000e+00 1.061786e+00
-4.232000e+00 1.062047e+00
-4.224000e+00 1.062309e+00
-4.216000e+00 1.062573e+00
-4.208000e+00 1.062839e+00
-4.200000e+00 1.063106e+00
-4.192000e+00 1.063376e+00
-4.184000e+00 1.063647e+00
-4.176000e+00 1.063920e+00
-4.168000e+00 1.064194e+00
-4.160000e+00 1.064471e+00
-4.152000e+00 1.064749e+00
-4.144000e+00 1.065029e+00
-4.136000e+00 1.065312e+00
-4.128000e+00 1.065596e+00
-4.120000e+00 1.065882e+00
-4.112000e+00 1.066170e+00
-4.104000e+00 1.066460e+00
-4.096000e+00 1.066752e+00
-4.088000e+00 1.067045e+00
-4.080000e+00 1.067341e+00
-4.072000e+00 1.067639e+00
-4.064000e+00 1.067940e+00
-4.056000e+00 1.068242e+00
-4.048000e+00 1.068546e+00
-4.040000e+00 1.068852e+00
-4.032000e+00 1.069161e+00
-4.024000e+00 1.069472e+00
-4.016000e+00 1.069784e+00
-4.008000e+00 1.070100e+00
-4.000000e+00 1.070417e+00
-3.992000e+00 1.070736e+00
-3.984000e+00 1.071058e+00
-3.976000e+00 1.071382e+00
-3.968000e+00 1.071709e+00
-3.960000e+00 1.072038e+00
-3.952000e+00 1.072369e+00
-3.944000e+00 1.072703e+00
-3.936000e+00 1.073039e+00
-3.928000e+00 1.073377e+00
-3.920000e+00 1.073718e+00
-3.912000e+00 1.074061e+00
-3.904000e+00 1.074407e+00
-3.896000e+00 1.074756e+00
-3.888000e+00 1.075107e+00
-3.880000e+00 1.075460e+00
-3.872000e+00 1.075817e+00
-3.864000e+00 1.076175e+00
-3.856000e+00 1.076537e+00
-3.848000e+00 1.076901e+00
-3.840000e+00 1.077268e+00
-3.832000e+00 1.077638e+00
-3.824000e+00 1.078011e+00
-3.816000e+00 1.078386e+00
-3.808000e+00 1.078764e+00
-3.800000e+00 1.079145e+00
-3.792000e+00 1.079529e+00
-3.784000e+00 1.079916e+00
-3.776000e+00 1.080306e+00
-3.768000e+00 1.080699e+00
-3.760000e+00 1.081095e+00
-3.752000e+00 1.081494e+00
-3.744000e+00 1.081896e+00
-3.736000e+00 1.082301e+00
-3.728000e+00 1.082710e+00
-3.720000e+00 1.083121e+00
-3.712000e+00 1.083536e+00
-3.704000e+00 1.083954e+00
-3.696000e+00 1.084376e+00
-3.688000e+00 1.084801e+00
-3.680000e+00 1.085229e+00
-3.672000e+00 1.085660e+00
-3.664000e+00 1.086095e+00
-3.656000e+00 1.086534e+00
-3.648000e+00 1.086976e+00
-3.640000e+00 1.087422e+00
-3.632000e+00 1.087871e+00
-3.624000e+00 1.088324e+00
-3.616000e+00 1.088781e+00
-3.608000e+00 1.089241e+00
-3.600000e+00 1.089706e+00
-3.592000e+00 1.090174e+00
-3.584000e+00 1.090646e+00
-3.576000e+00 1.091122e+00
-3.568000e+00 1.091601e+00
-3.560000e+00 1.092085e+00
-3.552000e+00 1.092573e+00
-3.544000e+00 1.093065e+00
-3.536000e+00 1.093562e+00
-3.528000e+00 1.094062e+00
-3.520000e+00 1.094567e+00
-3.512000e+00 1.095076e+00
-3.504000e+00 1.095589e+00
-3.496000e+00 1.096107e+00
-3.488000e+00 1.096629e+00
-3.480000e+00 1.097156e+00
-3.472000e+00 1.097688e+00
-3.464000e+00 1.098224e+00
-3.456000e+00 1.098764e+00
-3.448000e+00 1.099310e+00
-3.440000e+00 1.099860e+00
-3.432000e+00 1.100416e+00
-3.424000e+00 1.100976e+00
-3.416000e+00 1.101541e+00
-3.408000e+00 1.102111e+00
-3.400000e+00 1.102686e+00
-3.392000e+00 1.103267e+00
-3.384000e+00 1.103853e+00
-3.376000e+00 1.104444e+00
-3.368000e+00 1.105041e+00
-3.360000e+00 1.105643e+00
-3.352000e+00 1.106250e+00
-3.344000e+00 1.106863e+00
-3.336000e+00 1.107482e+00
-3.328000e+00 1.108107e+00
-3.320000e+00 1.108737e+00
-3.312000e+00 1.109374e+00
-3.304000e+00 1.110016e+00
-3.296000e+00 1.110664e+00
-3.288000e+00 1.111319e+00
-3.280000e+00 1.111980e+00
-3.272000e+00 1.112647e+00
-3.264000e+00 1.113321e+00
-3.256000e+00 1.114001e+00
-3.248000e+00 1.114687e+00
-3.240000e+00 1.115381e+00
-3.232000e+00 1.116081e+00
-3.224000e+00 1.116788e+00
-3.216000e+00 1.117502e+00
-3.208000e+00 1.118223e+00
-3.200000e+00 1.118951e+00
-3.192000e+00 1.119687e+00
-3.184000e+00 1.120430e+00
-3.176000e+00 1.121180e+00
-3.168000e+00 1.121938e+00
-3.160000e+00 1.122704e+00
-3.152000e+00 1.123477e+00
-3.144000e+00 1.124258e+00
-3.136000e+00 1.125048e+00
-3.128000e+00 1.125845e+00
-3.120000e+00 1.126651e+00
-3.112000e+00 1.127466e+00
-3.104000e+00 1.128288e+00
-3.096000e+00 1.129120e+00
-3.088000e+00 1.129960e+00
-3.080000e+00 1.130809e+00
-3.072000e+00 1.131668e+00
-3.064000e+00 1.132535e+00
-3.056000e+00 1.133412e+00
-3.048000e+00 1.134298e+00
-3.040000e+00 1.135194e+00
-3.032000e+00 1.136100e+00
-3.024000e+00 1.137016e+00
-3.016000e+00 1.137942e+00
-3.008000e+00 1.138878e+00
-3.000000e+00 1.139824e+00
-2.992000e+00 1.140781e+00
-2.984000e+00 1.141749e+00
-2.976000e+00 1.142728e+00
-2.968000e+00 1.143718e+00
-2.960000e+00 1.144720e+00
-2.952000e+00 1.145733e+00
-2.944000e+00 1.146757e+00
-2.936000e+00 1.147794e+00
-2.928000e+00 1.148843e+00
-2.920000e+00 1.149904e+00
-2.912000e+00 1.150977e+00
-2.904000e+00 1.152063e+00
-2.896000e+00 1.153163e+00
-2.888000e+00 1.154275e+00
-2.880000e+00 1.155401e+00
-2.872000e+00 1.156541e+00
-2.864000e+00 1.157694e+00
-2.856000e+00 1.158862e+00
-2.848000e+00 1.160044e+00
-2.840000e+00 1.161240e+00
-2.832000e+00 1.162452e+00
-2.824000e+00 1.163679e+00
-2.816000e+00 1.164921e+00
-2.808000e+00 1.166180e+00
-2.800000e+00 1.167454e+00
-2.792000e+00 1.168745e+00
-2.784000e+00 1.170052e+00
-2.776000e+00 1.171377e+00
-2.768000e+00 1.172719e+00
-2.760000e+00 1.174078e+00
-2.752000e+00 1.175456e+00
-2.744000e+00 1.176852e+00
-2.736000e+00 1.178267e+00
-2.728000e+00 1.179701e+00
-2.720000e+00 1.181155e+00
-2.712000e+00 1.182628e+00
-2.704000e+00 1.184122e+00
-2.696000e+00 1.185637e+00
-2.688000e+00 1.187173e+00
-2.680000e+00 1.188731e+00
-2.672000e+00 1.190310e+00
-2.664000e+00 1.191913e+00
-2.656000e+00 1.193538e+00
-2.648000e+00 1.195188e+00
-2.640000e+00 1.196861e+00
-2.632000e+00 1.198559e+00
-2.624000e+00 1.200282e+00
-2.616000e+00 1.202031e+00
-2.608000e+00 1.203806e+00
-2.600000e+00 1.205608e+00
-2.592000e+00 1.207438e+00
-2.584000e+00 1.209296e+00
-2.576000e+00 1.211183e+00
-2.568000e+00 1.213100e+00
-2.560000e+00 1.215047e+00
-2.552000e+00 1.217025e+00
-2.544000e+00 1.219034e+00
-2.536000e+00 1.221077e+00
-2.528000e+00 1.223153e+00
-2.520000e+00 1.225263e+00
-2.512000e+00 1.227408e+00
-2.504000e+00 1.229590e+00
-2.496000e+00 1.231808e+00
-2.488000e+00 1.234064e+00
-2.480000e+00 1.236360e+00
-2.472000e+00 1.238695e+00
-2.464000e+00 1.241072e+00
-2.456000e+00 1.243491e+00
-2.448000e+00 1.245953e+00
-2.440000e+00 1.248461e+00
-2.432000e+00 1.251014e+00
-2.424000e+00 1.253614e+00
-2.416000e+00 1.256264e+00
-2.408000e+00 1.258964e+00
-2.400000e+00 1.261715e+00
-2.392000e+00 1.264520e+00
-2.384000e+00 1.267380e+00
-2.376000e+00 1.270296e+00
-2.368000e+00 1.273271e+00
-2.360000e+00 1.276307e+00
-2.352000e+00 1.279405e+00
-2.344000e+00 1.282568e+00
-2.336000e+00 1.285798e+00
-2.328000e+00 1.289096e+00
-2.320000e+00 1.292467e+00
-2.312000e+00 1.295911e+00
-2.304000e+00 1.299433e+00
-2.296000e+00 1.303034e+00
-2.288000e+00 1.306718e+00
-2.280000e+00 1.310488e+00
-2.272000e+00 1.314348e+00
-2.264000e+00 1.318301e+00
-2.256000e+00 1.322350e+00
-2.248000e+00 1.326501e+00
-2.240000e+00 1.330757e+00
-2.232000e+00 1.335123e+00
-2.224000e+00 1.339604e+00
-2.216000e+00 1.344206e+00
-2.208000e+00 1.348934e+00
-2.200000e+00 1.353794e+00
-2.192000e+00 1.358793e+00
-2.184000e+00 1.363939e+00
-2.176000e+00 1.369239e+00
-2.168000e+00 1.374702e+00
-2.160000e+00 1.380337e+00
-2.152000e+00 1.386154e+00
-2.144000e+00 1.392166e+00
-2.136000e+00 1.398384e+00
-2.128000e+00 1.404822e+00
-2.120000e+00 1.411497e+00
-2.112000e+00 1.418426e+00
-2.104000e+00 1.425629e+00
-2.096000e+00 1.433129e+00
-2.088000e+00 1.440952e+00
-2.080000e+00 1.449131e+00
-2.072000e+00 1.457702e+00
-2.064000e+00 1.466710e+00
-2.056000e+00 1.476211e+00
-2.048000e+00 1.486274e+00
-2.040000e+00 1.496992e+00
-2.032000e+00 1.508492e+00
-2.024000e+00 1.520963e+00
-2.016000e+00 1.534715e+00
-2.008000e+00 1.550382e+00
-2.000000e+00 0.000000e+00
-1.992000e+00 0.000000e+00
-1.984000e+00 0.000000e+00
-1.976000e+00 0.000000e+00
-1.968000e+00 0.000000e+00
-1.960000e+00 0.000000e+00
-1.952000e+00 0.000000e+00
-1.944000e+00 0.000000e+00
-1.936000e+00 0.000000e+00
-1.928000e+00 0.000000e+00
-1.920000e+00 0.000000e+00
-1.912000e+00 0.000000e+00
-1.904000e+00 0.000000e+00
-1.896000e+00 0.000000e+00
-1.888000e+00 0.000000e+00
-1.880000e+00 0.000000e+00
-1.872000e+00 0.000000e+00
-1.864000e+00 0.000000e+00
-1.856000e+00 0.000000e+00
-1.848000e+00 0.000000e+00
-1.840000e+00 0.000000e+00
-1.832000e+00 0.000000e+00
-1.824000e+00 0.000000e+00
-1.816000e+00 0.000000e+00
-1.808000e+00 0.000000e+00
-1.800000e+00 0.000000e+00
-1.792000e+00 0.000000e+00
-1.784000e+00 0.000000e+00
-1.776000e+00 0.000000e+00
-1.768000e+00 0.000000e+00
-1.760000e+00 0.000000e+00
-1.752000e+00 0.000000e+00
-1.744000e+00 0.000000e+00
-1.736000e+00 0.000000e+00
-1.728000e+00 0.000000e+00
-1.720000e+00 0.000000e+00
-1.712000e+00 0.000000e+00
-1.704000e+00 0.000000e+00
-1.696000e+00 0.000000e+00
-1.688000e+00 0.000000e+00
-1.680000e+00 0.000000e+00
-1.672000e+00 0.000000e+00
-1.664000e+00 0.000000e+00
-1.656000e+00 0.000000e+00
-1.648000e+00 0.000000e+00
-1.640000e+00 0.000000e+00
-1.632000e+00 0.000000e+00
-1.624000e+00 0.000000e+00
-1.616000e+00 0.000000e+00
-1.608000e+00 0.000000e+00
-1.600000e+00 0.000000e+00
-1.592000e+00 0.000000e+00
-1.584000e+00 0.000000e+00
-1.576000e+00 0.000000e+00
-1.568000e+00 0.000000e+00
-1.560000e+00 0.000000e+00
-1.552000e+00 0.000000e+00
-1.544000e+00 0.000000e+00
-1.536000e+00 0.000000e+00
-1.528000e+00 0.000000e+00
-1.520000e+00 0.000000e+00
-1.512000e+00 0.000000e+00
-1.504000e+00 0.000000e+00
-1.496000e+00 0.000000e+00
-1.488000e+00 0.000000e+00
-1.480000e+00 0.000000e+00
-1.472000e+00 0.000000e+00
-1.464000e+00 0.000000e+00
-1.456000e+00 0.000000e+00
-1.448000e+00 0.000000e+00
-1.440000e+00 0.000000e+00
-1.432000e+00 0.000000e+00
-1.424000e+00 0.000000e+00
-1.416000e+00 0.000000e+00
-1.408000e+00 0.000000e+00
-1.400000e+00 0.000000e+00
-1.392000e+00 0.000000e+00
-1.384000e+00 0.000000e+00
-1.376000e+00 0.000000e+00
-1.368000e+00 0.000000e+00
-1.360000e+00 0.000000e+00
-1.352000e+00 0.000000e+00
-1.344000e+00 0.000000e+00
-1.336000e+00 0.000000e+00
-1.328000e+00 0.000000e+00
-1.320000e+00 0.000000e+00
-1.312000e+00 0.000000e+00
-1.304000e+00 0.000000e+00
-1.296000e+00 0.000000e+00
-1.288000e+00 0.000000e+00
-1.280000e+00 0.000000e+00
-1.272000e+00 0.000000e+00
-1.264000e+00 0.000000e+00
-1.256000e+00 0.000000e+00
-1.248000e+00 0.000000e+00
-1.240000e+00 0.000000e+00
-1.232000e+00 0.000000e+00
-1.224000e+00 0.000000e+00
-1.216000e+00 0.000000e+00
-1.208000e+00 0.000000e+00
-1.200000e+00 0.000000e+00
-1.192000e+00 0.000000e+00
-1.184000e+00 0.000000e+00
-1.176000e+00 0.000000e+00
-1.168000e+00 0.000000e+00
-1.160000e+00 0.000000e+00
-1.152000e+00 0.000000e+00
-1.144000e+00 0.000000e+00
-1.136000e+00 0.000000e+00
-1.128000e+00 0.000000e+00
-1.120000e+00 0.000000e+00
-1.112000e+00 0.000000e+00
-1.104000e+00 0.000000e+00
-1.096000e+00 0.000000e+00
-1.088000e+00 0.000000e+00
-1.080000e+00 0.000000e+00
-1.072000e+00 0.000000e+00
-1.064000e+00 0.000000e+00
-1.056000e+00 0.000000e+00
-1.048000e+00 0.000000e+00
-1.040000e+00 0.000000e+00
-1.032000e+00 0.000000e+00
-1.024000e+00 0.000000e+00
-1.016000e+00 0.000000e+00
-1.008000e+00 0.000000e+00
-1.000000e+00 0.000000e+00
-9.920000e-01 0.000000e+00
-9.840000e-01 0.000000e+00
-9.760000e-01 0.000000e+00
-9.680000e-01 0.000000e+00
-9.600000e-01 0.000000e+00
-9.520000e-01 0.000000e+00
-9.440000e-01 0.000000e+00
-9.360000e-01 0.000000e+00
-9.280000e-01 0.000000e+00
-9.200000e-01 0.000000e+00
-9.120000e-01 0.000000e+00
-9.040000e-01 0.000000e+00
-8.960000e-01 0.000000e+00
-8.880000e-01 0.000000e+00
-8.800000e-01 0.000000e+00
-8.720000e-01 0.000000e+00
-8.640000e-01 0.000000e+00
-8.560000e-01 0.000000e+00
-8.480000e-01 0.000000e+00
-8.400000e-01 0.000000e+00
-8.320000e-01 0.000000e+00
-8.240000e-01 0.000000e+00
-8.160000e-01 0.000000e+00
-8.080000e-01 0.000000e+00
-8.000000e-01 0.000000e+00
-7.920000e-01 0.000000e+00
-7.840000e-01 0.000000e+00
-7.760000e-01 0.000000e+00
-7.680000e-01 0.000000e+00
-7.600000e-01 0.000000e+00
-7.520000e-01 0.000000e+00
-7.440000e-01 0.000000e+00
-7.360000e-01 0.000000e+00
-7.280000e-01 0.000000e+00
-7.200000e-01 0.000000e+00
-7.120000e-01 0.000000e+00
-7.040000e-01 0.000000e+00
-6.960000e-01 0.000000e+00
-6.880000e-01 0.000000e+00
-6.800000e-01 0.000000e+00
-6.720000e-01 0.000000e+00
-6.640000e-01 0.000000e+00
-6.560000e-01 0.000000e+00
-6.480000e-01 0.000000e+00
-6.400000e-01 0.000000e+00
-6.320000e-01 0.000000e+00
-6.240000e-01 0.000000e+00
-6.160000e-01 0.000000e+00
-6.080000e-01 0.000000e+00
-6.000000e-01 0.000000e+00
-5.920000e-01 0.000000e+00
-5.840000e-01 0.000000e+00
-5.760000e-01 0.000000e+00
-5.680000e-01 0.000000e+00
-5.600000e-01 0.000000e+00
-5.520000e-01 0.000000e+00
-5.440000e-01 0.000000e+00
-5.360000e-01 0.000000e+00
-5.280000e-01 0.000000e+00
-5.200000e-01 0.000000e+00
-5.120000e-01 0.000000e+00
-5.040000e-01 0.000000e+00
-4.960000e-01 0.000000e+00
-4.880000e-01 0.000000e+00
-4.800000e-01 0.000000e+00
-4.720000e-01 0.000000e+00
-4.640000e-01 0.000000e+00
-4.560000e-01 0.000000e+00
-4.480000e-01 0.000000e+00
-4.400000e-01 0.000000e+00
-4.320000e-01 0.000000e+00
-4.240000e-01 0.000000e+00
-4.160000e-01 0.000000e+00
-4.080000e-01 0.000000e+00
-4.000000e-01 0.000000e+00
-3.920000e-01 0.000000e+00
-3.840000e-01 0.000000e+00
-3.760000e-01 0.000000e+00
-3.680000e-01 0.000000e+00
-3.600000e-01 0.000000e+00
-3.520000e-01 0.000000e+00
-3.440000e-01 0.000000e+00
-3.360000e-01 0.000000e+00
-3.280000e-01 0.000000e+00
-3.200000e-01 0.000000e+00
-3.120000e-01 0.000000e+00
-3.040000e-01 0.000000e+00
-2.960000e-01 0.000000e+00
-2.880000e-01 0.000000e+00
-2.800000e-01 0.000000e+00
-2.720000e-01 0.000000e+00
-2.640000e-01 0.000000e+00
-2.560000e-01 0.000000e+00
-2.480000e-01 0.000000e+00
-2.400000e-01 0.000000e+00
-2.320000e-01 0.000000e+00
-2.240000e-01 0.000000e+00
-2.160000e-01 0.000000e+00
-2.080000e-01 0.000000e+00
-2.000000e-01 0.000000e+00
-1.920000e-01 0.000000e+00
-1.840000e-01 0.000000e+00
-1.760000e-01 0.000000e+00
-1.680000e-01 0.000000e+00
-1.600000e-01 0.000000e+00
-1.520000e-01 0.000000e+00
-1.440000e-01 0.000000e+00
-1.360000e-01 0.000000e+00
-1.280000e-01 0.000000e+00
-1.200000e-01 0.000000e+00
-1.120000e-01 0.000000e+00
-1.040000e-01 0.000000e+00
-9.600000e-02 0.000000e+00
-8.800000e-02 0.000000e+00
-8.000000e-02 0.000000e+00
-7.200000e-02 0.000000e+00
-6.400000e-02 0.000000e+00
-5.600000e-02 0.000000e+00
-4.800000e-02 0.000000e+00
-4.000000e-02 0.000000e+00
-3.200000e-02 0.000000e+00
-2.400000e-02 0.000000e+00
-1.600000e-02 0.000000e+00
-8.000000e-03 0.000000e+00
0.000000e+00 0.000000e+00
8.000000e-03 0.000000e+00
1.600000e-02 0.000000e+00
2.400000e-02 0.000000e+00
3.200000e-02 0.000000e+00
4.000000e-02 0.000000e+00
4.800000e-02 0.000000e+00
5.600000e-02 0.000000e+00
6.400000e-02 0.000000e+00
7.200000e-02 0.000000e+00
8.000000e-02 0.000000e+00
8.800000e-02 0.000000e+00
9.600000e-02 0.000000e+00
1.040000e-01 0.000000e+00
1.120000e-01 0.000000e+00
1.200000e-01 0.000000e+00
1.280000e-01 0.000000e+00
1.360000e-01 0.000000e+00
1.440000e-01 0.000000e+00
1.520000e-01 0.000000e+00
1.600000e-01 0.000000e+00
1.680000e-01 0.000000e+00
1.760000e-01 0.000000e+00
1.840000e-01 0.000000e+00
1.920000e-01 0.000000e+00
2.000000e-01 0.000000e+00
2.080000e-01 0.000000e+00
2.160000e-01 0.000000e+00
2.240000e-01 0.000000e+00
2.320000e-01 0.000000e+00
2.400000e-01 0.000000e+00
2.480000e-01 0.000000e+00
2.560000e-01 0.000000e+00
2.640000e-01 0.000000e+00
2.720000e-01 0.000000e+00
2.800000e-01 0.000000e+00
2.880000e-01 0.000000e+00
2.960000e-01 0.000000e+00
3.040000e-01 0.000000e+00
3.120000e-01 0.000000e+00
3.200000e-01 0.000000e+00
3.280000e-01 0.000000e+00
3.360000e-01 0.000000e+00
3.440000e-01 0.000000e+00
3.520000e-01 0.000000e+00
3.600000e-01 0.000000e+00
3.680000e-01 0.000000e+00
3.760000e-01 0.000000e+00
3.840000e-01 0.000000e+00
3.920000e-01 0.000000e+00
4.000000e-01 0.000000e+00
4.080000e-01 0.000000e+00
4.160000e-01 0.000000e+00
4.240000e-01 0.000000e+00
4.320000e-01 0.000000e+00
4.400000e-01 0.000000e+00
4.480000e-01 0.000000e+00
4.560000e-01 0.000000e+00
4.640000e-01 0.000000e+00
4.720000e-01 0.000000e+00
4.800000e-01 0.000000e+00
4.880000e-01 0.000000e+00
4.960000e-01 0.000000e+00
5.040000e-01 0.000000e+00
5.120000e-01 0.000000e+00
5.200000e-01 0.000000e+00
5.280000e-01 0.000000e+00
5.360000e-01 0.000000e+00
5.440000e-01 0.000000e+00
5.520000e-01 0.000000e+00
5.600000e-01 0.000000e+00
5.680000e-01 0.000000e+00
5.760000e-01 0.000000e+00
5.840000e-01 0.000000e+00
5.920000e-01 0.000000e+00
6.000000e-01 0.000000e+00
6.080000e-01 0.000000e+00
6.160000e-01 0.000000e+00
6.240000e-01 0.000000e+00
6.320000e-01 0.000000e+00
6.400000e-01 0.000000e+00
6.480000e-01 0.000000e+00
6.560000e-01 0.000000e+00
6.640000e-01 0.000000e+00
6.720000e-01 0.000000e+00
6.800000e-01 0.000000e+00
6.880000e-01 0.000000e+00
6.960000e-01 0.000000e+00
7.040000e-01 0.000000e+00
7.120000e-01 0.000000e+00
7.200000e-01 0.000000e+00
7.280000e-01 0.000000e+00
7.360000e-01 0.000000e+00
7.440000e-01 0.000000e+00
7.520000e-01 0.000000e+00
7.600000e-01 0.000000e+00
7.680000e-01 0.000000e+00
7.760000e-01 0.000000e+00
7.840000e-01 0.000000e+00
7.920000e-01 0.000000e+00
8.000000e-01 0.000000e+00
8.080000e-01 0.000000e+00
8.160000e-01 0.000000e+00
8.240000e-01 0.000000e+00
8.320000e-01 0.000000e+00
8.400000e-01 0.000000e+00
8.480000e-01 0.000000e+00
8.560000e-01 0.000000e+00
8.640000e-01 0.000000e+00
8.720000e-01 0.000000e+00
8.800000e-01 0.000000e+00
8.880000e-01 0.000000e+00
8.960000e-01 0.000000e+00
9.040000e-01 0.000000e+00
9.120000e-01 0.000000e+00
9.200000e-01 0.000000e+00
9.280000e-01 0.000000e+00
9.360000e-01 0.000000e+00
9.440000e-01 0.000000e+00
9.520000e-01 0.000000e+00
9.600000e-01 0.000000e+00
9.680000e-01 0.000000e+00
9.760000e-01 0.000000e+00
9.840000e-01 0.000000e+00
9.920000e-01 0.000000e+00
1.000000e+00 0.000000e+00
1.008000e+00 0.000000e+00
1.016000e+00 0.000000e+00
1.024000e+00 0.000000e+00
1.032000e+00 0.000000e+00
1.040000e+00 0.000000e+00
1.048000e+00 0.000000e+00
1.056000e+00 0.000000e+00
1.064000e+00 0.000000e+00
1.072000e+00 0.000000e+00
1.080000e+00 0.000000e+00
1.088000e+00 0.000000e+00
1.096000e+00 0.000000e+00
1.104000e+00 0.000000e+00
1.112000e+00 0.000000e+00
1.120000e+00 0.000000e+00
1.128000e+00 0.000000e+00
1.136000e+00 0.000000e+00
1.144000e+00 0.000000e+00
1.152000e+00 0.000000e+00
1.160000e+00 0.000000e+00
1.168000e+00 0.000000e+00
1.176000e+00 0.000000e+00
1.184000e+00 0.000000e+00
1.192000e+00 0.000000e+00
1.200000e+00 0.000000e+00
1.208000e+00 0.000000e+00
1.216000e+00 0.000000e+00
1.224000e+00 0.000000e+00
1.232000e+00 0.000000e+00
1.240000e+00 0.000000e+00
1.248000e+00 0.000000e+00
1.256000e+00 0.000000e+00
1.264000e+00 0.000000e+00
1.272000e+00 0.000000e+00
1.280000e+00 0.000000e+00
1.288000e+00 0.000000e+00
1.296000e+00 0.000000e+00
1.304000e+00 0.000000e+00
1.312000e+00 0.000000e+00
1.320000e+00 0.000000e+00
1.328000e+00 0.000000e+00
1.336000e+00 0.000000e+00
1.344000e+00 0.000000e+00
1.352000e+00 0.000000e+00
1.360000e+00 0.000000e+00
1.368000e+00 0.000000e+00
1.376000e+00 0.000000e+00
1.384000e+00 0.000000e+00
1.392000e+00 0.000000e+00
1.400000e+00 0.000000e+00
1.408000e+00 0.000000e+00
1.416000e+00 0.000000e+00
1.424000e+00 0.000000e+00
1.432000e+00 0.000000e+00
1.440000e+00 0.000000e+00
1.448000e+00 0.000000e+00
1.456000e+00 0.000000e+00
1.464000e+00 0.000000e+00
1.472000e+00 0.000000e+00
1.480000e+00 0.000000e+00
1.488000e+00 0.000000e+00
1.496000e+00 0.000000e+00
1.504000e+00 0.000000e+00
1.512000e+00 0.000000e+00
1.520000e+00 0.000000e+00
1.528000e+00 0.000000e+00
1.536000e+00 0.000000e+00
1.544000e+00 0.000000e+00
1.552000e+00 0.000000e+00
1.560000e+00 0.000000e+00
1.568000e+00 0.000000e+00
1.576000e+00 0.000000e+00
1.584000e+00 0.000000e+00
1.592000e+00 0.000000e+00
1.600000e+00 0.000000e+00
1.608000e+00 0.000000e+00
1.616000e+00 0.000000e+00
1.624000e+00 0.000000e+00
1.632000e+00 0.000000e+00
1.640000e+00 0.000000e+00
1.648000e+00 0.000000e+00
1.656000e+00 0.000000e+00
1.664000e+00 0.000000e+00
1.672000e+00 0.000000e+00
1.680000e+00 0.000000e+00
1.688000e+00 0.000000e+00
1.696000e+00 0.000000e+00
1.704000e+00 0.000000e+00
1.712000e+00 0.000000e+00
1.720000e+00 0.000000e+00
1.728000e+00 0.000000e+00
1.736000e+00 0.000000e+00
1.744000e+00 0.000000e+00
1.752000e+00 0.000000e+00
1.760000e+00 0.000000e+00
1.768000e+00 0.000000e+00
1.776000e+00 0.000000e+00
1.784000e+00 0.000000e+00
1.792000e+00 0.000000e+00
1.800000e+00 0.000000e+00
1.808000e+00 0.000000e+00
1.816000e+00 0.000000e+00
1.824000e+00 0.000000e+00
1.832000e+00 0.000000e+00
1.840000e+00 0.000000e+00
1.848000e+00 0.000000e+00
1.856000e+00 0.000000e+00
1.864000e+00 0.000000e+00
1.872000e+00 0.000000e+00
1.880000e+00 0.000000e+00
1.888000e+00 0.000000e+00
1.896000e+00 0.000000e+00
1.904000e+00 0.000000e+00
1.912000e+00 0.000000e+00
1.920000e+00 0.000000e+00
1.928000e+00 0.000000e+00
1.936000e+00 0.000000e+00
1.944000e+00 0.000000e+00
1.952000e+00 0.000000e+00
1.960000e+00 0.000000e+00
1.968000e+00 0.000000e+00
1.976000e+00 0.000000e+00
1.984000e+00 0.000000e+00
1.992000e+00 0.000000e+00
2.000000e+00 0.000000e+00
2.008000e+00 1.550382e+00
2.016000e+00 1.534715e+00
2.024000e+00 1.520963e+00
2.032000e+00 1.508492e+00
2.040000e+00 1.496992e+00
2.048000e+00 1.486274e+00
2.056000e+00 1.476211e+00
2.064000e+00 1.466710e+00
2.072000e+00 1.457702e+00
2.080000e+00 1.449131e+00
2.088000e+00 1.440952e+00
2.096000e+00 1.433129e+00
2.104000e+00 1.425629e+00
2.112000e+00 1.418426e+00
2.120000e+00 1.411497e+00
2.128000e+00 1.404822e+00
2.136000e+00 1.398384e+00
2.144000e+00 1.392166e+00
2.152000e+00 1.386154e+00
2.160000e+00 1.380337e+00
2.168000e+00 1.374702e+00
2.176000e+00 1.369239e+00
2.184000e+00 1.363939e+00
2.192000e+00 1.358793e+00
2.200000e+00 1.353794e+00
2.208000e+00 1.348934e+00
2.216000e+00 1.344206e+00
2.224000e+00 1.339604e+00
2.232000e+00 1.335123e+00
2.240000e+00 1.330757e+00
2.248000e+00 1.326501e+00
2.256000e+00 1.322350e+00
2.264000e+00 1.318301e+00
2.272000e+00 1.314348e+00
2.280000e+00 1.310488e+00
2.288000e+00 1.306718e+00
2.296000e+00 1.303034e+00
2.304000e+00 1.299433e+00
2.312000e+00 1.295911e+00
2.320000e+00 1.292467e+00
2.328000e+00 1.289096e+00
2.336000e+00 1.285798e+00
2.344000e+00 1.282568e+00
2.352000e+00 1.279405e+00
2.360000e+00 1.276307e+00
2.368000e+00 1.273271e+00
2.376000e+00 1.270296e+00
2.384000e+00 1.267380e+00
2.392000e+00 1.264520e+00
2.400000e+00 1.261715e+00
2.408000e+00 1.258964e+00
2.416000e+00 1.256264e+00
2.424000e+00 1.253614e+00
2.432000e+00 1.251014e+00
2.440000e+00 1.248461e+00
2.448000e+00 1.245953e+00
2.456000e+00 1.243491e+00
2.464000e+00 1.241072e+00
2.472000e+00 1.238695e+00
2.480000e+00 1.236360e+00
2.488000e+00 1.234064e+00
2.496000e+00 1.231808e+00
2.504000e+00 1.229590e+00
2.512000e+00 1.227408e+00
2.520000e+00 1.225263e+00
2.528000e+00 1.223153e+00
2.536000e+00 1.221077e+00
2.544000e+00 1.219034e+00
2.552000e+00 1.217025e+00
2.560000e+00 1.215047e+00
2.568000e+00 1.213100e+00
2.576000e+00 1.211183e+00
2.584000e+00 1.209296e+00
2.592000e+00 1.207438e+00
2.600000e+00 1.205608e+00
2.608000e+00 1.203806e+00
2.616000e+00 1.202031e+00
2.624000e+00 1.200282e+00
2.632000e+00 1.198559e+00
2.640000e+00 1.196861e+00
2.648000e+00 1.195188e+00
2.656000e+00 1.193538e+00
2.664000e+00 1.191913e+00
2.672000e+00 1.190310e+00
2.680000e+00 1.188731e+00
2.688000e+00 1.187173e+00
2.696000e+00 1.185637e+00
2.704000e+00 1.184122e+00
2.712000e+00 1.182628e+00
2.720000e+00 1.181155e+00
2.728000e+00 1.179701e+00
2.736000e+00 1.178267e+00
2.744000e+00 1.176852e+00
2.752000e+00 1.175456e+00
2.760000e+00 1.174078e+00
2.768000e+00 1.172719e+00
2.776000e+00 1.171377e+00
2.784000e+00 1.170052e+00
2.792000e+00 1.168745e+00
2.800000e+00 1.167454e+00
2.808000e+00 1.166180e+00
2.816000e+00 1.164921e+00
2.824000e+00 1.163679e+00
2.832000e+00 1.162452e+00
2.840000e+00 1.161240e+00
2.848000e+00 1.160044e+00
2.856000e+00 1.158862e+00
2.864000e+00 1.157694e+00
2.872000e+00 1.156541e+00
2.880000e+00 1.155401e+00
2.888000e+00 1.154275e+00
2.896000e+00 1.153163e+00
2.904000e+00 1.152063e+00
2.912000e+00 1.150977e+00
2.920000e+00 1.149904e+00
2.928000e+00 1.148843e+00
2.936000e+00 1.147794e+00
2.944000e+00 1.146757e+00
2.952000e+00 1.145733e+00
2.960000e+00 1.144720e+00
2.968000e+00 1.143718e+00
2.976000e+00 1.142728e+00
2.984000e+00 1.141749e+00
2.992000e+00 1.140781e+00
3.000000e+00 1.139824e+00
3.008000e+00 1.138878e+00
3.016000e+00 1.137942e+00
3.024000e+00 1.137016e+00
3.032000e+00 1.136100e+00
3.040000e+00 1.135194e+00
3.048000e+00 1.134298e+00
3.056000e+00 1.133412e+00
3.064000e+00 1.132535e+00
3.072000e+00 1.131668e+00
3.080000e+00 1.130809e+00
3.088000e+00 1.129960e+00
3.096000e+00 1.129120e+00
3.104000e+00 1.128288e+00
3.112000e+00 1.127466e+00
3.120000e+00 1.126651e+00
3.128000e+00 1.125845e+00
3.136000e+00 1.125048e+00
3.144000e+00 1.124258e+00
3.152000e+00 1.123477e+00
3.160000e+00 1.122704e+00
3.168000e+00 1.121938e+00
3.176000e+00 1.121180e+00
3.184000e+00 1.120430e+00
3.192000e+00 1.119687e+00
3.200000e+00 1.118951e+00
3.208000e+00 1.118223e+00
3.216000e+00 1.117502e+00
3.224000e+00 1.116788e+00
3.232000e+00 1.116081e+00
3.240000e+00 1.115381e+00
3.248000e+00 1.114687e+00
3.256000e+00 1.114001e+00
3.264000e+00 1.113321e+00
3.272000e+00 1.112647e+00
3.280000e+00 1.111980e+00
3.288000e+00 1.111319e+00
3.296000e+00 1.110664e+00
3.304000e+00 1.110016e+00
3.312000e+00 1.109374e+00
3.320000e+00 1.108737e+00
3.328000e+00 1.108107e+00
3.336000e+00 1.107482e+00
3.344000e+00 1.106863e+00
3.352000e+00 1.106250e+00
3.360000e+00 1.105643e+00
3.368000e+00 1.105041e+00
3.376000e+00 1.104444e+00
3.384000e+00 1.103853e+00
3.392000e+00 1.103267e+00
3.400000e+00 1.102686e+00
3.408000e+00 1.102111e+00
3.416000e+00 1.101541e+00
3.424000e+00 1.100976e+00
3.432000e+00 1.100416e+00
3.440000e+00 1.099860e+00
3.448000e+00 1.099310e+00
3.456000e+00 1.098764e+00
3.464000e+00 1.098224e+00
3.472000e+00 1.097688e+00
3.480000e+00 1.097156e+00
3.488000e+00 1.096629e+00
3.496000e+00 1.096107e+00
3.504000e+00 1.095589e+00
3.512000e+00 1.095076e+00
3.520000e+00 1.094567e+00
3.528000e+00 1.094062e+00
3.536000e+00 1.093562e+00
3.544000e+00 1.093065e+00
3.552000e+00 1.092573e+00
3.560000e+00 1.092085e+00
3.568000e+00 1.091601e+00
3.576000e+00 1.091122e+00
3.584000e+00 1.090646e+00
3.592000e+00 1.090174e+00
3.600000e+00 1.089706e+00
3.608000e+00 1.089241e+00
3.616000e+00 1.088781e+00
3.624000e+00 1.088324e+00
3.632000e+00 1.087871e+00
3.640000e+00 1.087422e+00
3.648000e+00 1.086976e+00
3.656000e+00 1.086534e+00
3.664000e+00 1.086095e+00
3.672000e+00 1.085660e+00
3.680000e+00 1.085229e+00
3.688000e+00 1.084801e+00
3.696000e+00 1.084376e+00
3.704000e+00 1.083954e+00
3.712000e+00 1.083536e+00
3.720000e+00 1.083121e+00
3.728000e+00 1.082710e+00
3.736000e+00 1.082301e+00
3.744000e+00 1.081896e+00
3.752000e+00 1.081494e+00
3.760000e+00 1.081095e+00
3.768000e+00 1.080699e+00
3.776000e+00 1.080306e+00
3.784000e+00 1.079916e+00
3.792000e+00 1.079529e+00
3.800000e+00 1.079145e+00
3.808000e+00 1.078764e+00
3.816000e+00 1.078386e+00
3.824000e+00 1.078011e+00
3.832000e+00 1.077638e+00
3.840000e+00 1.077268e+00
3.848000e+00 1.076901e+00
3.856000e+00 1.076537e+00
3.864000e+00 1.076175e+00
3.872000e+00 1.075817e+00
3.880000e+00 1.075460e+00
3.888000e+00 1.075107e+00
3.896000e+00 1.074756e+00
3.904000e+00 1.074407e+00
3.912000e+00 1.074061e+00
3.920000e+00 1.073718e+00
3.928000e+00 1.073377e+00
3.936000e+00 1.073039e+00
3.944000e+00 1.072703e+00
3.952000e+00 1.072369e+00
3.960000e+00 1.072038e+00
3.968000e+00 1.071709e+00
3.976000e+00 1.071382e+00
3.984000e+00 1.071058e+00
3.992000e+00 1.070736e+00
4.000000e+00 1.070417e+00
4.008000e+00 1.070100e+00
4.016000e+00 1.069784e+00
4.024000e+00 1.069472e+00
4.032000e+00 1.069161e+00
4.040000e+00 1.068852e+00
4.048000e+00 1.068546e+00
4.056000e+00 1.068242e+00
4.064000e+00 1.067940e+00
4.072000e+00 1.067639e+00
4.080000e+00 1.067341e+00
4.088000e+00 1.067045e+00
4.096000e+00 1.066752e+00
4.104000e+00 1.066460e+00
4.112000e+00 1.066170e+00
4.120000e+00 1.065882e+00
4.128000e+00 1.065596e+00
4.136000e+00 1.065312e+00
4.144000e+00 1.065029e+00
4.152000e+00 1.064749e+00
4.160000e+00 1.064471e+00
4.168000e+00 1.064194e+00
4.176000e+00 1.063920e+00
4.184000e+00 1.063647e+00
4.192000e+00 1.063376e+00
4.200000e+00 1.063106e+00
4.208000e+00 1.062839e+00
4.216000e+00 1.062573e+00
4.224000e+00 1.062309e+00
4.232000e+00 1.062047e+00
4.240000e+00 1.061786e+00
4.248000e+00 1.061528e+00
4.256000e+00 1.061270e+00
4.264000e+00 1.061015e+00
4.272000e+00 1.060761e+00
4.280000e+00 1.060509e+00
4.288000e+00 1.060258e+00
4.296000e+00 1.060009e+00
4.304000e+00 1.059762e+00
4.312000e+00 1.059516e+00
4.320000e+00 1.059272e+00
4.328000e+00 1.059029e+00
4.336000e+00 1.058788e+00
4.344000e+00 1.058549e+00
4.352000e+00 1.058311e+00
4.360000e+00 1.058074e+00
4.368000e+00 1.057839e+00
4.376000e+00 1.057605e+00
4.384000e+00 1.057373e+00
4.392000e+00 1.057143e+00
4.400000e+00 1.056913e+00
4.408000e+00 1.056685e+00
4.416000e+00 1.056459e+00
4.424000e+00 1.056234e+00
4.432000e+00 1.056010e+00
4.440000e+00 1.055788e+00
4.448000e+00 1.055567e+00
4.456000e+00 1.055348e+00
4.464000e+00 1.055129e+00
4.472000e+00 1.054913e+00
4.480000e+00 1.054697e+00
4.488000e+00 1.054483e+00
4.496000e+00 1.054270e+00
4.504000e+00 1.054058e+00
4.512000e+00 1.053848e+00
4.520000e+00 1.053639e+00
4.528000e+00 1.053431e+00
4.536000e+00 1.053224e+00
4.544000e+00 1.053019e+00
4.552000e+00 1.052815e+00
4.560000e+00 1.052612e+00
4.568000e+00 1.052410e+00
4.576000e+00 1.052209e+00
4.584000e+00 1.052010e+00
4.592000e+00 1.051812e+00
4.600000e+00 1.051615e+00
4.608000e+00 1.051419e+00
4.616000e+00 1.051224e+00
4.624000e+00 1.051031e+00
4.632000e+00 1.050838e+00
4.640000e+00 1.050647e+00
4.648000e+00 1.050457e+00
4.656000e+00 1.050268e+00
4.664000e+00 1.050080e+00
4.672000e+00 1.049893e+00
4.680000e+00 1.049707e+00
4.688000e+00 1.049522e+00
4.696000e+00 1.049338e+00
4.704000e+00 1.049155e+00
4.712000e+00 1.048974e+00
4.720000e+00 1.048793e+00
4.728000e+00 1.048614e+00
4.736000e+00 1.048435e+00
4.744000e+00 1.048258e+00
4.752000e+00 1.048081e+00
4.760000e+00 1.047905e+00
4.768000e+00 1.047731e+00
4.776000e+00 1.047557e+00
4.784000e+00 1.047385e+00
4.792000e+00 1.047213e+00
4.800000e+00 1.047042e+00
4.808000e+00 1.046873e+00
4.816000e+00 1.046704e+00
4.824000e+00 1.046536e+00
4.832000e+00 1.046369e+00
4.840000e+00 1.046203e+00
4.848000e+00 1.046038e+00
4.856000e+00 1.045874e+00
4.864000e+00 1.045710e+00
4.872000e+00 1.045548e+00
4.880000e+00 1.045386e+00
4.888000e+00 1.045226e+00
4.896000e+00 1.045066e+00
4.904000e+00 1.044907e+00
4.912000e+00 1.044749e+00
4.920000e+00 1.044592e+00
4.928000e+00 1.044436e+00
4.936000e+00 1.044280e+00
4.944000e+00 1.044125e+00
4.952000e+00 1.043972e+00
4.960000e+00 1.043819e+00
4.968000e+00 1.043667e+00
4.976000e+00 1.043515e+00
4.984000e+00 1.043365e+00
4.992000e+00 1.043215e+00
5.000000e+00 1.043066e+00
5.008000e+00 1.042918e+00
5.016000e+00 1.042770e+00
5.024000e+00 1.042624e+00
5.032000e+00 1.042478e+00
5.040000e+00 1.042333e+00
5.048000e+00 1.042188e+00
5.056000e+00 1.042045e+00
5.064000e+00 1.041902e+00
5.072000e+00 1.041760e+00
5.080000e+00 1.041619e+00
5.088000e+00 1.041478e+00
5.096000e+00 1.041338e+00
5.104000e+00 1.041199e+00
5.112000e+00 1.041061e+00
5.120000e+00 1.040923e+00
5.128000e+00 1.040786e+00
5.136000e+00 1.040650e+00
5.144000e+00 1.040514e+00
5.152000e+00 1.040379e+00
5.160000e+00 1.040245e+00
5.168000e+00 1.040111e+00
5.176000e+00 1.039979e+00
5.184000e+00 1.039846e+00
5.192000e+00 1.039715e+00
5.200000e+00 1.039584e+00
5.208000e+00 1.039454e+00
5.216000e+00 1.039324e+00
5.224000e+00 1.039196e+00
5.232000e+00 1.039067e+00
5.240000e+00 1.038940e+00
5.248000e+00 1.038813e+00
5.256000e+00 1.038686e+00
5.264000e+00 1.038561e+00
5.272000e+00 1.038436e+00
5.280000e+00 1.038311e+00
5.288000e+00 1.038188e+00
5.296000e+00 1.038064e+00
5.304000e+00 1.037942e+00
5.312000e+00 1.037820e+00
5.320000e+00 1.037698e+00
5.328000e+00 1.037578e+00
5.336000e+00 1.037457e+00
5.344000e+00 1.037338e+00
5.352000e+00 1.037219e+00
5.360000e+00 1.037100e+00
5.368000e+00 1.036982e+00
5.376000e+00 1.036865e+00
5.384000e+00 1.036748e+00
5.392000e+00 1.036632e+00
5.400000e+00 1.036517e+00
5.408000e+00 1.036402e+00
5.416000e+00 1.036287e+00
5.424000e+00 1.036173e+00
5.432000e+00 1.036060e+00
5.440000e+00 1.035947e+00
5.448000e+00 1.035835e+00
5.456000e+00 1.035723e+00
5.464000e+00 1.035612e+00
5.472000e+00 1.035501e+00
5.480000e+00 1.035391e+00
5.488000e+00 1.035281e+00
5.496000e+00 1.035172e+00
5.504000e+00 1.035063e+00
5.512000e+00 1.034955e+00
5.520000e+00 1.034848e+00
5.528000e+00 1.034741e+00
5.536000e+00 1.034634e+00
5.544000e+00 1.034528e+00
5.552000e+00 1.034422e+00
5.560000e+00 1.034317e+00
5.568000e+00 1.034213e+00
5.576000e+00 1.034108e+00
5.584000e+00 1.034005e+00
5.592000e+00 1.033902e+00
5.600000e+00 1.033799e+00
5.608000e+00 1.033697e+00
5.616000e+00 1.033595e+00
5.624000e+00 1.033494e+00
5.632000e+00 1.033393e+00
5.640000e+00 1.033293e+00
5.648000e+00 1.033193e+00
5.656000e+00 1.033093e+00
5.664000e+00 1.032994e+00
5.672000e+00 1.032896e+00
5.680000e+00 1.032798e+00
5.688000e+00 1.032700e+00
5.696000e+00 1.032603e+00
5.704000e+00 1.032506e+00
5.712000e+00 1.032410e+00
5.720000e+00 1.032314e+00
5.728000e+00 1.032219e+00
5.736000e+00 1.032124e+00
5.744000e+00 1.032029e+00
5.752000e+00 1.031935e+00
5.760000e+00 1.031841e+00
5.768000e+00 1.031748e+00
5.776000e+00 1.031655e+00
5.784000e+00 1.031563e+00
5.792000e+00 1.031471e+00
5.800000e+00 1.031379e+00
5.808000e+00 1.031288e+00
5.816000e+00 1.031197e+00
5.824000e+00 1.031107e+00
5.832000e+00 1.031017e+00
5.840000e+00 1.030927e+00
5.848000e+00 1.030838e+00
5.856000e+00 1.030749e+00
5.864000e+00 1.030660e+00
5.872000e+00 1.030572e+00
5.880000e+00 1.030485e+00
5.888000e+00 1.030397e+00
5.896000e+00 1.030310e+00
5.904000e+00 1.030224e+00
5.912000e+00 1.030138e+00
5.920000e+00 1.030052e+00
5.928000e+00 1.029967e+00
5.936000e+00 1.029882e+00
5.944000e+00 1.029797e+00
5.952000e+00 1.029713e+00
5.960000e+00 1.029629e+00
5.968000e+00 1.029545e+00
5.976000e+00 1.029462e+00
5.984000e+00 1.029379e+00
5.992000e+00 1.029296e+00
6.000000e+00 1.029214e+00
6.008000e+00 1.029132e+00
6.016000e+00 1.029051e+00
6.024000e+00 1.028970e+00
6.032000e+00 1.028889e+00
6.040000e+00 1.028809e+00
6.048000e+00 1.028729e+00
6.056000e+00 1.028649e+00
6.064000e+00 1.028569e+00
6.072000e+00 1.028490e+00
6.080000e+00 1.028412e+00
6.088000e+00 1.028333e+00
6.096000e+00 1.028255e+00
6.104000e+00 1.028177e+00
6.112000e+00 1.028100e+00
6.120000e+00 1.028023e+00
6.128000e+00 1.027946e+00
6.136000e+00 1.027870e+00
6.144000e+00 1.027794e+00
6.152000e+00 1.027718e+00
6.160000e+00 1.027642e+00
6.168000e+00 1.027567e+00
6.176000e+00 1.027492e+00
6.184000e+00 1.027418e+00
6.192000e+00 1.027343e+00
6.200000e+00 1.027269e+00
6.208000e+00 1.027196e+00
6.216000e+00 1.027122e+00
6.224000e+00 1.027049e+00
6.232000e+00 1.026977e+00
6.240000e+00 1.026904e+00
6.248000e+00 1.026832e+00
6.256000e+00 1.026760e+00
6.264000e+00 1.026689e+00
6.272000e+00 1.026617e+00
6.280000e+00 1.026546e+00
6.288000e+00 1.026476e+00
6.296000e+00 1.026405e+00
6.304000e+00 1.026335e+00
6.312000e+00 1.026265e+00
6.320000e+00 1.026196e+00
6.328000e+00 1.026126e+00
6.336000e+00 1.026057e+00
6.344000e+00 1.025989e+00
6.352000e+00 1.025920e+00
6.360000e+00 1.025852e+00
6.368000e+00 1.025784e+00
6.376000e+00 1.025716e+00
6.384000e+00 1.025649e+00
6.392000e+00 1.025582e+00
6.400000e+00 1.025515e+00
6.408000e+00 1.025449e+00
6.416000e+00 1.025382e+00
6.424000e+00 1.025316e+00
6.432000e+00 1.025250e+00
6.440000e+00 1.025185e+00
6.448000e+00 1.025120e+00
6.456000e+00 1.025055e+00
6.464000e+00 1.024990e+00
6.472000e+00 1.024925e+00
6.480000e+00 1.024861e+00
6.488000e+00 1.024797e+00
6.496000e+00 1.024734e+00
6.504000e+00 1.024670e+00
6.512000e+00 1.024607e+00
6.520000e+00 1.024544e+00
6.528000e+00 1.024481e+00
6.536000e+00 1.024419e+00
6.544000e+00 1.024356e+00
6.552000e+00 1.024294e+00
6.560000e+00 1.024233e+00
6.568000e+00 1.024171e+00
6.576000e+00 1.024110e+00
6.584000e+00 1.024049e+00
6.592000e+00 1.023988e+00
6.600000e+00 1.023927e+00
6.608000e+00 1.023867e+00
6.616000e+00 1.023807e+00
6.624000e+00 1.023747e+00
6.632000e+00 1.023687e+00
6.640000e+00 1.023628e+00
6.648000e+00 1.023568e+00
6.656000e+00 1.023509e+00
6.664000e+00 1.023451e+00
6.672000e+00 1.023392e+00
6.680000e+00 1.023334e+00
6.688000e+00 1.023276e+00
6.696000e+00 1.023218e+00
6.704000e+00 1.023160e+00
6.712000e+00 1.023103e+00
6.720000e+00 1.023045e+00
6.728000e+00 1.022988e+00
6.736000e+00 1.022932e+00
6.744000e+00 1.022875e+00
6.752000e+00 1.022819e+00
6.760000e+00 1.022762e+00
6.768000e+00 1.022707e+00
6.776000e+00 1.022651e+00
6.784000e+00 1.022595e+00
6.792000e+00 1.022540e+00
6.800000e+00 1.022485e+00
6.808000e+00 1.022430e+00
6.816000e+00 1.022375e+00
6.824000e+00 1.022321e+00
6.832000e+00 1.022266e+00
6.840000e+00 1.022212e+00
6.848000e+00 1.022158e+00
6.856000e+00 1.022105e+00
6.864000e+00 1.022051e+00
6.872000e+00 1.021998e+00
6.880000e+00 1.021945e+00
6.888000e+00 1.021892e+00
6.896000e+00 1.021839e+00
6.904000e+00 1.021786e+00
6.912000e+00 1.021734e+00
6.920000e+00 1.021682e+00
6.928000e+00 1.021630e+00
6.936000e+00 1.021578e+00
6.944000e+00 1.021527e+00
6.952000e+00 1.021475e+00
6.960000e+00 1.021424e+00
6.968000e+00 1.021373e+00
6.976000e+00 1.021322e+00
6.984000e+00 1.021271e+00
6.992000e+00 1.021221e+00
7.000000e+00 1.021171e+00
7.008000e+00 1.021120e+00
7.016000e+00 1.021070e+00
7.024000e+00 1.021021e+00
7.032000e+00 1.020971e+00
7.040000e+00 1.020922e+00
7.048000e+00 1.020873e+00
7.056000e+00 1.020823e+00
7.064000e+00 1.020775e+00
7.072000e+00 1.020726e+00
7.080000e+00 1.020677e+00
7.088000e+00 1.020629e+00
7.096000e+00 1.020581e+00
7.104000e+00 1.020533e+00
7.112000e+00 1.020485e+00
7.120000e+00 1.020437e+00
7.128000e+00 1.020390e+00
7.136000e+00 1.020342e+00
7.144000e+00 1.020295e+00
7.152000e+00 1.020248e+00
7.160000e+00 1.020201e+00
7.168000e+00 1.020155e+00
7.176000e+00 1.020108e+00
7.184000e+00 1.020062e+00
7.192000e+00 1.020016e+00
7.200000e+00 1.019970e+00
7.208000e+00 1.019924e+00
7.216000e+00 1.019878e+00
7.224000e+00 1.019832e+00
7.232000e+00 1.019787e+00
7.240000e+00 1.019742e+00
7.248000e+00 1.019697e+00
7.256000e+00 1.019652e+00
7.264000e+00 1.019607e+00
7.272000e+00 1.019562e+00
7.280000e+00 1.019518e+00
7.288000e+00 1.019474e+00
7.296000e+00 1.019429e+00
7.304000e+00 1.019385e+00
7.312000e+00 1.019342e+00
7.320000e+00 1.019298e+00
7.328000e+00 1.019254e+00
7.336000e+00 1.019211e+00
7.344000e+00 1.019168e+00
7.352000e+00 1.019125e+00
7.360000e+00 1.019082e+00
7.368000e+00 1.019039e+00
7.376000e+00 1.018996e+00
7.384000e+00 1.018954e+00
7.392000e+00 1.018911e+00
7.400000e+00 1.018869e+00
7.408000e+00 1.018827e+00
7.416000e+00 1.018785e+00
7.424000e+00 1.018743e+00
7.432000e+00 1.018701e+00
7.440000e+00 1.018660e+00
7.448000e+00 1.018619e+00
7.456000e+00 1.018577e+00
7.464000e+00 1.018536e+00
7.472000e+00 1.018495e+00
7.480000e+00 1.018454e+00
7.488000e+00 1.018414e+00
7.496000e+00 1.018373e+00
7.504000e+00 1.018333e+00
7.512000e+00 1.018292e+00
7.520000e+00 1.018252e+00
7.528000e+00 1.018212e+00
7.536000e+00 1.018172e+00
7.544000e+00 1.018133e+00
7.552000e+00 1.018093e+00
7.560000e+00 1.018053e+00
7.568000e+00 1.018014e+00
7.576000e+00 1.017975e+00
7.584000e+00 1.017936e+00
7.592000e+00 1.017897e+00
7.600000e+00 1.017858e+00
7.608000e+00 1.017819e+00
7.616000e+00 1.017781e+00
7.624000e+00 1.017742e+00
7.632000e+00 1.017704e+00
7.640000e+00 1.017666e+00
7.648000e+00 1.017627e+00
7.656000e+00 1.017589e+00
7.664000e+00 1.017552e+00
7.672000e+00 1.017514e+00
7.680000e+00 1.017476e+00
7.688000e+00 1.017439e+00
7.696000e+00 1.017401e+00
7.704000e+00 1.017364e+00
7.712000e+00 1.017327e+00
7.720000e+00 1.017290e+00
7.728000e+00 1.017253e+00
7.736000e+00 1.017216e+00
7.744000e+00 1.017180e+00
7.752000e+00 1.017143e+00
7.760000e+00 1.017107e+00
7.768000e+00 1.017071e+00
7.776000e+00 1.017034e+00
7.784000e+00 1.016998e+00
7.792000e+00 1.016962e+00
7.800000e+00 1.016927e+00
7.808000e+00 1.016891e+00
7.816000e+00 1.016855e+00
7.824000e+00 1.016820e+00
7.832000e+00 1.016785e+00
7.840000e+00 1.016749e+00
7.848000e+00 1.016714e+00
7.856000e+00 1.016679e+00
7.864000e+00 1.016644e+00
7.872000e+00 1.016609e+00
7.880000e+00 1.016575e+00
7.888000e+00 1.016540e+00
7.896000e+00 1.016506e+00
7.904000e+00 1.016471e+00
7.912000e+00 1.016437e+00
7.920000e+00 1.016403e+00
7.928000e+00 1.016369e+00
7.936000e+00 1.016335e+00
7.944000e+00 1.016301e+00
7.952000e+00 1.016267e+00
7.960000e+00 1.016234e+00
7.968000e+00 1.016200e+00
7.976000e+00 1.016167e+00
7.984000e+00 1.016133e+00
7.992000e+00 1.016100e+00
8.000000e+00 1.016067e+00
