0.000000e+00 1.608254e+01 9.795765e+00 5.334386e+01 1.780521e+01 5.648006e-01 8.916259e-01
1.956947e-03 1.635816e+01 9.817303e+00 5.457636e+01 1.744589e+01 5.714021e-01 8.698983e-01
3.913894e-03 1.659132e+01 9.822051e+00 5.564909e+01 1.707771e+01 5.779549e-01 8.484283e-01
5.870841e-03 1.678200e+01 9.810009e+00 5.656206e+01 1.670067e+01 5.844591e-01 8.272161e-01
7.827789e-03 1.693022e+01 9.781178e+00 5.731526e+01 1.631477e+01 5.909147e-01 8.062615e-01
9.784736e-03 1.703598e+01 9.735557e+00 5.790870e+01 1.592001e+01 5.973216e-01 7.855647e-01
1.174168e-02 1.709926e+01 9.673146e+00 5.834237e+01 1.551639e+01 6.036798e-01 7.651255e-01
1.369863e-02 1.712008e+01 9.593945e+00 5.861627e+01 1.510391e+01 6.099894e-01 7.449440e-01
1.565558e-02 1.709843e+01 9.497955e+00 5.873041e+01 1.468257e+01 6.162504e-01 7.250202e-01
1.761252e-02 1.703432e+01 9.385174e+00 5.868478e+01 1.425237e+01 6.224627e-01 7.053541e-01
1.956947e-02 1.692773e+01 9.255604e+00 5.847939e+01 1.381331e+01 6.286264e-01 6.859457e-01
2.152642e-02 1.677868e+01 9.109245e+00 5.811423e+01 1.336539e+01 6.347414e-01 6.667949e-01
2.348337e-02 1.658717e+01 8.946095e+00 5.758930e+01 1.290861e+01 6.408077e-01 6.479019e-01
2.544031e-02 1.635318e+01 8.766156e+00 5.690460e+01 1.244298e+01 6.468254e-01 6.292665e-01
2.739726e-02 1.607673e+01 8.569427e+00 5.606014e+01 1.196848e+01 6.527945e-01 6.108888e-01
2.935421e-02 1.575781e+01 8.355909e+00 5.505592e+01 1.148512e+01 6.587149e-01 5.927688e-01
3.131115e-02 1.539643e+01 8.125600e+00 5.389193e+01 1.099290e+01 6.645867e-01 5.749065e-01
3.326810e-02 1.499258e+01 7.878502e+00 5.256817e+01 1.049182e+01 6.704098e-01 5.573019e-01
3.522505e-02 1.454626e+01 7.614614e+00 5.108464e+01 9.981887e+00 6.761843e-01 5.399549e-01
3.718200e-02 1.405747e+01 7.333937e+00 4.944135e+01 9.463089e+00 6.819101e-01 5.228657e-01
3.913894e-02 1.352622e+01 7.036469e+00 4.763829e+01 8.935432e+00 6.875872e-01 5.060341e-01
4.109589e-02 1.286000e+01 6.680430e+00 4.533998e+01 8.348678e+00 6.933914e-01 4.885576e-01
4.305284e-02 1.208389e+01 6.277141e+00 4.263732e+01 7.716442e+00 6.992750e-01 4.706808e-01
4.500978e-02 1.128016e+01 5.863769e+00 3.982874e+01 7.083409e+00 7.050817e-01 4.532065e-01
4.696673e-02 1.045832e+01 5.444612e+00 3.694877e+01 6.454749e+00 7.107936e-01 4.362277e-01
4.892368e-02 9.627898e+00 5.023970e+00 3.403192e+01 5.835629e+00 7.163924e-01 4.198372e-01
5.088063e-02 8.798402e+00 4.606141e+00 3.111270e+01 5.231220e+00 7.218602e-01 4.041278e-01
5.283757e-02 7.979352e+00 4.195425e+00 2.822564e+01 4.646689e+00 7.271788e-01 3.891925e-01
5.479452e-02 7.180263e+00 3.796120e+00 2.540525e+01 4.087206e+00 7.323302e-01 3.751241e-01
5.675147e-02 6.410652e+00 3.412524e+00 2.268606e+01 3.557939e+00 7.372963e-01 3.620155e-01
5.870841e-02 5.680035e+00 3.048939e+00 2.010258e+01 3.064057e+00 7.420591e-01 3.499595e-01
6.066536e-02 5.078535e+00 2.746998e+00 1.797931e+01 2.661851e+00 7.464988e-01 3.400806e-01
6.262231e-02 4.686413e+00 2.543771e+00 1.660530e+01 2.401359e+00 7.505080e-01 3.333774e-01
6.457926e-02 4.343566e+00 2.364988e+00 1.540484e+01 2.180172e+00 7.542827e-01 3.277715e-01
6.653620e-02 4.045878e+00 2.208633e+00 1.436338e+01 1.994812e+00 7.578220e-01 3.231815e-01
6.849315e-02 3.789232e+00 2.072688e+00 1.346641e+01 1.841801e+00 7.611251e-01 3.195256e-01
7.045010e-02 3.569511e+00 1.955138e+00 1.269939e+01 1.717660e+00 7.641910e-01 3.167222e-01
7.240705e-02 3.382598e+00 1.853967e+00 1.204778e+01 1.618913e+00 7.670188e-01 3.146897e-01
7.436399e-02 3.224376e+00 1.767157e+00 1.149707e+01 1.542080e+00 7.696078e-01 3.133465e-01
7.632094e-02 3.090728e+00 1.692693e+00 1.103271e+01 1.483684e+00 7.719570e-01 3.126110e-01
7.827789e-02 2.977537e+00 1.628559e+00 1.064018e+01 1.440247e+00 7.740656e-01 3.124014e-01
8.023483e-02 2.873930e+00 1.569409e+00 1.028112e+01 1.402368e+00 7.759030e-01 3.125844e-01
8.219178e-02 2.733754e+00 1.492515e+00 9.792665e+00 1.329710e+00 7.772837e-01 3.127558e-01
8.414873e-02 2.605307e+00 1.421687e+00 9.345231e+00 1.264754e+00 7.784370e-01 3.132360e-01
8.610568e-02 2.487707e+00 1.356502e+00 8.935696e+00 1.206857e+00 7.793764e-01 3.139684e-01
8.806262e-02 2.380070e+00 1.296537e+00 8.560944e+00 1.155376e+00 7.801150e-01 3.148961e-01
9.001957e-02 2.281515e+00 1.241369e+00 8.217857e+00 1.109671e+00 7.806663e-01 3.159623e-01
9.197652e-02 2.191159e+00 1.190577e+00 7.903315e+00 1.069098e+00 7.810436e-01 3.171101e-01
9.393346e-02 2.108119e+00 1.143736e+00 7.614200e+00 1.033016e+00 7.812602e-01 3.182828e-01
9.589041e-02 2.031513e+00 1.100425e+00 7.347394e+00 1.000782e+00 7.813294e-01 3.194235e-01
9.784736e-02 1.960458e+00 1.060221e+00 7.099779e+00 9.717549e-01 7.812646e-01 3.204755e-01
9.980431e-02 1.894072e+00 1.022701e+00 6.868237e+00 9.452919e-01 7.810791e-01 3.213818e-01
1.017613e-01 1.819609e+00 9.822847e-01 6.607160e+00 9.119444e-01 7.807892e-01 3.208990e-01
1.037182e-01 1.747408e+00 9.434284e-01 6.353622e+00 8.794007e-01 7.804055e-01 3.200927e-01
1.056751e-01 1.678678e+00 9.066186e-01 6.111994e+00 8.485714e-01 7.799407e-01 3.191155e-01
1.076321e-01 1.613300e+00 8.717646e-01 5.881891e+00 8.193809e-01 7.794079e-01 3.179869e-01
1.095890e-01 1.551155e+00 8.387755e-01 5.662928e+00 7.917536e-01 7.788203e-01 3.167264e-01
1.115460e-01 1.492122e+00 8.075605e-01 5.454720e+00 7.656138e-01 7.781911e-01 3.153535e-01
1.135029e-01 1.436083e+00 7.780285e-01 5.256881e+00 7.408860e-01 7.775334e-01 3.138878e-01
1.154599e-01 1.382919e+00 7.500889e-01 5.069026e+00 7.174946e-01 7.768602e-01 3.123488e-01
1.174168e-01 1.332509e+00 7.236506e-01 4.890771e+00 6.953641e-01 7.761849e-01 3.107560e-01
1.193738e-01 1.284734e+00 6.986229e-01 4.721729e+00 6.744187e-01 7.755204e-01 3.091290e-01
1.213307e-01 1.239480e+00 6.745485e-01 4.561946e+00 6.544143e-01 7.749402e-01 3.076320e-01
1.232877e-01 1.196625e+00 6.515509e-01 4.410783e+00 6.353741e-01 7.744222e-01 3.061999e-01
1.252446e-01 1.156046e+00 6.297436e-01 4.267618e+00 6.173164e-01 7.739459e-01 3.047715e-01
1.272016e-01 1.117624e+00 6.090666e-01 4.132029e+00 6.001798e-01 7.735194e-01 3.033540e-01
1.291585e-01 1.081239e+00 5.894602e-01 4.003592e+00 5.839031e-01 7.731505e-01 3.019548e-01
1.311155e-01 1.046771e+00 5.708646e-01 3.881888e+00 5.684249e-01 7.728475e-01 3.005812e-01
1.330724e-01 1.014101e+00 5.532201e-01 3.766495e+00 5.536841e-01 7.726182e-01 2.992402e-01
1.350294e-01 9.831086e-01 5.364668e-01 3.656990e+00 5.396193e-01 7.724706e-01 2.979392e-01
1.369863e-01 9.536744e-01 5.205450e-01 3.552952e+00 5.261692e-01 7.724129e-01 2.966855e-01
1.389432e-01 9.256785e-01 5.053949e-01 3.453959e+00 5.132725e-01 7.724531e-01 2.954863e-01
1.409002e-01 8.984706e-01 4.907178e-01 3.357664e+00 5.004716e-01 7.726103e-01 2.944165e-01
1.428571e-01 8.718697e-01 4.764266e-01 3.263423e+00 4.876595e-01 7.728940e-01 2.934910e-01
1.448141e-01 8.464447e-01 4.627713e-01 3.173314e+00 4.752894e-01 7.732975e-01 2.926295e-01
1.467710e-01 8.221423e-01 4.497221e-01 3.087157e+00 4.633495e-01 7.738274e-01 2.918307e-01
1.487280e-01 7.989091e-01 4.372491e-01 3.004771e+00 4.518282e-01 7.744904e-01 2.910933e-01
1.506849e-01 7.766917e-01 4.253224e-01 2.925975e+00 4.407138e-01 7.752930e-01 2.904162e-01
1.526419e-01 7.554368e-01 4.139121e-01 2.850589e+00 4.299946e-01 7.762419e-01 2.897982e-01
1.545988e-01 7.350909e-01 4.029883e-01 2.778433e+00 4.196589e-01 7.773436e-01 2.892381e-01
1.565558e-01 7.156008e-01 3.925211e-01 2.709325e+00 4.096949e-01 7.786049e-01 2.887346e-01
1.585127e-01 6.969130e-01 3.824806e-01 2.643085e+00 4.000911e-01 7.800322e-01 2.882866e-01
1.604697e-01 6.788566e-01 3.727687e-01 2.579155e+00 3.908584e-01 7.816427e-01 2.879032e-01
1.624266e-01 6.611318e-01 3.632127e-01 2.516565e+00 3.820329e-01 7.834649e-01 2.876048e-01
1.643836e-01 6.440841e-01 3.540139e-01 2.456413e+00 3.735256e-01 7.854699e-01 2.873552e-01
1.663405e-01 6.276884e-01 3.451589e-01 2.398610e+00 3.653194e-01 7.876618e-01 2.871507e-01
1.682975e-01 6.119195e-01 3.366340e-01 2.343063e+00 3.573971e-01 7.900447e-01 2.869875e-01
1.702544e-01 5.967522e-01 3.284257e-01 2.289684e+00 3.497417e-01 7.926227e-01 2.868620e-01
1.722114e-01 5.821612e-01 3.205204e-01 2.238381e+00 3.423360e-01 7.953999e-01 2.867706e-01
1.741683e-01 5.681215e-01 3.129045e-01 2.189065e+00 3.351629e-01 7.983805e-01 2.867094e-01
1.761252e-01 5.546077e-01 3.055646e-01 2.141645e+00 3.282051e-01 8.015685e-01 2.866749e-01
1.780822e-01 5.415948e-01 2.984870e-01 2.096031e+00 3.214456e-01 8.049680e-01 2.866633e-01
1.800391e-01 5.290544e-01 2.916563e-01 2.052121e+00 3.148625e-01 8.085838e-01 2.866698e-01
1.819961e-01 5.168177e-01 2.849679e-01 2.009268e+00 3.082143e-01 8.124548e-01 2.866317e-01
1.839530e-01 5.050150e-01 2.785068e-01 1.967985e+00 3.017268e-01 8.165474e-01 2.866092e-01
1.859100e-01 4.936300e-01 2.722650e-01 1.928214e+00 2.953964e-01 8.208638e-01 2.866020e-01
1.878669e-01 4.826460e-01 2.662342e-01 1.889898e+00 2.892195e-01 8.254058e-01 2.866101e-01
1.898239e-01 4.720466e-01 2.604066e-01 1.852982e+00 2.831926e-01 8.301755e-01 2.866334e-01
1.917808e-01 4.618153e-01 2.547739e-01 1.817409e+00 2.773120e-01 8.351750e-01 2.866716e-01
1.937378e-01 4.519355e-01 2.493282e-01 1.783121e+00 2.715741e-01 8.404061e-01 2.867247e-01
1.956947e-01 4.423908e-01 2.440614e-01 1.750062e+00 2.659755e-01 8.458710e-01 2.867926e-01
1.976517e-01 4.331647e-01 2.389653e-01 1.718175e+00 2.605124e-01 8.515715e-01 2.868751e-01
1.996086e-01 4.242407e-01 2.340321e-01 1.687404e+00 2.551814e-01 8.575098e-01 2.869720e-01
2.015656e-01 4.155148e-01 2.292219e-01 1.657386e+00 2.499583e-01 8.635640e-01 2.868904e-01
2.035225e-01 4.070410e-01 2.245523e-01 1.628311e+00 2.448560e-01 8.698360e-01 2.867857e-01
2.054795e-01 3.988312e-01 2.200253e-01 1.600221e+00 2.398777e-01 8.763678e-01 2.867201e-01
2.074364e-01 3.908751e-01 2.156353e-01 1.573082e+00 2.350214e-01 8.831703e-01 2.867076e-01
2.093933e-01 3.831626e-01 2.113763e-01 1.546859e+00 2.302848e-01 8.902546e-01 2.867618e-01
2.113503e-01 3.756834e-01 2.072427e-01 1.521518e+00 2.256659e-01 8.976316e-01 2.868967e-01
2.133072e-01 3.684275e-01 2.032287e-01 1.497024e+00 2.211627e-01 9.053121e-01 2.871261e-01
2.152642e-01 3.613845e-01 1.993284e-01 1.473343e+00 2.167730e-01 9.133072e-01 2.874637e-01
2.172211e-01 3.545444e-01 1.955361e-01 1.450440e+00 2.124948e-01 9.216279e-01 2.879233e-01
2.191781e-01 3.478968e-01 1.918461e-01 1.428280e+00 2.083260e-01 9.302849e-01 2.885188e-01
2.211350e-01 3.413676e-01 1.882198e-01 1.406654e+00 2.042726e-01 9.392532e-01 2.894704e-01
2.230920e-01 3.349678e-01 1.846624e-01 1.385586e+00 2.003300e-01 9.485556e-01 2.907232e-01
2.250489e-01 3.287401e-01 1.811951e-01 1.365186e+00 1.964892e-01 9.582329e-01 2.921209e-01
2.270059e-01 3.226807e-01 1.778152e-01 1.345435e+00 1.927473e-01 9.682998e-01 2.936568e-01
2.289628e-01 3.167859e-01 1.745202e-01 1.326318e+00 1.891013e-01 9.787708e-01 2.953243e-01
2.309198e-01 3.110517e-01 1.713076e-01 1.307816e+00 1.855485e-01 9.896603e-01 2.971166e-01
2.328767e-01 3.054745e-01 1.681749e-01 1.289913e+00 1.820858e-01 1.000983e+00 2.990270e-01
2.348337e-01 3.000504e-01 1.651196e-01 1.272591e+00 1.787104e-01 1.012754e+00 3.010489e-01
2.367906e-01 2.947756e-01 1.621390e-01 1.255834e+00 1.754193e-01 1.024986e+00 3.031755e-01
2.387476e-01 2.896462e-01 1.592307e-01 1.239624e+00 1.722098e-01 1.037696e+00 3.054003e-01
2.407045e-01 2.846452e-01 1.563786e-01 1.223895e+00 1.690601e-01 1.050890e+00 3.076724e-01
2.426614e-01 2.797592e-01 1.535707e-01 1.208597e+00 1.659543e-01 1.064580e+00 3.099539e-01
2.446184e-01 2.750101e-01 1.508304e-01 1.193805e+00 1.629252e-01 1.078792e+00 3.123230e-01
2.465753e-01 2.703963e-01 1.481572e-01 1.179510e+00 1.599729e-01 1.093541e+00 3.147799e-01
2.485323e-01 2.659160e-01 1.455508e-01 1.165701e+00 1.570975e-01 1.108843e+00 3.173250e-01
2.504892e-01 2.615677e-01 1.430109e-01 1.152370e+00 1.542991e-01 1.124713e+00 3.199586e-01
2.524462e-01 2.573496e-01 1.405370e-01 1.139507e+00 1.515776e-01 1.141167e+00 3.226811e-01
2.544031e-01 2.532600e-01 1.381287e-01 1.127102e+00 1.489333e-01 1.158221e+00 3.254928e-01
2.563601e-01 2.492973e-01 1.357857e-01 1.115147e+00 1.463660e-01 1.175889e+00 3.283940e-01
2.583170e-01 2.454597e-01 1.335075e-01 1.103630e+00 1.438760e-01 1.194188e+00 3.313850e-01
2.602740e-01 2.417416e-01 1.312922e-01 1.092525e+00 1.414621e-01 1.213076e+00 3.344755e-01
2.622309e-01 2.381207e-01 1.291316e-01 1.081726e+00 1.391189e-01 1.232274e+00 3.377128e-01
2.641879e-01 2.346219e-01 1.270353e-01 1.071346e+00 1.368536e-01 1.252176e+00 3.410366e-01
2.661448e-01 2.312451e-01 1.250038e-01 1.061385e+00 1.346666e-01 1.272822e+00 3.444434e-01
2.681018e-01 2.279903e-01 1.230372e-01 1.051840e+00 1.325586e-01 1.294251e+00 3.479296e-01
2.700587e-01 2.248575e-01 1.211359e-01 1.042709e+00 1.305300e-01 1.316503e+00 3.514918e-01
2.720157e-01 2.218467e-01 1.193000e-01 1.033991e+00 1.285813e-01 1.339616e+00 3.551265e-01
2.739726e-01 2.189579e-01 1.175299e-01 1.025685e+00 1.267130e-01 1.363630e+00 3.588302e-01
2.759295e-01 2.161910e-01 1.158258e-01 1.017787e+00 1.249257e-01 1.388584e+00 3.625993e-01
2.778865e-01 2.135462e-01 1.141880e-01 1.010297e+00 1.232199e-01 1.414519e+00 3.664305e-01
2.798434e-01 2.110232e-01 1.126167e-01 1.003213e+00 1.215959e-01 1.441473e+00 3.703201e-01
2.818004e-01 2.086236e-01 1.111089e-01 9.965456e-01 1.200704e-01 1.468686e+00 3.733173e-01
2.837573e-01 2.063459e-01 1.096681e-01 9.902813e-01 1.186284e-01 1.496974e+00 3.763379e-01
2.857143e-01 2.041900e-01 1.082950e-01 9.844159e-01 1.172679e-01 1.526496e+00 3.795209e-01
2.876712e-01 2.021557e-01 1.069900e-01 9.789468e-01 1.159885e-01 1.557341e+00 3.829226e-01
2.896282e-01 2.002430e-01 1.057537e-01 9.738715e-01 1.147897e-01 1.589598e+00 3.865991e-01
2.915851e-01 1.984517e-01 1.045865e-01 9.691874e-01 1.136709e-01 1.623359e+00 3.906065e-01
2.935421e-01 1.967819e-01 1.034889e-01 9.648919e-01 1.126318e-01 1.658711e+00 3.950010e-01
2.954990e-01 1.952333e-01 1.024613e-01 9.609824e-01 1.116718e-01 1.695745e+00 3.998387e-01
2.974560e-01 1.938059e-01 1.015042e-01 9.574563e-01 1.107903e-01 1.734551e+00 4.051758e-01
2.994129e-01 1.924996e-01 1.006180e-01 9.543111e-01 1.099871e-01 1.775218e+00 4.110683e-01
3.013699e-01 1.913249e-01 9.982378e-02 9.516627e-01 1.093080e-01 1.816593e+00 4.180719e-01
3.033268e-01 1.902751e-01 9.910903e-02 9.494341e-01 1.087235e-01 1.859545e+00 4.259294e-01
3.052838e-01 1.893446e-01 9.846378e-02 9.475619e-01 1.082091e-01 1.904802e+00 4.344407e-01
3.072407e-01 1.885324e-01 9.788682e-02 9.460339e-01 1.077605e-01 1.952554e+00 4.436210e-01
3.091977e-01 1.878376e-01 9.737694e-02 9.448377e-01 1.073733e-01 2.002994e+00 4.534850e-01
3.111546e-01 1.872592e-01 9.693292e-02 9.439609e-01 1.070432e-01 2.056315e+00 4.640479e-01
3.131115e-01 1.867962e-01 9.655353e-02 9.433912e-01 1.067659e-01 2.112708e+00 4.753246e-01
3.150685e-01 1.864477e-01 9.623756e-02 9.431161e-01 1.065370e-01 2.172364e+00 4.873300e-01
3.170254e-01 1.862127e-01 9.598380e-02 9.431235e-01 1.063522e-01 2.235477e+00 5.000791e-01
3.189824e-01 1.860902e-01 9.579103e-02 9.434008e-01 1.062071e-01 2.302239e+00 5.135869e-01
3.209393e-01 1.860783e-01 9.565284e-02 9.439515e-01 1.061332e-01 2.371194e+00 5.275471e-01
3.228963e-01 1.861759e-01 9.556790e-02 9.447635e-01 1.061269e-01 2.442495e+00 5.419665e-01
3.248532e-01 1.863833e-01 9.554121e-02 9.458057e-01 1.061411e-01 2.518311e+00 5.572465e-01
3.268102e-01 1.866996e-01 9.557218e-02 9.470639e-01 1.061670e-01 2.599034e+00 5.734406e-01
3.287671e-01 1.871240e-01 9.566021e-02 9.485236e-01 1.061961e-01 2.685052e+00 5.906022e-01
3.307241e-01 1.876556e-01 9.580471e-02 9.501709e-01 1.062198e-01 2.776756e+00 6.087849e-01
3.326810e-01 1.882936e-01 9.600508e-02 9.519913e-01 1.062294e-01 2.874534e+00 6.280421e-01
3.346380e-01 1.890371e-01 9.626073e-02 9.539707e-01 1.062164e-01 2.978776e+00 6.484273e-01
3.365949e-01 1.898853e-01 9.657105e-02 9.560948e-01 1.061720e-01 3.089872e+00 6.699941e-01
3.385519e-01 1.908373e-01 9.693547e-02 9.583494e-01 1.060878e-01 3.208210e+00 6.927959e-01
3.405088e-01 1.918982e-01 9.735730e-02 9.606310e-01 1.059137e-01 3.332690e+00 7.131272e-01
3.424658e-01 1.930779e-01 9.784293e-02 9.627666e-01 1.055678e-01 3.461055e+00 7.243669e-01
3.444227e-01 1.943572e-01 9.837976e-02 9.650148e-01 1.051676e-01 3.598247e+00 7.380493e-01
3.463796e-01 1.957339e-01 9.896633e-02 9.673813e-01 1.047137e-01 3.744984e+00 7.550588e-01
3.483366e-01 1.972058e-01 9.960117e-02 9.698714e-01 1.042066e-01 3.901986e+00 7.762800e-01
3.502935e-01 1.987707e-01 1.002828e-01 9.724907e-01 1.036467e-01 4.069972e+00 8.025975e-01
3.522505e-01 2.004266e-01 1.010098e-01 9.752448e-01 1.030347e-01 4.249661e+00 8.348958e-01
3.542074e-01 2.021711e-01 1.017807e-01 9.781390e-01 1.023709e-01 4.441771e+00 8.740595e-01
3.561644e-01 2.040022e-01 1.025940e-01 9.811790e-01 1.016560e-01 4.647023e+00 9.209731e-01
3.581213e-01 2.059176e-01 1.034482e-01 9.843703e-01 1.008904e-01 4.866134e+00 9.765211e-01
3.600783e-01 2.079144e-01 1.043421e-01 9.877072e-01 1.000646e-01 5.099570e+00 1.040447e+00
3.620352e-01 2.099751e-01 1.052772e-01 9.909436e-01 9.894938e-02 5.342252e+00 1.087688e+00
3.639922e-01 2.121146e-01 1.062486e-01 9.943643e-01 9.780010e-02 5.601331e+00 1.147923e+00
3.659491e-01 2.143317e-01 1.072547e-01 9.979907e-01 9.663183e-02 5.877894e+00 1.223674e+00
3.679061e-01 2.166253e-01 1.082939e-01 1.001844e+00 9.545959e-02 6.173025e+00 1.317466e+00
3.698630e-01 2.189941e-01 1.093645e-01 1.005947e+00 9.429840e-02 6.487811e+00 1.431822e+00
3.718200e-01 2.214369e-01 1.104648e-01 1.010319e+00 9.316329e-02 6.823335e+00 1.569266e+00
3.737769e-01 2.239526e-01 1.115931e-01 1.014982e+00 9.206929e-02 7.180685e+00 1.732323e+00
3.757339e-01 2.265399e-01 1.127479e-01 1.019959e+00 9.103142e-02 7.560944e+00 1.923515e+00
3.776908e-01 2.291977e-01 1.139274e-01 1.025270e+00 9.006471e-02 7.965198e+00 2.145367e+00
3.796477e-01 2.319247e-01 1.151300e-01 1.030936e+00 8.918419e-02 8.394533e+00 2.400402e+00
3.816047e-01 2.346312e-01 1.163069e-01 1.037027e+00 8.850307e-02 8.887668e+00 2.706873e+00
3.835616e-01 2.373900e-01 1.174960e-01 1.043524e+00 8.795419e-02 9.414189e+00 3.054139e+00
3.855186e-01 2.402259e-01 1.187092e-01 1.050434e+00 8.752398e-02 9.964218e+00 3.440142e+00
3.874755e-01 2.431439e-01 1.199482e-01 1.057777e+00 8.722054e-02 1.053619e+01 3.866296e+00
3.894325e-01 2.461490e-01 1.212147e-01 1.065570e+00 8.705197e-02 1.112852e+01 4.334017e+00
3.913894e-01 2.492463e-01 1.225104e-01 1.073831e+00 8.702637e-02 1.173966e+01 4.844718e+00
3.933464e-01 2.524408e-01 1.238369e-01 1.082579e+00 8.715184e-02 1.236804e+01 5.399816e+00
3.953033e-01 2.557376e-01 1.251959e-01 1.091831e+00 8.743649e-02 1.301208e+01 6.000724e+00
3.972603e-01 2.591417e-01 1.265891e-01 1.101605e+00 8.788843e-02 1.367022e+01 6.648858e+00
3.992172e-01 2.626582e-01 1.280180e-01 1.111920e+00 8.851575e-02 1.434089e+01 7.345633e+00
4.011742e-01 2.662608e-01 1.294329e-01 1.123131e+00 8.941438e-02 1.513556e+01 8.318521e+00
4.031311e-01 2.699666e-01 1.308555e-01 1.135124e+00 9.055820e-02 1.600860e+01 9.480847e+00
4.050881e-01 2.738049e-01 1.323268e-01 1.147661e+00 9.188822e-02 1.687209e+01 1.066131e+01
4.070450e-01 2.777835e-01 1.338535e-01 1.160726e+00 9.340409e-02 1.771361e+01 1.183960e+01
4.090020e-01 2.819106e-01 1.354421e-01 1.174307e+00 9.510548e-02 1.852072e+01 1.299543e+01
4.109589e-01 2.861943e-01 1.370994e-01 1.188387e+00 9.699207e-02 1.928100e+01 1.410847e+01
4.129159e-01 2.906426e-01 1.388318e-01 1.202954e+00 9.906350e-02 1.998202e+01 1.515845e+01
4.148728e-01 2.952636e-01 1.406461e-01 1.217993e+00 1.013195e-01 2.061136e+01 1.612504e+01
4.168297e-01 3.000653e-01 1.425489e-01 1.233490e+00 1.037596e-01 2.115658e+01 1.698795e+01
4.187867e-01 3.050558e-01 1.445468e-01 1.249431e+00 1.063836e-01 2.160526e+01 1.772687e+01
4.207436e-01 3.102614e-01 1.466541e-01 1.265882e+00 1.092792e-01 2.179828e+01 1.809673e+01
4.227006e-01 3.157004e-01 1.488820e-01 1.282877e+00 1.124965e-01 2.163957e+01 1.794905e+01
4.246575e-01 3.213486e-01 1.512232e-01 1.300255e+00 1.158782e-01 2.137768e+01 1.766342e+01
4.266145e-01 3.272113e-01 1.536832e-01 1.317991e+00 1.194106e-01 2.102238e+01 1.725358e+01
4.285714e-01 3.332939e-01 1.562674e-01 1.336057e+00 1.230802e-01 2.058346e+01 1.673323e+01
4.305284e-01 3.396016e-01 1.589811e-01 1.354427e+00 1.268730e-01 2.007069e+01 1.611612e+01
4.324853e-01 3.461399e-01 1.618300e-01 1.373075e+00 1.307756e-01 1.949385e+01 1.541594e+01
4.344423e-01 3.529139e-01 1.648193e-01 1.391973e+00 1.347743e-01 1.886272e+01 1.464644e+01
4.363992e-01 3.599290e-01 1.679545e-01 1.411095e+00 1.388552e-01 1.818707e+01 1.382133e+01
4.383562e-01 3.671906e-01 1.712412e-01 1.430415e+00 1.430048e-01 1.747669e+01 1.295433e+01
4.403131e-01 3.746949e-01 1.746625e-01 1.449737e+00 1.471429e-01 1.675552e+01 1.207939e+01
4.422701e-01 3.824095e-01 1.781322e-01 1.468338e+00 1.509789e-01 1.609230e+01 1.129434e+01
4.442270e-01 3.903903e-01 1.817787e-01 1.487127e+00 1.548702e-01 1.541777e+01 1.050013e+01
4.461840e-01 3.986458e-01 1.856156e-01 1.506137e+00 1.588271e-01 1.473661e+01 9.703245e+00
4.481409e-01 4.071846e-01 1.896560e-01 1.525402e+00 1.628598e-01 1.405352e+01 8.910127e+00
4.500978e-01 4.160153e-01 1.939134e-01 1.544955e+00 1.669785e-01 1.337317e+01 8.127240e+00
4.520548e-01 4.251464e-01 1.984012e-01 1.564831e+00 1.711935e-01 1.270026e+01 7.361044e+00
4.540117e-01 4.345866e-01 2.031328e-01 1.585062e+00 1.755149e-01 1.203947e+01 6.617996e+00
4.559687e-01 4.443443e-01 2.081214e-01 1.605684e+00 1.799530e-01 1.139549e+01 5.904555e+00
4.579256e-01 4.544282e-01 2.133805e-01 1.626728e+00 1.845179e-01 1.077301e+01 5.227182e+00
4.598826e-01 4.648469e-01 2.189235e-01 1.648229e+00 1.892200e-01 1.017670e+01 4.592335e+00
4.618395e-01 4.754847e-01 2.247952e-01 1.669927e+00 1.941771e-01 9.715129e+00 4.166338e+00
4.637965e-01 4.864737e-01 2.309777e-01 1.692147e+00 1.992923e-01 9.289782e+00 3.796815e+00
4.657534e-01 4.978379e-01 2.374803e-01 1.714960e+00 2.045625e-01 8.892254e+00 3.470080e+00
4.677104e-01 5.095936e-01 2.443146e-01 1.738418e+00 2.099913e-01 8.520832e+00 3.182739e+00
4.696673e-01 5.217571e-01 2.514919e-01 1.762573e+00 2.155821e-01 8.173798e+00 2.931398e+00
4.716243e-01 5.343445e-01 2.590237e-01 1.787476e+00 2.213386e-01 7.849438e+00 2.712663e+00
4.735812e-01 5.473721e-01 2.669214e-01 1.813180e+00 2.272644e-01 7.546036e+00 2.523140e+00
4.755382e-01 5.608561e-01 2.751964e-01 1.839736e+00 2.333631e-01 7.261877e+00 2.359435e+00
4.774951e-01 5.748127e-01 2.838601e-01 1.867196e+00 2.396383e-01 6.995246e+00 2.218154e+00
4.794521e-01 5.892581e-01 2.929240e-01 1.895611e+00 2.460935e-01 6.744427e+00 2.095903e+00
4.814090e-01 6.043528e-01 3.022475e-01 1.926410e+00 2.530798e-01 6.495808e+00 1.958855e+00
4.833659e-01 6.200167e-01 3.119434e-01 1.958726e+00 2.603690e-01 6.255610e+00 1.823922e+00
4.853229e-01 6.361982e-01 3.220948e-01 1.991963e+00 2.678011e-01 6.027719e+00 1.702033e+00
4.872798e-01 6.529020e-01 3.327251e-01 2.026063e+00 2.753518e-01 5.811373e+00 1.592236e+00
4.892368e-01 6.701328e-01 3.438582e-01 2.060968e+00 2.829970e-01 5.605810e+00 1.493576e+00
4.911937e-01 6.878952e-01 3.555175e-01 2.096618e+00 2.907122e-01 5.410269e+00 1.405099e+00
4.931507e-01 7.061938e-01 3.677268e-01 2.132956e+00 2.984733e-01 5.223989e+00 1.325853e+00
4.951076e-01 7.250333e-01 3.805096e-01 2.169923e+00 3.062560e-01 5.046207e+00 1.254881e+00
4.970646e-01 7.444185e-01 3.938895e-01 2.207461e+00 3.140359e-01 4.876162e+00 1.191232e+00
4.990215e-01 7.643539e-01 4.078902e-01 2.245510e+00 3.217889e-01 4.713093e+00 1.133951e+00
5.009785e-01 7.851548e-01 4.231703e-01 2.284372e+00 3.295023e-01 4.550320e+00 1.076229e+00
5.029354e-01 8.068079e-01 4.397168e-01 2.323966e+00 3.371511e-01 4.387421e+00 1.017448e+00
5.048924e-01 8.289717e-01 4.568453e-01 2.363835e+00 3.446982e-01 4.230236e+00 9.631856e-01
5.068493e-01 8.516149e-01 4.745061e-01 2.403878e+00 3.521179e-01 4.078684e+00 9.131616e-01
5.088063e-01 8.747065e-01 4.926499e-01 2.443997e+00 3.593846e-01 3.932686e+00 8.670965e-01
5.107632e-01 8.982154e-01 5.112271e-01 2.484091e+00 3.664727e-01 3.792162e+00 8.247110e-01
5.127202e-01 9.221104e-01 5.301882e-01 2.524060e+00 3.733566e-01 3.657032e+00 7.857255e-01
5.146771e-01 9.463605e-01 5.494837e-01 2.563805e+00 3.800108e-01 3.527216e+00 7.498604e-01
5.166341e-01 9.709346e-01 5.690640e-01 2.603226e+00 3.864096e-01 3.402633e+00 7.168363e-01
5.185910e-01 9.958014e-01 5.888797e-01 2.642224e+00 3.925273e-01 3.283205e+00 6.863737e-01
5.205479e-01 1.021174e+00 6.092401e-01 2.680482e+00 3.982623e-01 3.168828e+00 6.573083e-01
5.225049e-01 1.047388e+00 6.306347e-01 2.717577e+00 4.034743e-01 3.059387e+00 6.280308e-01
5.244618e-01 1.073737e+00 6.520219e-01 2.754005e+00 4.083485e-01 2.954866e+00 6.007088e-01
5.264188e-01 1.100140e+00 6.732785e-01 2.789712e+00 4.128750e-01 2.855191e+00 5.752445e-01
5.283757e-01 1.126516e+00 6.942813e-01 2.824641e+00 4.170437e-01 2.760286e+00 5.515398e-01
5.303327e-01 1.152785e+00 7.149072e-01 2.858737e+00 4.208449e-01 2.670076e+00 5.294971e-01
5.322896e-01 1.178864e+00 7.350331e-01 2.891944e+00 4.242684e-01 2.584487e+00 5.090184e-01
5.342466e-01 1.204672e+00 7.545357e-01 2.924207e+00 4.273044e-01 2.503443e+00 4.900060e-01
5.362035e-01 1.230129e+00 7.732919e-01 2.955471e+00 4.299429e-01 2.426868e+00 4.723618e-01
5.381605e-01 1.255153e+00 7.911785e-01 2.985679e+00 4.321739e-01 2.354688e+00 4.559881e-01
5.401174e-01 1.279645e+00 8.080217e-01 3.014711e+00 4.339869e-01 2.286923e+00 4.407331e-01
5.420744e-01 1.303263e+00 8.229628e-01 3.041557e+00 4.353643e-01 2.224868e+00 4.257173e-01
5.440313e-01 1.326223e+00 8.367164e-01 3.067247e+00 4.363049e-01 2.166887e+00 4.117331e-01
5.459883e-01 1.348461e+00 8.492080e-01 3.091791e+00 4.367992e-01 2.112813e+00 3.987346e-01
5.479452e-01 1.369913e+00 8.603631e-01 3.115195e+00 4.368379e-01 2.062482e+00 3.866753e-01
5.499022e-01 1.390515e+00 8.701070e-01 3.137467e+00 4.364114e-01 2.015725e+00 3.755092e-01
5.518591e-01 1.410203e+00 8.783653e-01 3.158615e+00 4.355104e-01 1.972380e+00 3.651902e-01
5.538160e-01 1.428913e+00 8.850635e-01 3.178646e+00 4.341254e-01 1.932278e+00 3.556719e-01
5.557730e-01 1.446582e+00 8.901269e-01 3.197568e+00 4.322469e-01 1.895255e+00 3.469083e-01
5.577299e-01 1.463145e+00 8.934812e-01 3.215389e+00 4.298655e-01 1.861144e+00 3.388532e-01
5.596869e-01 1.478538e+00 8.950516e-01 3.232116e+00 4.269717e-01 1.829781e+00 3.314604e-01
5.616438e-01 1.491204e+00 8.906385e-01 3.248050e+00 4.230438e-01 1.800334e+00 3.244451e-01
5.636008e-01 1.502372e+00 8.837402e-01 3.262944e+00 4.185160e-01 1.773214e+00 3.179677e-01
5.655577e-01 1.512369e+00 8.753572e-01 3.276731e+00 4.135125e-01 1.748427e+00 3.120444e-01
5.675147e-01 1.521232e+00 8.656989e-01 3.289397e+00 4.080590e-01 1.725854e+00 3.066454e-01
5.694716e-01 1.529000e+00 8.549749e-01 3.300929e+00 4.021815e-01 1.705375e+00 3.017410e-01
5.714286e-01 1.535714e+00 8.433947e-01 3.311316e+00 3.959057e-01 1.686868e+00 2.973014e-01
5.733855e-01 1.541411e+00 8.311677e-01 3.320544e+00 3.892575e-01 1.670215e+00 2.932969e-01
5.753425e-01 1.546131e+00 8.185036e-01 3.328602e+00 3.822627e-01 1.655295e+00 2.896977e-01
5.772994e-01 1.549913e+00 8.056117e-01 3.335476e+00 3.749473e-01 1.641988e+00 2.864742e-01
5.792564e-01 1.552795e+00 7.927016e-01 3.341154e+00 3.673369e-01 1.630175e+00 2.835965e-01
5.812133e-01 1.554629e+00 7.825293e-01 3.345047e+00 3.593248e-01 1.619051e+00 2.808250e-01
5.831703e-01 1.555537e+00 7.741753e-01 3.347397e+00 3.509956e-01 1.608799e+00 2.782229e-01
5.851272e-01 1.555690e+00 7.660480e-01 3.348601e+00 3.424690e-01 1.599784e+00 2.759092e-01
5.870841e-01 1.555145e+00 7.581200e-01 3.348699e+00 3.337832e-01 1.591947e+00 2.738735e-01
5.890411e-01 1.553959e+00 7.503641e-01 3.347732e+00 3.249764e-01 1.585234e+00 2.721058e-01
5.909980e-01 1.552188e+00 7.427529e-01 3.345741e+00 3.160867e-01 1.579586e+00 2.705958e-01
5.929550e-01 1.549889e+00 7.352591e-01 3.342769e+00 3.071523e-01 1.574947e+00 2.693333e-01
5.949119e-01 1.547117e+00 7.278555e-01 3.338854e+00 2.982115e-01 1.571261e+00 2.683082e-01
5.968689e-01 1.543930e+00 7.205147e-01 3.334040e+00 2.893023e-01 1.568472e+00 2.675101e-01
5.988258e-01 1.540384e+00 7.132094e-01 3.328366e+00 2.804629e-01 1.566522e+00 2.669289e-01
6.007828e-01 1.536893e+00 7.054039e-01 3.321916e+00 2.717536e-01 1.564971e+00 2.665237e-01
6.027397e-01 1.533673e+00 6.968474e-01 3.314749e+00 2.632220e-01 1.563593e+00 2.662709e-01
6.046967e-01 1.530190e+00 6.883470e-01 3.306838e+00 2.548704e-01 1.562963e+00 2.662105e-01
6.066536e-01 1.526450e+00 6.799482e-01 3.298218e+00 2.467338e-01 1.563079e+00 2.663368e-01
6.086106e-01 1.522458e+00 6.716971e-01 3.288923e+00 2.388472e-01 1.563940e+00 2.666440e-01
6.105675e-01 1.518218e+00 6.636394e-01 3.278988e+00 2.312456e-01 1.565544e+00 2.671263e-01
6.125245e-01 1.513736e+00 6.558209e-01 3.268449e+00 2.239641e-01 1.567890e+00 2.677780e-01
6.144814e-01 1.509015e+00 6.482875e-01 3.257341e+00 2.170377e-01 1.570977e+00 2.685932e-01
6.164384e-01 1.504062e+00 6.410849e-01 3.245698e+00 2.105014e-01 1.574804e+00 2.695661e-01
6.183953e-01 1.498881e+00 6.342589e-01 3.233556e+00 2.043902e-01 1.579369e+00 2.706909e-01
6.203523e-01 1.493472e+00 6.280351e-01 3.221143e+00 1.989372e-01 1.584569e+00 2.719127e-01
6.223092e-01 1.487827e+00 6.230826e-01 3.209160e+00 1.948645e-01 1.590047e+00 2.730547e-01
6.242661e-01 1.481969e+00 6.185765e-01 3.196711e+00 1.912474e-01 1.596298e+00 2.743498e-01
6.262231e-01 1.475906e+00 6.145053e-01 3.183769e+00 1.880577e-01 1.603353e+00 2.758080e-01
6.281800e-01 1.469644e+00 6.108575e-01 3.170307e+00 1.852673e-01 1.611244e+00 2.774392e-01
6.301370e-01 1.463188e+00 6.076216e-01 3.156298e+00 1.828479e-01 1.620003e+00 2.792534e-01
6.320939e-01 1.456545e+00 6.047860e-01 3.141717e+00 1.807714e-01 1.629660e+00 2.812605e-01
6.340509e-01 1.449721e+00 6.023392e-01 3.126537e+00 1.790095e-01 1.640247e+00 2.834704e-01
6.360078e-01 1.442722e+00 6.002697e-01 3.110731e+00 1.775341e-01 1.651796e+00 2.858930e-01
6.379648e-01 1.435555e+00 5.985660e-01 3.094273e+00 1.763170e-01 1.664337e+00 2.885384e-01
6.399217e-01 1.428225e+00 5.972165e-01 3.077136e+00 1.753300e-01 1.677903e+00 2.914165e-01
6.418787e-01 1.420372e+00 5.967305e-01 3.057704e+00 1.743828e-01 1.693092e+00 2.948281e-01
6.438356e-01 1.412375e+00 5.965674e-01 3.037566e+00 1.736119e-01 1.709359e+00 2.984877e-01
6.457926e-01 1.404277e+00 5.966623e-01 3.016859e+00 1.730058e-01 1.726678e+00 3.023753e-01
6.477495e-01 1.396108e+00 5.969722e-01 2.995651e+00 1.725459e-01 1.745044e+00 3.064832e-01
6.497065e-01 1.387895e+00 5.974542e-01 2.974012e+00 1.722140e-01 1.764457e+00 3.108039e-01
6.516634e-01 1.379666e+00 5.980653e-01 2.952012e+00 1.719916e-01 1.784911e+00 3.153297e-01
6.536204e-01 1.371451e+00 5.987626e-01 2.929720e+00 1.718602e-01 1.806406e+00 3.200530e-01
6.555773e-01 1.363278e+00 5.995030e-01 2.907207e+00 1.718016e-01 1.828937e+00 3.249662e-01
6.575342e-01 1.355175e+00 6.002436e-01 2.884540e+00 1.717973e-01 1.852502e+00 3.300615e-01
6.594912e-01 1.347170e+00 6.009415e-01 2.861791e+00 1.718289e-01 1.877098e+00 3.353314e-01
6.614481e-01 1.339484e+00 6.010276e-01 2.838987e+00 1.715504e-01 1.903340e+00 3.410027e-01
6.634051e-01 1.332011e+00 6.008298e-01 2.816227e+00 1.711743e-01 1.930791e+00 3.469026e-01
6.653620e-01 1.324695e+00 6.005316e-01 2.793598e+00 1.708234e-01 1.959180e+00 3.529222e-01
6.673190e-01 1.317550e+00 6.001313e-01 2.771173e+00 1.705048e-01 1.988456e+00 3.590358e-01
6.692759e-01 1.310588e+00 5.996268e-01 2.749024e+00 1.702257e-01 2.018568e+00 3.652174e-01
6.712329e-01 1.303824e+00 5.990163e-01 2.727225e+00 1.699932e-01 2.049464e+00 3.714410e-01
6.731898e-01 1.297271e+00 5.982979e-01 2.705849e+00 1.698145e-01 2.081094e+00 3.776808e-01
6.751468e-01 1.290942e+00 5.974695e-01 2.684967e+00 1.696968e-01 2.113406e+00 3.839108e-01
6.771037e-01 1.284849e+00 5.965293e-01 2.664653e+00 1.696472e-01 2.146349e+00 3.901050e-01
6.790607e-01 1.279008e+00 5.954753e-01 2.644979e+00 1.696728e-01 2.179871e+00 3.962376e-01
6.810176e-01 1.273497e+00 5.942561e-01 2.626303e+00 1.697879e-01 2.213822e+00 4.021249e-01
6.829746e-01 1.268323e+00 5.928763e-01 2.608658e+00 1.699984e-01 2.248162e+00 4.077623e-01
6.849315e-01 1.263427e+00 5.913853e-01 2.591825e+00 1.703046e-01 2.282946e+00 4.132868e-01
6.868885e-01 1.258817e+00 5.897867e-01 2.575843e+00 1.707128e-01 2.318132e+00 4.186898e-01
6.888454e-01 1.254498e+00 5.880841e-01 2.560755e+00 1.712293e-01 2.353682e+00 4.239631e-01
6.908023e-01 1.250475e+00 5.862809e-01 2.546603e+00 1.718606e-01 2.389555e+00 4.290980e-01
6.927593e-01 1.246755e+00 5.843808e-01 2.533426e+00 1.726130e-01 2.425711e+00 4.340862e-01
6.947162e-01 1.243344e+00 5.823874e-01 2.521267e+00 1.734930e-01 2.462110e+00 4.389191e-01
6.966732e-01 1.240248e+00 5.803042e-01 2.510167e+00 1.745070e-01 2.498711e+00 4.435882e-01
6.986301e-01 1.237471e+00 5.781347e-01 2.500167e+00 1.756612e-01 2.535476e+00 4.480852e-01
7.005871e-01 1.235078e+00 5.759025e-01 2.491525e+00 1.769674e-01 2.572610e+00 4.522820e-01
7.025440e-01 1.233145e+00 5.736362e-01 2.484553e+00 1.784383e-01 2.610388e+00 4.560187e-01
7.045010e-01 1.231535e+00 5.712895e-01 2.478753e+00 1.800675e-01 2.648147e+00 4.595875e-01
7.064579e-01 1.230245e+00 5.688620e-01 2.474122e+00 1.818603e-01 2.685800e+00 4.630030e-01
7.084149e-01 1.229268e+00 5.663536e-01 2.470663e+00 1.838222e-01 2.723259e+00 4.662795e-01
7.103718e-01 1.228601e+00 5.637639e-01 2.468374e+00 1.859585e-01 2.760436e+00 4.694316e-01
7.123288e-01 1.228238e+00 5.610927e-01 2.467255e+00 1.882746e-01 2.797245e+00 4.724736e-01
7.142857e-01 1.228174e+00 5.583398e-01 2.467307e+00 1.907761e-01 2.833598e+00 4.754200e-01
7.162427e-01 1.228404e+00 5.555050e-01 2.468530e+00 1.934682e-01 2.869408e+00 4.782852e-01
7.181996e-01 1.228923e+00 5.525879e-01 2.470924e+00 1.963564e-01 2.904586e+00 4.810838e-01
7.201566e-01 1.229744e+00 5.495965e-01 2.474551e+00 1.994830e-01 2.939217e+00 4.838629e-01
7.221135e-01 1.231042e+00 5.466154e-01 2.480068e+00 2.032360e-01 2.974985e+00 4.869782e-01
7.240705e-01 1.232601e+00 5.435451e-01 2.486706e+00 2.071726e-01 3.009726e+00 4.900446e-01
7.260274e-01 1.234403e+00 5.403792e-01 2.494420e+00 2.112717e-01 3.043232e+00 4.930528e-01
7.279843e-01 1.236431e+00 5.371118e-01 2.503165e+00 2.155123e-01 3.075290e+00 4.959936e-01
7.299413e-01 1.238668e+00 5.337367e-01 2.512896e+00 2.198730e-01 3.105692e+00 4.988578e-01
7.318982e-01 1.241096e+00 5.302477e-01 2.523566e+00 2.243329e-01 3.134226e+00 5.016362e-01
7.338552e-01 1.243697e+00 5.266387e-01 2.535131e+00 2.288708e-01 3.160683e+00 5.043196e-01
7.358121e-01 1.246455e+00 5.229036e-01 2.547546e+00 2.334655e-01 3.184851e+00 5.068987e-01
7.377691e-01 1.249351e+00 5.190362e-01 2.560764e+00 2.380959e-01 3.206522e+00 5.093644e-01
7.397260e-01 1.252369e+00 5.150305e-01 2.574740e+00 2.427409e-01 3.225484e+00 5.117073e-01
7.416830e-01 1.255537e+00 5.105795e-01 2.590077e+00 2.474442e-01 3.240226e+00 5.142282e-01
7.436399e-01 1.258797e+00 5.059459e-01 2.606150e+00 2.521265e-01 3.251701e+00 5.166407e-01
7.455969e-01 1.262120e+00 5.011932e-01 2.622765e+00 2.567520e-01 3.259999e+00 5.188642e-01
7.475538e-01 1.265485e+00 4.963354e-01 2.639831e+00 2.612952e-01 3.264997e+00 5.208685e-01
7.495108e-01 1.268872e+00 4.913867e-01 2.657261e+00 2.657304e-01 3.266573e+00 5.226237e-01
7.514677e-01 1.272261e+00 4.863612e-01 2.674964e+00 2.700323e-01 3.264604e+00 5.240996e-01
7.534247e-01 1.275629e+00 4.812729e-01 2.692853e+00 2.741753e-01 3.258966e+00 5.252662e-01
7.553816e-01 1.278958e+00 4.761359e-01 2.710838e+00 2.781341e-01 3.249538e+00 5.260935e-01
7.573386e-01 1.282226e+00 4.709645e-01 2.728830e+00 2.818830e-01 3.236195e+00 5.265513e-01
7.592955e-01 1.285412e+00 4.657726e-01 2.746741e+00 2.853966e-01 3.218816e+00 5.266098e-01
7.612524e-01 1.288317e+00 4.604183e-01 2.763395e+00 2.882130e-01 3.193334e+00 5.260177e-01
7.632094e-01 1.291008e+00 4.549929e-01 2.779240e+00 2.905221e-01 3.161572e+00 5.248542e-01
7.651663e-01 1.293582e+00 4.496124e-01 2.794897e+00 2.925840e-01 3.125989e+00 5.232337e-01
7.671233e-01 1.296035e+00 4.443049e-01 2.810374e+00 2.944125e-01 3.086815e+00 5.211462e-01
7.690802e-01 1.298363e+00 4.390987e-01 2.825680e+00 2.960214e-01 3.044285e+00 5.185814e-01
7.710372e-01 1.300560e+00 4.340218e-01 2.840825e+00 2.974246e-01 2.998630e+00 5.155293e-01
7.729941e-01 1.302623e+00 4.291025e-01 2.855817e+00 2.986359e-01 2.950083e+00 5.119797e-01
7.749511e-01 1.304548e+00 4.243689e-01 2.870664e+00 2.996692e-01 2.898876e+00 5.079224e-01
7.769080e-01 1.306329e+00 4.198492e-01 2.885376e+00 3.005384e-01 2.845243e+00 5.033474e-01
7.788650e-01 1.307962e+00 4.155714e-01 2.899962e+00 3.012571e-01 2.789416e+00 4.982445e-01
7.808219e-01 1.309362e+00 4.118916e-01 2.914572e+00 3.018243e-01 2.731525e+00 4.922641e-01
7.827789e-01 1.310496e+00 4.089432e-01 2.929261e+00 3.022489e-01 2.671771e+00 4.852872e-01
7.847358e-01 1.311485e+00 4.062575e-01 2.943823e+00 3.025676e-01 2.610540e+00 4.778180e-01
7.866928e-01 1.312336e+00 4.038178e-01 2.958245e+00 3.027964e-01 2.548079e+00 4.698929e-01
7.886497e-01 1.313056e+00 4.016072e-01 2.972519e+00 3.029511e-01 2.484635e+00 4.615481e-01
7.906067e-01 1.313651e+00 3.996092e-01 2.986634e+00 3.030477e-01 2.420453e+00 4.528201e-01
7.925636e-01 1.314129e+00 3.978068e-01 3.000577e+00 3.031021e-01 2.355781e+00 4.437453e-01
7.945205e-01 1.314496e+00 3.961835e-01 3.014340e+00 3.031302e-01 2.290864e+00 4.343599e-01
7.964775e-01 1.314758e+00 3.947223e-01 3.027911e+00 3.031479e-01 2.225950e+00 4.247003e-01
7.984344e-01 1.314923e+00 3.934067e-01 3.041280e+00 3.031712e-01 2.161285e+00 4.148029e-01
8.003914e-01 1.315199e+00 3.919560e-01 3.054647e+00 3.032511e-01 2.097739e+00 4.047196e-01
8.023483e-01 1.316177e+00 3.895833e-01 3.068621e+00 3.035064e-01 2.037377e+00 3.945325e-01
8.043053e-01 1.317010e+00 3.873968e-01 3.082288e+00 3.038028e-01 1.977789e+00 3.842112e-01
8.062622e-01 1.317646e+00 3.854555e-01 3.095576e+00 3.041462e-01 1.919042e+00 3.737876e-01
8.082192e-01 1.318034e+00 3.838186e-01 3.108413e+00 3.045422e-01 1.861203e+00 3.632936e-01
8.101761e-01 1.318123e+00 3.825449e-01 3.120728e+00 3.049968e-01 1.804341e+00 3.527611e-01
8.121331e-01 1.317863e+00 3.816937e-01 3.132450e+00 3.055157e-01 1.748522e+00 3.422219e-01
8.140900e-01 1.317202e+00 3.813238e-01 3.143506e+00 3.061048e-01 1.693815e+00 3.317078e-01
8.160470e-01 1.316090e+00 3.814945e-01 3.153826e+00 3.067697e-01 1.640286e+00 3.212508e-01
8.180039e-01 1.314476e+00 3.822646e-01 3.163338e+00 3.075164e-01 1.588003e+00 3.108828e-01
8.199609e-01 1.312309e+00 3.836934e-01 3.171969e+00 3.083505e-01 1.537034e+00 3.006354e-01
8.219178e-01 1.310399e+00 3.896655e-01 3.179971e+00 3.099099e-01 1.488925e+00 2.909251e-01
8.238748e-01 1.307801e+00 3.962713e-01 3.186937e+00 3.115448e-01 1.442209e+00 2.813848e-01
8.258317e-01 1.304397e+00 4.032647e-01 3.192772e+00 3.132106e-01 1.396836e+00 2.720159e-01
8.277886e-01 1.300085e+00 4.104784e-01 3.197384e+00 3.148756e-01 1.352785e+00 2.628275e-01
8.297456e-01 1.294763e+00 4.177450e-01 3.200683e+00 3.165083e-01 1.310038e+00 2.538287e-01
8.317025e-01 1.288329e+00 4.248973e-01 3.202579e+00 3.180771e-01 1.268573e+00 2.450287e-01
8.336595e-01 1.280682e+00 4.317680e-01 3.202980e+00 3.195504e-01 1.228372e+00 2.364365e-01
8.356164e-01 1.271720e+00 4.381898e-01 3.201796e+00 3.208966e-01 1.189414e+00 2.280613e-01
8.375734e-01 1.261340e+00 4.439955e-01 3.198938e+00 3.220841e-01 1.151678e+00 2.199122e-01
8.395303e-01 1.249442e+00 4.490177e-01 3.194313e+00 3.230814e-01 1.115146e+00 2.119984e-01
8.414873e-01 1.233929e+00 4.511599e-01 3.188041e+00 3.237834e-01 1.079590e+00 2.044462e-01
8.434442e-01 1.216175e+00 4.516833e-01 3.179876e+00 3.242130e-01 1.045145e+00 1.971780e-01
8.454012e-01 1.196865e+00 4.511795e-01 3.169645e+00 3.243674e-01 1.011870e+00 1.901567e-01
8.473581e-01 1.176047e+00 4.496276e-01 3.157243e+00 3.242205e-01 9.797610e-01 1.833826e-01
8.493151e-01 1.153771e+00 4.470072e-01 3.142563e+00 3.237463e-01 9.488143e-01 1.768559e-01
8.512720e-01 1.130088e+00 4.432975e-01 3.125499e+00 3.229189e-01 9.190252e-01 1.705768e-01
8.532290e-01 1.105047e+00 4.384778e-01 3.105944e+00 3.217121e-01 8.903896e-01 1.645456e-01
8.551859e-01 1.078698e+00 4.325275e-01 3.083793e+00 3.201000e-01 8.629030e-01 1.587624e-01
8.571429e-01 1.051092e+00 4.254259e-01 3.058937e+00 3.180566e-01 8.365611e-01 1.532275e-01
8.590998e-01 1.022277e+00 4.171523e-01 3.031273e+00 3.155559e-01 8.113597e-01 1.479412e-01
8.610568e-01 9.911197e-01 4.059466e-01 2.999351e+00 3.120805e-01 7.872742e-01 1.429365e-01
8.630137e-01 9.579128e-01 3.921447e-01 2.963341e+00 3.077052e-01 7.643045e-01 1.382071e-01
8.649706e-01 9.238419e-01 3.773947e-01 2.924423e+00 3.028751e-01 7.424656e-01 1.337213e-01
8.669276e-01 8.890831e-01 3.618614e-01 2.882632e+00 2.976168e-01 7.217552e-01 1.294760e-01
8.688845e-01 8.538126e-01 3.457098e-01 2.838007e+00 2.919566e-01 7.021712e-01 1.254679e-01
8.708415e-01 8.182066e-01 3.291047e-01 2.790583e+00 2.859208e-01 6.837115e-01 1.216935e-01
8.727984e-01 7.824412e-01 3.122110e-01 2.740397e+00 2.795358e-01 6.663738e-01 1.181497e-01
8.747554e-01 7.466926e-01 2.951937e-01 2.687486e+00 2.728281e-01 6.501559e-01 1.148331e-01
8.767123e-01 7.111371e-01 2.782176e-01 2.631887e+00 2.658240e-01 6.350557e-01 1.117404e-01
8.786693e-01 6.759506e-01 2.614477e-01 2.573635e+00 2.585500e-01 6.210710e-01 1.088683e-01
8.806262e-01 6.420097e-01 2.459607e-01 2.511164e+00 2.509399e-01 6.081524e-01 1.061994e-01
8.825832e-01 6.102327e-01 2.328883e-01 2.442809e+00 2.429221e-01 5.962473e-01 1.037152e-01
8.845401e-01 5.791872e-01 2.203005e-01 2.372292e+00 2.347355e-01 5.854624e-01 1.014451e-01
8.864971e-01 5.489238e-01 2.081983e-01 2.299940e+00 2.264230e-01 5.758040e-01 9.938825e-02
8.884540e-01 5.194927e-01 1.965828e-01 2.226076e+00 2.180275e-01 5.672785e-01 9.754400e-02
8.904110e-01 4.909443e-01 1.854551e-01 2.151026e+00 2.095922e-01 5.598922e-01 9.591155e-02
8.923679e-01 4.633290e-01 1.748161e-01 2.075114e+00 2.011599e-01 5.536515e-01 9.449016e-02
8.943249e-01 4.366971e-01 1.646670e-01 1.998667e+00 1.927737e-01 5.485626e-01 9.327907e-02
8.962818e-01 4.110990e-01 1.550087e-01 1.922009e+00 1.844766e-01 5.446319e-01 9.227753e-02
8.982387e-01 3.865850e-01 1.458424e-01 1.845464e+00 1.763115e-01 5.418657e-01 9.148479e-02
9.001957e-01 3.633510e-01 1.372055e-01 1.769467e+00 1.683672e-01 5.401314e-01 9.087599e-02
9.021526e-01 3.425921e-01 1.293849e-01 1.695189e+00 1.610461e-01 5.383413e-01 9.026073e-02
9.041096e-01 3.229766e-01 1.220365e-01 1.621933e+00 1.539572e-01 5.378225e-01 8.986722e-02
9.060665e-01 3.044713e-01 1.151404e-01 1.549961e+00 1.471173e-01 5.386612e-01 8.970857e-02
9.080235e-01 2.870430e-01 1.086768e-01 1.479535e+00 1.405431e-01 5.409436e-01 8.979784e-02
9.099804e-01 2.706586e-01 1.026258e-01 1.410920e+00 1.342514e-01 5.447558e-01 9.014813e-02
9.119374e-01 2.552849e-01 9.696778e-02 1.344378e+00 1.282590e-01 5.501839e-01 9.077253e-02
9.138943e-01 2.408887e-01 9.168277e-02 1.280172e+00 1.225825e-01 5.573142e-01 9.168412e-02
9.158513e-01 2.274369e-01 8.675099e-02 1.218566e+00 1.172389e-01 5.662328e-01 9.289598e-02
9.178082e-01 2.148963e-01 8.215261e-02 1.159822e+00 1.122448e-01 5.770259e-01 9.442121e-02
9.197652e-01 2.032337e-01 7.786784e-02 1.104203e+00 1.076170e-01 5.897795e-01 9.627289e-02
9.217221e-01 1.923526e-01 7.379631e-02 1.055619e+00 1.035512e-01 6.001699e-01 9.775320e-02
9.236791e-01 1.822781e-01 6.999234e-02 1.010977e+00 9.989946e-02 6.123426e-01 9.952961e-02
9.256360e-01 1.729900e-01 6.645246e-02 9.697982e-01 9.664220e-02 6.272797e-01 1.017596e-01
9.275930e-01 1.644593e-01 6.316215e-02 9.321069e-01 9.378442e-02 6.453573e-01 1.045031e-01
9.295499e-01 1.566570e-01 6.010689e-02 8.979263e-01 9.133109e-02 6.669518e-01 1.078198e-01
9.315068e-01 1.495540e-01 5.727215e-02 8.672796e-01 8.928722e-02 6.924392e-01 1.117697e-01
9.334638e-01 1.431215e-01 5.464341e-02 8.401901e-01 8.765779e-02 7.221957e-01 1.164125e-01
9.354207e-01 1.373304e-01 5.220614e-02 8.166812e-01 8.644782e-02 7.565976e-01 1.218082e-01
9.373777e-01 1.321518e-01 4.994583e-02 7.967761e-01 8.566228e-02 7.960211e-01 1.280165e-01
9.393346e-01 1.275565e-01 4.784795e-02 7.804982e-01 8.530617e-02 8.408424e-01 1.350972e-01
9.412916e-01 1.232219e-01 4.578797e-02 7.655025e-01 8.494835e-02 8.740059e-01 1.407524e-01
9.432485e-01 1.192780e-01 4.381089e-02 7.530934e-01 8.482972e-02 9.053177e-01 1.463174e-01
9.452055e-01 1.158731e-01 4.196862e-02 7.447250e-01 8.521880e-02 9.456849e-01 1.532765e-01
9.471624e-01 1.130039e-01 4.025627e-02 7.406276e-01 8.615869e-02 9.970073e-01 1.618956e-01
9.491194e-01 1.106672e-01 3.866892e-02 7.410316e-01 8.769251e-02 1.061185e+00 1.724406e-01
9.510763e-01 1.088596e-01 3.720166e-02 7.461673e-01 8.986337e-02 1.140117e+00 1.851775e-01
9.530333e-01 1.075777e-01 3.584959e-02 7.562648e-01 9.271440e-02 1.235703e+00 2.003722e-01
9.549902e-01 1.068183e-01 3.460780e-02 7.715547e-01 9.628869e-02 1.349844e+00 2.182907e-01
9.569472e-01 1.065781e-01 3.347137e-02 7.922671e-01 1.006294e-01 1.484439e+00 2.391987e-01
9.589041e-01 1.068537e-01 3.243540e-02 8.186324e-01 1.057796e-01 1.641387e+00 2.633624e-01
9.608611e-01 1.059738e-01 3.129961e-02 8.621623e-01 1.126550e-01 1.715494e+00 2.691305e-01
9.628180e-01 1.035787e-01 3.001734e-02 9.254976e-01 1.214851e-01 1.685777e+00 2.520866e-01
9.647750e-01 1.020036e-01 2.885760e-02 9.930518e-01 1.310897e-01 1.704284e+00 2.432239e-01
9.667319e-01 1.014634e-01 2.784103e-02 1.063580e+00 1.413979e-01 1.786922e+00 2.456750e-01
9.686888e-01 1.021730e-01 2.698829e-02 1.135836e+00 1.523385e-01 1.949598e+00 2.625724e-01
9.706458e-01 1.043471e-01 2.632001e-02 1.208576e+00 1.638406e-01 2.208221e+00 2.970488e-01
9.726027e-01 1.082006e-01 2.585685e-02 1.280554e+00 1.758331e-01 2.578696e+00 3.522366e-01
9.745597e-01 1.139483e-01 2.561944e-02 1.350524e+00 1.882451e-01 3.076931e+00 4.312684e-01
9.765166e-01 1.218052e-01 2.562844e-02 1.417242e+00 2.010054e-01 3.718834e+00 5.372768e-01
9.784736e-01 1.319861e-01 2.590448e-02 1.479462e+00 2.140432e-01 4.520312e+00 6.733943e-01
9.804305e-01 1.455281e-01 2.654724e-02 1.531173e+00 2.270156e-01 5.558163e+00 8.547442e-01
9.823875e-01 1.646768e-01 2.777250e-02 1.559359e+00 2.391803e-01 6.998642e+00 1.114067e+00
9.843444e-01 1.865319e-01 2.930156e-02 1.580831e+00 2.514960e-01 8.627010e+00 1.409074e+00
9.863014e-01 2.110934e-01 3.113441e-02 1.595588e+00 2.639628e-01 1.044327e+01 1.739767e+00
9.882583e-01 2.383613e-01 3.327106e-02 1.603632e+00 2.765805e-01 1.244742e+01 2.106144e+00
9.902153e-01 2.683355e-01 3.571151e-02 1.604961e+00 2.893492e-01 1.463946e+01 2.508207e+00
9.921722e-01 3.010161e-01 3.845575e-02 1.599575e+00 3.022690e-01 1.701938e+01 2.945954e+00
9.941292e-01 3.364031e-01 4.150379e-02 1.587475e+00 3.153397e-01 1.958720e+01 3.419387e+00
9.960861e-01 3.744965e-01 4.485563e-02 1.568661e+00 3.285614e-01 2.234291e+01 3.928504e+00
9.980431e-01 4.152963e-01 4.851127e-02 1.543133e+00 3.419342e-01 2.528651e+01 4.473307e+00
1.000000e+00 4.588024e-01 5.247070e-02 1.510891e+00 3.554580e-01 2.841799e+01 5.053794e+00
