 2.0000e+00  1.0000e+00  0.0000e+00  0.0000e+00
 2.0001e+00  9.9998e-01  4.3062e+00  1.5052e-02
 2.0181e+00  9.9550e-01  3.9717e+00  1.9614e-01
 2.0361e+00  9.9108e-01  3.7435e+00  2.6384e-01
 2.0541e+00  9.8670e-01  3.5697e+00  3.0726e-01
 2.0721e+00  9.8237e-01  3.4317e+00  3.3788e-01
 2.0901e+00  9.7807e-01  3.3190e+00  3.6057e-01
 2.1081e+00  9.7383e-01  3.2251e+00  3.7793e-01
 2.1261e+00  9.6962e-01  3.1458e+00  3.9152e-01
 2.1441e+00  9.6545e-01  3.0778e+00  4.0237e-01
 2.1621e+00  9.6133e-01  3.0189e+00  4.1114e-01
 2.1801e+00  9.5725e-01  2.9673e+00  4.1831e-01
 2.1981e+00  9.5321e-01  2.9219e+00  4.2423e-01
 2.2161e+00  9.4921e-01  2.8814e+00  4.2914e-01
 2.2341e+00  9.4525e-01  2.8452e+00  4.3324e-01
 2.2521e+00  9.4133e-01  2.8125e+00  4.3667e-01
 2.2701e+00  9.3745e-01  2.7829e+00  4.3953e-01
 2.2881e+00  9.3361e-01  2.7558e+00  4.4192e-01
 2.3061e+00  9.2981e-01  2.7310e+00  4.4391e-01
 2.3241e+00  9.2604e-01  2.7081e+00  4.4555e-01
 2.3421e+00  9.2232e-01  2.6868e+00  4.4689e-01
 2.3601e+00  9.1863e-01  2.6671e+00  4.4797e-01
 2.3781e+00  9.1498e-01  2.6486e+00  4.4882e-01
 2.3961e+00  9.1137e-01  2.6313e+00  4.4946e-01
 2.4141e+00  9.0780e-01  2.6150e+00  4.4991e-01
 2.4321e+00  9.0426e-01  2.5996e+00  4.5021e-01
 2.4501e+00  9.0075e-01  2.5850e+00  4.5035e-01
 2.4681e+00  8.9729e-01  2.5711e+00  4.5037e-01
 2.4861e+00  8.9385e-01  2.5579e+00  4.5027e-01
 2.5041e+00  8.9046e-01  2.5453e+00  4.5005e-01
 2.5221e+00  8.8709e-01  2.5332e+00  4.4975e-01
 2.5401e+00  8.8376e-01  2.5216e+00  4.4935e-01
 2.5581e+00  8.8047e-01  2.5104e+00  4.4887e-01
 2.5761e+00  8.7720e-01  2.4996e+00  4.4831e-01
 2.5941e+00  8.7397e-01  2.4892e+00  4.4769e-01
 2.6121e+00  8.7077e-01  2.4792e+00  4.4700e-01
 2.6301e+00  8.6760e-01  2.4695e+00  4.4626e-01
 2.6481e+00  8.6447e-01  2.4601e+00  4.4547e-01
 2.6661e+00  8.6136e-01  2.4509e+00  4.4463e-01
 2.6841e+00  8.5829e-01  2.4420e+00  4.4374e-01
 2.7021e+00  8.5524e-01  2.4334e+00  4.4282e-01
 2.7201e+00  8.5223e-01  2.4249e+00  4.4186e-01
 2.7381e+00  8.4924e-01  2.4167e+00  4.4086e-01
 2.7561e+00  8.4628e-01  2.4087e+00  4.3983e-01
 2.7741e+00  8.4335e-01  2.4009e+00  4.3878e-01
 2.7921e+00  8.4045e-01  2.3932e+00  4.3770e-01
 2.8101e+00  8.3758e-01  2.3857e+00  4.3659e-01
 2.8281e+00  8.3473e-01  2.3784e+00  4.3547e-01
 2.8461e+00  8.3191e-01  2.3712e+00  4.3432e-01
 2.8641e+00  8.2912e-01  2.3642e+00  4.3316e-01
 2.8821e+00  8.2635e-01  2.3573e+00  4.3198e-01
 2.9001e+00  8.2361e-01  2.3505e+00  4.3079e-01
 2.9181e+00  8.2090e-01  2.3439e+00  4.2958e-01
 2.9361e+00  8.1821e-01  2.3373e+00  4.2837e-01
 2.9541e+00  8.1554e-01  2.3309e+00  4.2714e-01
 2.9721e+00  8.1290e-01  2.3246e+00  4.2590e-01
 2.9901e+00  8.1028e-01  2.3184e+00  4.2465e-01
 3.0081e+00  8.0769e-01  2.3123e+00  4.2340e-01
 3.0261e+00  8.0512e-01  2.3063e+00  4.2214e-01
 3.0441e+00  8.0257e-01  2.3004e+00  4.2088e-01
 3.0621e+00  8.0005e-01  2.2946e+00  4.1961e-01
 3.0801e+00  7.9755e-01  2.2889e+00  4.1834e-01
 3.0981e+00  7.9507e-01  2.2833e+00  4.1706e-01
 3.1161e+00  7.9261e-01  2.2777e+00  4.1579e-01
 3.1341e+00  7.9017e-01  2.2723e+00  4.1451e-01
 3.1521e+00  7.8776e-01  2.2669e+00  4.1323e-01
 3.1701e+00  7.8536e-01  2.2615e+00  4.1195e-01
 3.1881e+00  7.8299e-01  2.2563e+00  4.1067e-01
 3.2061e+00  7.8064e-01  2.2511e+00  4.0939e-01
 3.2241e+00  7.7830e-01  2.2460e+00  4.0811e-01
 3.2421e+00  7.7599e-01  2.2410e+00  4.0683e-01
 3.2601e+00  7.7370e-01  2.2360e+00  4.0555e-01
 3.2781e+00  7.7143e-01  2.2311e+00  4.0428e-01
 3.2961e+00  7.6917e-01  2.2263e+00  4.0301e-01
 3.3141e+00  7.6694e-01  2.2215e+00  4.0174e-01
 3.3321e+00  7.6472e-01  2.2168e+00  4.0048e-01
 3.3501e+00  7.6252e-01  2.2122e+00  3.9922e-01
 3.3681e+00  7.6034e-01  2.2076e+00  3.9796e-01
 3.3861e+00  7.5818e-01  2.2030e+00  3.9671e-01
 3.4041e+00  7.5603e-01  2.1986e+00  3.9546e-01
 3.4221e+00  7.5391e-01  2.1941e+00  3.9421e-01
 3.4401e+00  7.5180e-01  2.1897e+00  3.9297e-01
 3.4581e+00  7.4970e-01  2.1854e+00  3.9174e-01
 3.4761e+00  7.4763e-01  2.1811e+00  3.9051e-01
 3.4941e+00  7.4557e-01  2.1769e+00  3.8928e-01
 3.5121e+00  7.4352e-01  2.1727e+00  3.8806e-01
 3.5301e+00  7.4150e-01  2.1686e+00  3.8684e-01
 3.5481e+00  7.3948e-01  2.1645e+00  3.8563e-01
 3.5661e+00  7.3749e-01  2.1605e+00  3.8443e-01
 3.5841e+00  7.3551e-01  2.1565e+00  3.8323e-01
 3.6021e+00  7.3355e-01  2.1526e+00  3.8204e-01
 3.6201e+00  7.3160e-01  2.1486e+00  3.8085e-01
 3.6381e+00  7.2966e-01  2.1448e+00  3.7967e-01
 3.6561e+00  7.2774e-01  2.1410e+00  3.7850e-01
 3.6741e+00  7.2584e-01  2.1372e+00  3.7733e-01
 3.6921e+00  7.2395e-01  2.1335e+00  3.7617e-01
 3.7101e+00  7.2207e-01  2.1298e+00  3.7501e-01
 3.7281e+00  7.2021e-01  2.1261e+00  3.7386e-01
 3.7461e+00  7.1836e-01  2.1225e+00  3.7271e-01
 3.7641e+00  7.1653e-01  2.1189e+00  3.7158e-01
 3.7821e+00  7.1471e-01  2.1153e+00  3.7045e-01
 3.8001e+00  7.1290e-01  2.1118e+00  3.6932e-01
 3.8181e+00  7.1111e-01  2.1084e+00  3.6820e-01
 3.8361e+00  7.0933e-01  2.1049e+00  3.6709e-01
 3.8541e+00  7.0756e-01  2.1015e+00  3.6598e-01
 3.8721e+00  7.0581e-01  2.0981e+00  3.6488e-01
 3.8901e+00  7.0406e-01  2.0948e+00  3.6379e-01
 3.9081e+00  7.0233e-01  2.0915e+00  3.6270e-01
 3.9261e+00  7.0062e-01  2.0882e+00  3.6162e-01
 3.9441e+00  6.9891e-01  2.0850e+00  3.6055e-01
 3.9621e+00  6.9722e-01  2.0818e+00  3.5948e-01
 3.9801e+00  6.9554e-01  2.0786e+00  3.5842e-01
 3.9981e+00  6.9387e-01  2.0755e+00  3.5737e-01
 4.0161e+00  6.9221e-01  2.0724e+00  3.5632e-01
 4.0341e+00  6.9057e-01  2.0693e+00  3.5528e-01
 4.0521e+00  6.8893e-01  2.0662e+00  3.5424e-01
 4.0701e+00  6.8731e-01  2.0632e+00  3.5321e-01
 4.0881e+00  6.8570e-01  2.0602e+00  3.5219e-01
 4.1061e+00  6.8410e-01  2.0572e+00  3.5117e-01
 4.1241e+00  6.8251e-01  2.0543e+00  3.5016e-01
 4.1421e+00  6.8093e-01  2.0514e+00  3.4915e-01
 4.1601e+00  6.7936e-01  2.0485e+00  3.4816e-01
 4.1781e+00  6.7780e-01  2.0456e+00  3.4716e-01
 4.1961e+00  6.7626e-01  2.0428e+00  3.4618e-01
 4.2141e+00  6.7472e-01  2.0400e+00  3.4520e-01
 4.2321e+00  6.7319e-01  2.0372e+00  3.4422e-01
 4.2501e+00  6.7168e-01  2.0344e+00  3.4326e-01
 4.2681e+00  6.7017e-01  2.0317e+00  3.4230e-01
 4.2861e+00  6.6867e-01  2.0290e+00  3.4134e-01
 4.3041e+00  6.6719e-01  2.0263e+00  3.4039e-01
 4.3221e+00  6.6571e-01  2.0236e+00  3.3945e-01
 4.3401e+00  6.6424e-01  2.0210e+00  3.3851e-01
 4.3581e+00  6.6279e-01  2.0184e+00  3.3758e-01
 4.3761e+00  6.6134e-01  2.0158e+00  3.3665e-01
 4.3941e+00  6.5990e-01  2.0132e+00  3.3573e-01
 4.4121e+00  6.5847e-01  2.0106e+00  3.3481e-01
 4.4301e+00  6.5705e-01  2.0081e+00  3.3390e-01
 4.4481e+00  6.5564e-01  2.0056e+00  3.3300e-01
 4.4661e+00  6.5423e-01  2.0031e+00  3.3210e-01
 4.4841e+00  6.5284e-01  2.0007e+00  3.3121e-01
 4.5021e+00  6.5145e-01  1.9982e+00  3.3032e-01
 4.5201e+00  6.5008e-01  1.9958e+00  3.2944e-01
 4.5381e+00  6.4871e-01  1.9934e+00  3.2857e-01
 4.5561e+00  6.4735e-01  1.9910e+00  3.2770e-01
 4.5741e+00  6.4600e-01  1.9886e+00  3.2683e-01
 4.5921e+00  6.4465e-01  1.9863e+00  3.2597e-01
 4.6101e+00  6.4332e-01  1.9840e+00  3.2512e-01
 4.6281e+00  6.4199e-01  1.9817e+00  3.2427e-01
 4.6461e+00  6.4067e-01  1.9794e+00  3.2343e-01
 4.6641e+00  6.3936e-01  1.9771e+00  3.2259e-01
 4.6821e+00  6.3806e-01  1.9749e+00  3.2175e-01
 4.7001e+00  6.3677e-01  1.9726e+00  3.2093e-01
 4.7181e+00  6.3548e-01  1.9704e+00  3.2010e-01
 4.7361e+00  6.3420e-01  1.9682e+00  3.1928e-01
 4.7541e+00  6.3293e-01  1.9660e+00  3.1847e-01
 4.7721e+00  6.3166e-01  1.9639e+00  3.1766e-01
 4.7901e+00  6.3041e-01  1.9617e+00  3.1686e-01
 4.8081e+00  6.2916e-01  1.9596e+00  3.1606e-01
 4.8261e+00  6.2792e-01  1.9575e+00  3.1527e-01
 4.8441e+00  6.2668e-01  1.9554e+00  3.1448e-01
 4.8621e+00  6.2545e-01  1.9533e+00  3.1370e-01
 4.8801e+00  6.2423e-01  1.9513e+00  3.1292e-01
 4.8981e+00  6.2302e-01  1.9492e+00  3.1214e-01
 4.9161e+00  6.2181e-01  1.9472e+00  3.1137e-01
 4.9341e+00  6.2061e-01  1.9452e+00  3.1061e-01
 4.9521e+00  6.1942e-01  1.9432e+00  3.0985e-01
 4.9701e+00  6.1823e-01  1.9412e+00  3.0909e-01
 4.9881e+00  6.1705e-01  1.9392e+00  3.0834e-01
 5.0061e+00  6.1588e-01  1.9373e+00  3.0759e-01
 5.0241e+00  6.1472e-01  1.9353e+00  3.0685e-01
 5.0421e+00  6.1356e-01  1.9334e+00  3.0611e-01
 5.0601e+00  6.1240e-01  1.9315e+00  3.0538e-01
 5.0781e+00  6.1126e-01  1.9296e+00  3.0465e-01
 5.0961e+00  6.1012e-01  1.9277e+00  3.0393e-01
 5.1141e+00  6.0898e-01  1.9258e+00  3.0321e-01
 5.1321e+00  6.0785e-01  1.9240e+00  3.0249e-01
 5.1501e+00  6.0673e-01  1.9221e+00  3.0178e-01
 5.1681e+00  6.0562e-01  1.9203e+00  3.0107e-01
 5.1861e+00  6.0451e-01  1.9185e+00  3.0037e-01
 5.2041e+00  6.0340e-01  1.9167e+00  2.9967e-01
 5.2221e+00  6.0231e-01  1.9149e+00  2.9897e-01
 5.2401e+00  6.0121e-01  1.9131e+00  2.9828e-01
 5.2581e+00  6.0013e-01  1.9114e+00  2.9759e-01
 5.2761e+00  5.9905e-01  1.9096e+00  2.9691e-01
 5.2941e+00  5.9797e-01  1.9079e+00  2.9623e-01
 5.3121e+00  5.9691e-01  1.9061e+00  2.9555e-01
 5.3301e+00  5.9584e-01  1.9044e+00  2.9488e-01
 5.3481e+00  5.9479e-01  1.9027e+00  2.9422e-01
 5.3661e+00  5.9373e-01  1.9010e+00  2.9355e-01
 5.3841e+00  5.9269e-01  1.8994e+00  2.9289e-01
 5.4021e+00  5.9165e-01  1.8977e+00  2.9224e-01
 5.4201e+00  5.9061e-01  1.8960e+00  2.9158e-01
 5.4381e+00  5.8958e-01  1.8944e+00  2.9093e-01
 5.4561e+00  5.8856e-01  1.8928e+00  2.9029e-01
 5.4741e+00  5.8754e-01  1.8911e+00  2.8965e-01
 5.4921e+00  5.8652e-01  1.8895e+00  2.8901e-01
 5.5101e+00  5.8552e-01  1.8879e+00  2.8837e-01
 5.5281e+00  5.8451e-01  1.8863e+00  2.8774e-01
 5.5461e+00  5.8351e-01  1.8848e+00  2.8712e-01
 5.5641e+00  5.8252e-01  1.8832e+00  2.8649e-01
 5.5821e+00  5.8153e-01  1.8816e+00  2.8587e-01
 5.6001e+00  5.8055e-01  1.8801e+00  2.8526e-01
 5.6181e+00  5.7957e-01  1.8785e+00  2.8464e-01
 5.6361e+00  5.7859e-01  1.8770e+00  2.8403e-01
 5.6541e+00  5.7763e-01  1.8755e+00  2.8342e-01
 5.6721e+00  5.7666e-01  1.8740e+00  2.8282e-01
 5.6901e+00  5.7570e-01  1.8725e+00  2.8222e-01
 5.7081e+00  5.7475e-01  1.8710e+00  2.8162e-01
 5.7261e+00  5.7380e-01  1.8695e+00  2.8103e-01
 5.7441e+00  5.7285e-01  1.8681e+00  2.8044e-01
 5.7621e+00  5.7191e-01  1.8666e+00  2.7985e-01
 5.7801e+00  5.7098e-01  1.8652e+00  2.7927e-01
 5.7981e+00  5.7004e-01  1.8637e+00  2.7869e-01
 5.8161e+00  5.6912e-01  1.8623e+00  2.7811e-01
 5.8341e+00  5.6819e-01  1.8609e+00  2.7754e-01
 5.8521e+00  5.6728e-01  1.8595e+00  2.7697e-01
 5.8701e+00  5.6636e-01  1.8581e+00  2.7640e-01
 5.8881e+00  5.6545e-01  1.8567e+00  2.7583e-01
 5.9061e+00  5.6455e-01  1.8553e+00  2.7527e-01
 5.9241e+00  5.6365e-01  1.8539e+00  2.7471e-01
 5.9421e+00  5.6275e-01  1.8525e+00  2.7415e-01
 5.9601e+00  5.6186e-01  1.8512e+00  2.7360e-01
 5.9781e+00  5.6097e-01  1.8498e+00  2.7305e-01
 5.9961e+00  5.6009e-01  1.8485e+00  2.7250e-01
 6.0141e+00  5.5921e-01  1.8472e+00  2.7196e-01
 6.0321e+00  5.5833e-01  1.8458e+00  2.7142e-01
 6.0501e+00  5.5746e-01  1.8445e+00  2.7088e-01
 6.0681e+00  5.5659e-01  1.8432e+00  2.7034e-01
 6.0861e+00  5.5573e-01  1.8419e+00  2.6981e-01
 6.1041e+00  5.5487e-01  1.8406e+00  2.6928e-01
 6.1221e+00  5.5402e-01  1.8393e+00  2.6875e-01
 6.1401e+00  5.5316e-01  1.8380e+00  2.6822e-01
 6.1581e+00  5.5232e-01  1.8368e+00  2.6770e-01
 6.1761e+00  5.5147e-01  1.8355e+00  2.6718e-01
 6.1941e+00  5.5063e-01  1.8343e+00  2.6667e-01
 6.2121e+00  5.4980e-01  1.8330e+00  2.6615e-01
 6.2301e+00  5.4896e-01  1.8318e+00  2.6564e-01
 6.2481e+00  5.4813e-01  1.8305e+00  2.6513e-01
 6.2661e+00  5.4731e-01  1.8293e+00  2.6462e-01
 6.2841e+00  5.4649e-01  1.8281e+00  2.6412e-01
 6.3021e+00  5.4567e-01  1.8269e+00  2.6362e-01
 6.3201e+00  5.4486e-01  1.8257e+00  2.6312e-01
 6.3381e+00  5.4405e-01  1.8245e+00  2.6262e-01
 6.3561e+00  5.4324e-01  1.8233e+00  2.6213e-01
 6.3741e+00  5.4244e-01  1.8221e+00  2.6164e-01
 6.3921e+00  5.4164e-01  1.8209e+00  2.6115e-01
 6.4101e+00  5.4084e-01  1.8198e+00  2.6066e-01
 6.4281e+00  5.4005e-01  1.8186e+00  2.6018e-01
 6.4461e+00  5.3926e-01  1.8175e+00  2.5969e-01
 6.4641e+00  5.3847e-01  1.8163e+00  2.5921e-01
 6.4821e+00  5.3769e-01  1.8152e+00  2.5874e-01
 6.5001e+00  5.3691e-01  1.8140e+00  2.5826e-01
 6.5181e+00  5.3614e-01  1.8129e+00  2.5779e-01
 6.5361e+00  5.3536e-01  1.8118e+00  2.5732e-01
 6.5541e+00  5.3459e-01  1.8107e+00  2.5685e-01
 6.5721e+00  5.3383e-01  1.8096e+00  2.5639e-01
 6.5901e+00  5.3307e-01  1.8085e+00  2.5592e-01
 6.6081e+00  5.3231e-01  1.8074e+00  2.5546e-01
 6.6261e+00  5.3155e-01  1.8063e+00  2.5500e-01
 6.6441e+00  5.3080e-01  1.8052e+00  2.5455e-01
 6.6621e+00  5.3005e-01  1.8041e+00  2.5409e-01
 6.6801e+00  5.2930e-01  1.8030e+00  2.5364e-01
 6.6981e+00  5.2856e-01  1.8020e+00  2.5319e-01
 6.7161e+00  5.2782e-01  1.8009e+00  2.5274e-01
 6.7341e+00  5.2708e-01  1.7998e+00  2.5230e-01
 6.7521e+00  5.2635e-01  1.7988e+00  2.5185e-01
 6.7701e+00  5.2562e-01  1.7978e+00  2.5141e-01
 6.7881e+00  5.2489e-01  1.7967e+00  2.5097e-01
 6.8061e+00  5.2416e-01  1.7957e+00  2.5053e-01
 6.8241e+00  5.2344e-01  1.7947e+00  2.5010e-01
 6.8421e+00  5.2272e-01  1.7936e+00  2.4966e-01
 6.8601e+00  5.2200e-01  1.7926e+00  2.4923e-01
 6.8781e+00  5.2129e-01  1.7916e+00  2.4880e-01
 6.8961e+00  5.2058e-01  1.7906e+00  2.4838e-01
 6.9141e+00  5.1987e-01  1.7896e+00  2.4795e-01
 6.9321e+00  5.1917e-01  1.7886e+00  2.4753e-01
 6.9501e+00  5.1847e-01  1.7876e+00  2.4711e-01
 6.9681e+00  5.1777e-01  1.7866e+00  2.4669e-01
 6.9861e+00  5.1707e-01  1.7857e+00  2.4627e-01
 7.0041e+00  5.1638e-01  1.7847e+00  2.4585e-01
 7.0221e+00  5.1569e-01  1.7837e+00  2.4544e-01
 7.0401e+00  5.1500e-01  1.7828e+00  2.4503e-01
 7.0581e+00  5.1432e-01  1.7818e+00  2.4462e-01
 7.0761e+00  5.1363e-01  1.7809e+00  2.4421e-01
 7.0941e+00  5.1295e-01  1.7799e+00  2.4380e-01
 7.1121e+00  5.1228e-01  1.7790e+00  2.4340e-01
 7.1301e+00  5.1160e-01  1.7780e+00  2.4299e-01
 7.1481e+00  5.1093e-01  1.7771e+00  2.4259e-01
 7.1661e+00  5.1026e-01  1.7762e+00  2.4219e-01
 7.1841e+00  5.0959e-01  1.7752e+00  2.4180e-01
 7.2021e+00  5.0893e-01  1.7743e+00  2.4140e-01
 7.2201e+00  5.0827e-01  1.7734e+00  2.4101e-01
 7.2381e+00  5.0761e-01  1.7725e+00  2.4061e-01
 7.2561e+00  5.0695e-01  1.7716e+00  2.4022e-01
 7.2741e+00  5.0630e-01  1.7707e+00  2.3984e-01
 7.2921e+00  5.0565e-01  1.7698e+00  2.3945e-01
 7.3101e+00  5.0500e-01  1.7689e+00  2.3906e-01
 7.3281e+00  5.0436e-01  1.7680e+00  2.3868e-01
 7.3461e+00  5.0371e-01  1.7671e+00  2.3830e-01
 7.3641e+00  5.0307e-01  1.7663e+00  2.3792e-01
 7.3821e+00  5.0243e-01  1.7654e+00  2.3754e-01
 7.4001e+00  5.0179e-01  1.7645e+00  2.3716e-01
 7.4181e+00  5.0116e-01  1.7637e+00  2.3679e-01
 7.4361e+00  5.0053e-01  1.7628e+00  2.3641e-01
 7.4541e+00  4.9990e-01  1.7619e+00  2.3604e-01
 7.4721e+00  4.9927e-01  1.7611e+00  2.3567e-01
 7.4901e+00  4.9865e-01  1.7602e+00  2.3530e-01
 7.5081e+00  4.9803e-01  1.7594e+00  2.3493e-01
 7.5261e+00  4.9741e-01  1.7586e+00  2.3457e-01
 7.5441e+00  4.9679e-01  1.7577e+00  2.3420e-01
 7.5621e+00  4.9617e-01  1.7569e+00  2.3384e-01
 7.5801e+00  4.9556e-01  1.7561e+00  2.3348e-01
 7.5981e+00  4.9495e-01  1.7552e+00  2.3312e-01
 7.6161e+00  4.9434e-01  1.7544e+00  2.3276e-01
 7.6341e+00  4.9373e-01  1.7536e+00  2.3241e-01
 7.6521e+00  4.9313e-01  1.7528e+00  2.3205e-01
 7.6701e+00  4.9253e-01  1.7520e+00  2.3170e-01
 7.6881e+00  4.9193e-01  1.7512e+00  2.3135e-01
 7.7061e+00  4.9133e-01  1.7504e+00  2.3100e-01
 7.7241e+00  4.9074e-01  1.7496e+00  2.3065e-01
 7.7421e+00  4.9014e-01  1.7488e+00  2.3030e-01
 7.7601e+00  4.8955e-01  1.7480e+00  2.2995e-01
 7.7781e+00  4.8896e-01  1.7472e+00  2.2961e-01
 7.7961e+00  4.8838e-01  1.7465e+00  2.2926e-01
 7.8141e+00  4.8779e-01  1.7457e+00  2.2892e-01
 7.8321e+00  4.8721e-01  1.7449e+00  2.2858e-01
 7.8501e+00  4.8663e-01  1.7441e+00  2.2824e-01
 7.8681e+00  4.8605e-01  1.7434e+00  2.2790e-01
 7.8861e+00  4.8547e-01  1.7426e+00  2.2757e-01
 7.9041e+00  4.8490e-01  1.7418e+00  2.2723e-01
 7.9221e+00  4.8433e-01  1.7411e+00  2.2690e-01
 7.9401e+00  4.8376e-01  1.7403e+00  2.2657e-01
 7.9581e+00  4.8319e-01  1.7396e+00  2.2624e-01
 7.9761e+00  4.8262e-01  1.7388e+00  2.2591e-01
 7.9941e+00  4.8206e-01  1.7381e+00  2.2558e-01
 8.0121e+00  4.8149e-01  1.7374e+00  2.2525e-01
 8.0301e+00  4.8093e-01  1.7366e+00  2.2492e-01
 8.0481e+00  4.8038e-01  1.7359e+00  2.2460e-01
 8.0661e+00  4.7982e-01  1.7352e+00  2.2428e-01
 8.0841e+00  4.7926e-01  1.7345e+00  2.2396e-01
 8.1021e+00  4.7871e-01  1.7337e+00  2.2363e-01
 8.1201e+00  4.7816e-01  1.7330e+00  2.2332e-01
 8.1381e+00  4.7761e-01  1.7323e+00  2.2300e-01
 8.1561e+00  4.7706e-01  1.7316e+00  2.2268e-01
 8.1741e+00  4.7652e-01  1.7309e+00  2.2236e-01
 8.1921e+00  4.7598e-01  1.7302e+00  2.2205e-01
 8.2101e+00  4.7543e-01  1.7295e+00  2.2174e-01
 8.2281e+00  4.7489e-01  1.7288e+00  2.2143e-01
 8.2461e+00  4.7436e-01  1.7281e+00  2.2111e-01
 8.2641e+00  4.7382e-01  1.7274e+00  2.2081e-01
 8.2821e+00  4.7329e-01  1.7267e+00  2.2050e-01
 8.3001e+00  4.7275e-01  1.7260e+00  2.2019e-01
 8.3181e+00  4.7222e-01  1.7253e+00  2.1988e-01
 8.3361e+00  4.7169e-01  1.7246e+00  2.1958e-01
 8.3541e+00  4.7117e-01  1.7240e+00  2.1928e-01
 8.3721e+00  4.7064e-01  1.7233e+00  2.1897e-01
 8.3901e+00  4.7012e-01  1.7226e+00  2.1867e-01
 8.4081e+00  4.6960e-01  1.7220e+00  2.1837e-01
 8.4261e+00  4.6908e-01  1.7213e+00  2.1807e-01
 8.4441e+00  4.6856e-01  1.7206e+00  2.1777e-01
 8.4621e+00  4.6804e-01  1.7200e+00  2.1748e-01
 8.4801e+00  4.6753e-01  1.7193e+00  2.1718e-01
 8.4981e+00  4.6701e-01  1.7187e+00  2.1689e-01
 8.5161e+00  4.6650e-01  1.7180e+00  2.1659e-01
 8.5341e+00  4.6599e-01  1.7174e+00  2.1630e-01
 8.5521e+00  4.6548e-01  1.7167e+00  2.1601e-01
 8.5701e+00  4.6498e-01  1.7161e+00  2.1572e-01
 8.5881e+00  4.6447e-01  1.7154e+00  2.1543e-01
 8.6061e+00  4.6397e-01  1.7148e+00  2.1514e-01
 8.6241e+00  4.6347e-01  1.7142e+00  2.1486e-01
 8.6421e+00  4.6297e-01  1.7135e+00  2.1457e-01
 8.6601e+00  4.6247e-01  1.7129e+00  2.1429e-01
 8.6781e+00  4.6197e-01  1.7123e+00  2.1400e-01
 8.6961e+00  4.6148e-01  1.7117e+00  2.1372e-01
 8.7141e+00  4.6098e-01  1.7110e+00  2.1344e-01
 8.7321e+00  4.6049e-01  1.7104e+00  2.1316e-01
 8.7501e+00  4.6000e-01  1.7098e+00  2.1288e-01
 8.7681e+00  4.5951e-01  1.7092e+00  2.1260e-01
 8.7861e+00  4.5902e-01  1.7086e+00  2.1232e-01
 8.8041e+00  4.5854e-01  1.7080e+00  2.1205e-01
 8.8221e+00  4.5805e-01  1.7074e+00  2.1177e-01
 8.8401e+00  4.5757e-01  1.7068e+00  2.1150e-01
 8.8581e+00  4.5709e-01  1.7062e+00  2.1122e-01
 8.8761e+00  4.5661e-01  1.7056e+00  2.1095e-01
 8.8941e+00  4.5613e-01  1.7050e+00  2.1068e-01
 8.9121e+00  4.5565e-01  1.7044e+00  2.1041e-01
 8.9301e+00  4.5518e-01  1.7038e+00  2.1014e-01
 8.9481e+00  4.5471e-01  1.7032e+00  2.0987e-01
 8.9661e+00  4.5423e-01  1.7026e+00  2.0960e-01
 8.9841e+00  4.5376e-01  1.7020e+00  2.0934e-01
 9.0021e+00  4.5329e-01  1.7014e+00  2.0907e-01
 9.0201e+00  4.5282e-01  1.7009e+00  2.0881e-01
 9.0381e+00  4.5236e-01  1.7003e+00  2.0854e-01
 9.0561e+00  4.5189e-01  1.6997e+00  2.0828e-01
 9.0741e+00  4.5143e-01  1.6991e+00  2.0802e-01
 9.0921e+00  4.5097e-01  1.6986e+00  2.0776e-01
 9.1101e+00  4.5051e-01  1.6980e+00  2.0750e-01
 9.1281e+00  4.5005e-01  1.6974e+00  2.0724e-01
 9.1461e+00  4.4959e-01  1.6969e+00  2.0698e-01
 9.1641e+00  4.4913e-01  1.6963e+00  2.0672e-01
 9.1821e+00  4.4868e-01  1.6958e+00  2.0646e-01
 9.2001e+00  4.4822e-01  1.6952e+00  2.0621e-01
 9.2181e+00  4.4777e-01  1.6946e+00  2.0595e-01
 9.2361e+00  4.4732e-01  1.6941e+00  2.0570e-01
 9.2541e+00  4.4687e-01  1.6935e+00  2.0545e-01
 9.2721e+00  4.4642e-01  1.6930e+00  2.0520e-01
 9.2901e+00  4.4597e-01  1.6925e+00  2.0494e-01
 9.3081e+00  4.4553e-01  1.6919e+00  2.0469e-01
 9.3261e+00  4.4508e-01  1.6914e+00  2.0444e-01
 9.3441e+00  4.4464e-01  1.6908e+00  2.0420e-01
 9.3621e+00  4.4420e-01  1.6903e+00  2.0395e-01
 9.3801e+00  4.4376e-01  1.6898e+00  2.0370e-01
 9.3981e+00  4.4332e-01  1.6892e+00  2.0345e-01
 9.4161e+00  4.4288e-01  1.6887e+00  2.0321e-01
 9.4341e+00  4.4244e-01  1.6882e+00  2.0296e-01
 9.4521e+00  4.4201e-01  1.6876e+00  2.0272e-01
 9.4701e+00  4.4158e-01  1.6871e+00  2.0248e-01
 9.4881e+00  4.4114e-01  1.6866e+00  2.0224e-01
 9.5061e+00  4.4071e-01  1.6861e+00  2.0200e-01
 9.5241e+00  4.4028e-01  1.6856e+00  2.0175e-01
 9.5421e+00  4.3985e-01  1.6850e+00  2.0152e-01
 9.5601e+00  4.3942e-01  1.6845e+00  2.0128e-01
 9.5781e+00  4.3900e-01  1.6840e+00  2.0104e-01
 9.5961e+00  4.3857e-01  1.6835e+00  2.0080e-01
 9.6141e+00  4.3815e-01  1.6830e+00  2.0056e-01
 9.6321e+00  4.3773e-01  1.6825e+00  2.0033e-01
 9.6501e+00  4.3730e-01  1.6820e+00  2.0009e-01
 9.6681e+00  4.3688e-01  1.6815e+00  1.9986e-01
 9.6861e+00  4.3646e-01  1.6810e+00  1.9963e-01
 9.7041e+00  4.3605e-01  1.6805e+00  1.9939e-01
 9.7221e+00  4.3563e-01  1.6800e+00  1.9916e-01
 9.7401e+00  4.3521e-01  1.6795e+00  1.9893e-01
 9.7581e+00  4.3480e-01  1.6790e+00  1.9870e-01
 9.7761e+00  4.3439e-01  1.6785e+00  1.9847e-01
 9.7941e+00  4.3397e-01  1.6780e+00  1.9824e-01
 9.8121e+00  4.3356e-01  1.6775e+00  1.9801e-01
 9.8301e+00  4.3315e-01  1.6771e+00  1.9779e-01
 9.8481e+00  4.3275e-01  1.6766e+00  1.9756e-01
 9.8661e+00  4.3234e-01  1.6761e+00  1.9734e-01
 9.8841e+00  4.3193e-01  1.6756e+00  1.9711e-01
 9.9021e+00  4.3153e-01  1.6751e+00  1.9689e-01
 9.9201e+00  4.3112e-01  1.6747e+00  1.9666e-01
 9.9381e+00  4.3072e-01  1.6742e+00  1.9644e-01
 9.9561e+00  4.3032e-01  1.6737e+00  1.9622e-01
 9.9741e+00  4.2992e-01  1.6732e+00  1.9600e-01
 9.9921e+00  4.2952e-01  1.6728e+00  1.9577e-01
 1.0010e+01  4.2912e-01  1.6723e+00  1.9555e-01
 1.0028e+01  4.2872e-01  1.6718e+00  1.9534e-01
 1.0046e+01  4.2833e-01  1.6714e+00  1.9512e-01
 1.0064e+01  4.2793e-01  1.6709e+00  1.9490e-01
 1.0082e+01  4.2754e-01  1.6704e+00  1.9468e-01
 1.0100e+01  4.2714e-01  1.6700e+00  1.9446e-01
 1.0118e+01  4.2675e-01  1.6695e+00  1.9425e-01
 1.0136e+01  4.2636e-01  1.6691e+00  1.9403e-01
 1.0154e+01  4.2597e-01  1.6686e+00  1.9382e-01
 1.0172e+01  4.2558e-01  1.6682e+00  1.9360e-01
 1.0190e+01  4.2520e-01  1.6677e+00  1.9339e-01
 1.0208e+01  4.2481e-01  1.6673e+00  1.9318e-01
 1.0226e+01  4.2442e-01  1.6668e+00  1.9297e-01
 1.0244e+01  4.2404e-01  1.6664e+00  1.9276e-01
 1.0262e+01  4.2366e-01  1.6659e+00  1.9255e-01
 1.0280e+01  4.2327e-01  1.6655e+00  1.9234e-01
 1.0298e+01  4.2289e-01  1.6650e+00  1.9213e-01
 1.0316e+01  4.2251e-01  1.6646e+00  1.9192e-01
 1.0334e+01  4.2213e-01  1.6642e+00  1.9171e-01
 1.0352e+01  4.2176e-01  1.6637e+00  1.9150e-01
 1.0370e+01  4.2138e-01  1.6633e+00  1.9130e-01
 1.0388e+01  4.2100e-01  1.6629e+00  1.9109e-01
 1.0406e+01  4.2063e-01  1.6624e+00  1.9088e-01
 1.0424e+01  4.2025e-01  1.6620e+00  1.9068e-01
 1.0442e+01  4.1988e-01  1.6616e+00  1.9047e-01
 1.0460e+01  4.1951e-01  1.6611e+00  1.9027e-01
 1.0478e+01  4.1914e-01  1.6607e+00  1.9007e-01
 1.0496e+01  4.1877e-01  1.6603e+00  1.8987e-01
 1.0514e+01  4.1840e-01  1.6599e+00  1.8966e-01
 1.0532e+01  4.1803e-01  1.6594e+00  1.8946e-01
 1.0550e+01  4.1766e-01  1.6590e+00  1.8926e-01
 1.0568e+01  4.1729e-01  1.6586e+00  1.8906e-01
 1.0586e+01  4.1693e-01  1.6582e+00  1.8886e-01
 1.0604e+01  4.1656e-01  1.6578e+00  1.8866e-01
 1.0622e+01  4.1620e-01  1.6574e+00  1.8847e-01
 1.0640e+01  4.1584e-01  1.6569e+00  1.8827e-01
 1.0658e+01  4.1548e-01  1.6565e+00  1.8807e-01
 1.0676e+01  4.1512e-01  1.6561e+00  1.8787e-01
 1.0694e+01  4.1476e-01  1.6557e+00  1.8768e-01
 1.0712e+01  4.1440e-01  1.6553e+00  1.8748e-01
 1.0730e+01  4.1404e-01  1.6549e+00  1.8729e-01
 1.0748e+01  4.1368e-01  1.6545e+00  1.8709e-01
 1.0766e+01  4.1333e-01  1.6541e+00  1.8690e-01
 1.0784e+01  4.1297e-01  1.6537e+00  1.8671e-01
 1.0802e+01  4.1262e-01  1.6533e+00  1.8652e-01
 1.0820e+01  4.1226e-01  1.6529e+00  1.8632e-01
 1.0838e+01  4.1191e-01  1.6525e+00  1.8613e-01
 1.0856e+01  4.1156e-01  1.6521e+00  1.8594e-01
 1.0874e+01  4.1121e-01  1.6517e+00  1.8575e-01
 1.0892e+01  4.1086e-01  1.6513e+00  1.8556e-01
 1.0910e+01  4.1051e-01  1.6509e+00  1.8537e-01
 1.0928e+01  4.1016e-01  1.6505e+00  1.8518e-01
 1.0946e+01  4.0982e-01  1.6501e+00  1.8500e-01
 1.0964e+01  4.0947e-01  1.6497e+00  1.8481e-01
 1.0982e+01  4.0913e-01  1.6494e+00  1.8462e-01
 1.1000e+01  4.0878e-01  1.6490e+00  1.8444e-01
 1.1018e+01  4.0844e-01  1.6486e+00  1.8425e-01
 1.1036e+01  4.0810e-01  1.6482e+00  1.8407e-01
 1.1054e+01  4.0775e-01  1.6478e+00  1.8388e-01
 1.1072e+01  4.0741e-01  1.6474e+00  1.8370e-01
 1.1090e+01  4.0707e-01  1.6471e+00  1.8351e-01
 1.1108e+01  4.0673e-01  1.6467e+00  1.8333e-01
 1.1126e+01  4.0639e-01  1.6463e+00  1.8315e-01
 1.1144e+01  4.0606e-01  1.6459e+00  1.8296e-01
 1.1162e+01  4.0572e-01  1.6456e+00  1.8278e-01
 1.1180e+01  4.0538e-01  1.6452e+00  1.8260e-01
 1.1198e+01  4.0505e-01  1.6448e+00  1.8242e-01
 1.1216e+01  4.0472e-01  1.6444e+00  1.8224e-01
 1.1234e+01  4.0438e-01  1.6441e+00  1.8206e-01
 1.1252e+01  4.0405e-01  1.6437e+00  1.8188e-01
 1.1270e+01  4.0372e-01  1.6433e+00  1.8170e-01
 1.1288e+01  4.0339e-01  1.6430e+00  1.8153e-01
 1.1306e+01  4.0306e-01  1.6426e+00  1.8135e-01
 1.1324e+01  4.0273e-01  1.6422e+00  1.8117e-01
 1.1342e+01  4.0240e-01  1.6419e+00  1.8100e-01
 1.1360e+01  4.0207e-01  1.6415e+00  1.8082e-01
 1.1378e+01  4.0174e-01  1.6412e+00  1.8064e-01
 1.1396e+01  4.0142e-01  1.6408e+00  1.8047e-01
 1.1414e+01  4.0109e-01  1.6404e+00  1.8029e-01
 1.1432e+01  4.0077e-01  1.6401e+00  1.8012e-01
 1.1450e+01  4.0044e-01  1.6397e+00  1.7995e-01
 1.1468e+01  4.0012e-01  1.6394e+00  1.7977e-01
 1.1486e+01  3.9980e-01  1.6390e+00  1.7960e-01
 1.1504e+01  3.9948e-01  1.6387e+00  1.7943e-01
 1.1522e+01  3.9916e-01  1.6383e+00  1.7926e-01
 1.1540e+01  3.9884e-01  1.6380e+00  1.7908e-01
 1.1558e+01  3.9852e-01  1.6376e+00  1.7891e-01
 1.1576e+01  3.9820e-01  1.6373e+00  1.7874e-01
 1.1594e+01  3.9788e-01  1.6369e+00  1.7857e-01
 1.1612e+01  3.9756e-01  1.6366e+00  1.7840e-01
 1.1630e+01  3.9725e-01  1.6362e+00  1.7824e-01
 1.1648e+01  3.9693e-01  1.6359e+00  1.7807e-01
 1.1666e+01  3.9662e-01  1.6355e+00  1.7790e-01
 1.1684e+01  3.9630e-01  1.6352e+00  1.7773e-01
 1.1702e+01  3.9599e-01  1.6349e+00  1.7756e-01
 1.1720e+01  3.9568e-01  1.6345e+00  1.7740e-01
 1.1738e+01  3.9537e-01  1.6342e+00  1.7723e-01
 1.1756e+01  3.9506e-01  1.6338e+00  1.7707e-01
 1.1774e+01  3.9475e-01  1.6335e+00  1.7690e-01
 1.1792e+01  3.9444e-01  1.6332e+00  1.7674e-01
 1.1810e+01  3.9413e-01  1.6328e+00  1.7657e-01
 1.1828e+01  3.9382e-01  1.6325e+00  1.7641e-01
 1.1846e+01  3.9351e-01  1.6322e+00  1.7624e-01
 1.1864e+01  3.9321e-01  1.6318e+00  1.7608e-01
 1.1882e+01  3.9290e-01  1.6315e+00  1.7592e-01
 1.1900e+01  3.9260e-01  1.6312e+00  1.7575e-01
 1.1918e+01  3.9229e-01  1.6309e+00  1.7559e-01
 1.1936e+01  3.9199e-01  1.6305e+00  1.7543e-01
 1.1954e+01  3.9168e-01  1.6302e+00  1.7527e-01
 1.1972e+01  3.9138e-01  1.6299e+00  1.7511e-01
 1.1990e+01  3.9108e-01  1.6296e+00  1.7495e-01
 1.2008e+01  3.9078e-01  1.6292e+00  1.7479e-01
 1.2026e+01  3.9048e-01  1.6289e+00  1.7463e-01
 1.2044e+01  3.9018e-01  1.6286e+00  1.7447e-01
 1.2062e+01  3.8988e-01  1.6283e+00  1.7431e-01
 1.2080e+01  3.8958e-01  1.6280e+00  1.7416e-01
 1.2098e+01  3.8929e-01  1.6276e+00  1.7400e-01
 1.2116e+01  3.8899e-01  1.6273e+00  1.7384e-01
 1.2134e+01  3.8869e-01  1.6270e+00  1.7368e-01
 1.2152e+01  3.8840e-01  1.6267e+00  1.7353e-01
 1.2170e+01  3.8810e-01  1.6264e+00  1.7337e-01
 1.2188e+01  3.8781e-01  1.6261e+00  1.7322e-01
 1.2206e+01  3.8752e-01  1.6257e+00  1.7306e-01
 1.2224e+01  3.8722e-01  1.6254e+00  1.7291e-01
 1.2242e+01  3.8693e-01  1.6251e+00  1.7275e-01
 1.2260e+01  3.8664e-01  1.6248e+00  1.7260e-01
 1.2278e+01  3.8635e-01  1.6245e+00  1.7244e-01
 1.2296e+01  3.8606e-01  1.6242e+00  1.7229e-01
 1.2314e+01  3.8577e-01  1.6239e+00  1.7214e-01
 1.2332e+01  3.8548e-01  1.6236e+00  1.7198e-01
 1.2350e+01  3.8519e-01  1.6233e+00  1.7183e-01
 1.2368e+01  3.8490e-01  1.6230e+00  1.7168e-01
 1.2386e+01  3.8462e-01  1.6227e+00  1.7153e-01
 1.2404e+01  3.8433e-01  1.6224e+00  1.7138e-01
 1.2422e+01  3.8405e-01  1.6221e+00  1.7123e-01
 1.2440e+01  3.8376e-01  1.6218e+00  1.7108e-01
 1.2458e+01  3.8348e-01  1.6215e+00  1.7093e-01
 1.2476e+01  3.8319e-01  1.6212e+00  1.7078e-01
 1.2494e+01  3.8291e-01  1.6209e+00  1.7063e-01
 1.2512e+01  3.8263e-01  1.6206e+00  1.7048e-01
 1.2530e+01  3.8234e-01  1.6203e+00  1.7033e-01
 1.2548e+01  3.8206e-01  1.6200e+00  1.7018e-01
 1.2566e+01  3.8178e-01  1.6197e+00  1.7004e-01
 1.2584e+01  3.8150e-01  1.6194e+00  1.6989e-01
 1.2602e+01  3.8122e-01  1.6191e+00  1.6974e-01
 1.2620e+01  3.8094e-01  1.6188e+00  1.6960e-01
 1.2638e+01  3.8067e-01  1.6185e+00  1.6945e-01
 1.2656e+01  3.8039e-01  1.6182e+00  1.6930e-01
 1.2674e+01  3.8011e-01  1.6179e+00  1.6916e-01
 1.2692e+01  3.7984e-01  1.6177e+00  1.6901e-01
 1.2710e+01  3.7956e-01  1.6174e+00  1.6887e-01
 1.2728e+01  3.7929e-01  1.6171e+00  1.6872e-01
 1.2746e+01  3.7901e-01  1.6168e+00  1.6858e-01
 1.2764e+01  3.7874e-01  1.6165e+00  1.6844e-01
 1.2782e+01  3.7846e-01  1.6162e+00  1.6829e-01
 1.2800e+01  3.7819e-01  1.6159e+00  1.6815e-01
 1.2818e+01  3.7792e-01  1.6157e+00  1.6801e-01
 1.2836e+01  3.7765e-01  1.6154e+00  1.6787e-01
 1.2854e+01  3.7738e-01  1.6151e+00  1.6772e-01
 1.2872e+01  3.7711e-01  1.6148e+00  1.6758e-01
 1.2890e+01  3.7684e-01  1.6145e+00  1.6744e-01
 1.2908e+01  3.7657e-01  1.6143e+00  1.6730e-01
 1.2926e+01  3.7630e-01  1.6140e+00  1.6716e-01
 1.2944e+01  3.7603e-01  1.6137e+00  1.6702e-01
 1.2962e+01  3.7576e-01  1.6134e+00  1.6688e-01
 1.2980e+01  3.7549e-01  1.6131e+00  1.6674e-01
 1.2998e+01  3.7523e-01  1.6129e+00  1.6660e-01
 1.3016e+01  3.7496e-01  1.6126e+00  1.6646e-01
 1.3034e+01  3.7470e-01  1.6123e+00  1.6632e-01
 1.3052e+01  3.7443e-01  1.6120e+00  1.6619e-01
 1.3070e+01  3.7417e-01  1.6118e+00  1.6605e-01
 1.3088e+01  3.7390e-01  1.6115e+00  1.6591e-01
 1.3106e+01  3.7364e-01  1.6112e+00  1.6577e-01
 1.3124e+01  3.7338e-01  1.6110e+00  1.6564e-01
 1.3142e+01  3.7312e-01  1.6107e+00  1.6550e-01
 1.3160e+01  3.7286e-01  1.6104e+00  1.6536e-01
 1.3178e+01  3.7260e-01  1.6102e+00  1.6523e-01
 1.3196e+01  3.7233e-01  1.6099e+00  1.6509e-01
 1.3214e+01  3.7208e-01  1.6096e+00  1.6496e-01
 1.3232e+01  3.7182e-01  1.6094e+00  1.6482e-01
 1.3250e+01  3.7156e-01  1.6091e+00  1.6469e-01
 1.3268e+01  3.7130e-01  1.6088e+00  1.6455e-01
 1.3286e+01  3.7104e-01  1.6086e+00  1.6442e-01
 1.3304e+01  3.7078e-01  1.6083e+00  1.6429e-01
 1.3322e+01  3.7053e-01  1.6080e+00  1.6415e-01
 1.3340e+01  3.7027e-01  1.6078e+00  1.6402e-01
 1.3358e+01  3.7002e-01  1.6075e+00  1.6389e-01
 1.3376e+01  3.6976e-01  1.6073e+00  1.6376e-01
 1.3394e+01  3.6951e-01  1.6070e+00  1.6362e-01
 1.3412e+01  3.6925e-01  1.6068e+00  1.6349e-01
 1.3430e+01  3.6900e-01  1.6065e+00  1.6336e-01
 1.3448e+01  3.6875e-01  1.6062e+00  1.6323e-01
 1.3466e+01  3.6849e-01  1.6060e+00  1.6310e-01
 1.3484e+01  3.6824e-01  1.6057e+00  1.6297e-01
 1.3502e+01  3.6799e-01  1.6055e+00  1.6284e-01
 1.3520e+01  3.6774e-01  1.6052e+00  1.6271e-01
 1.3538e+01  3.6749e-01  1.6050e+00  1.6258e-01
 1.3556e+01  3.6724e-01  1.6047e+00  1.6245e-01
 1.3574e+01  3.6699e-01  1.6045e+00  1.6232e-01
 1.3592e+01  3.6674e-01  1.6042e+00  1.6219e-01
 1.3610e+01  3.6649e-01  1.6040e+00  1.6206e-01
 1.3628e+01  3.6625e-01  1.6037e+00  1.6193e-01
 1.3646e+01  3.6600e-01  1.6035e+00  1.6181e-01
 1.3664e+01  3.6575e-01  1.6032e+00  1.6168e-01
 1.3682e+01  3.6551e-01  1.6030e+00  1.6155e-01
 1.3700e+01  3.6526e-01  1.6027e+00  1.6142e-01
 1.3718e+01  3.6502e-01  1.6025e+00  1.6130e-01
 1.3736e+01  3.6477e-01  1.6022e+00  1.6117e-01
 1.3754e+01  3.6453e-01  1.6020e+00  1.6105e-01
 1.3772e+01  3.6428e-01  1.6017e+00  1.6092e-01
 1.3790e+01  3.6404e-01  1.6015e+00  1.6079e-01
 1.3808e+01  3.6380e-01  1.6012e+00  1.6067e-01
 1.3826e+01  3.6355e-01  1.6010e+00  1.6054e-01
 1.3844e+01  3.6331e-01  1.6008e+00  1.6042e-01
 1.3862e+01  3.6307e-01  1.6005e+00  1.6029e-01
 1.3880e+01  3.6283e-01  1.6003e+00  1.6017e-01
 1.3898e+01  3.6259e-01  1.6000e+00  1.6005e-01
 1.3916e+01  3.6235e-01  1.5998e+00  1.5992e-01
 1.3934e+01  3.6211e-01  1.5996e+00  1.5980e-01
 1.3952e+01  3.6187e-01  1.5993e+00  1.5968e-01
 1.3970e+01  3.6163e-01  1.5991e+00  1.5955e-01
 1.3988e+01  3.6140e-01  1.5988e+00  1.5943e-01
 1.4006e+01  3.6116e-01  1.5986e+00  1.5931e-01
 1.4024e+01  3.6092e-01  1.5984e+00  1.5919e-01
 1.4042e+01  3.6068e-01  1.5981e+00  1.5907e-01
 1.4060e+01  3.6045e-01  1.5979e+00  1.5894e-01
 1.4078e+01  3.6021e-01  1.5977e+00  1.5882e-01
 1.4096e+01  3.5998e-01  1.5974e+00  1.5870e-01
 1.4114e+01  3.5974e-01  1.5972e+00  1.5858e-01
 1.4132e+01  3.5951e-01  1.5970e+00  1.5846e-01
 1.4150e+01  3.5927e-01  1.5967e+00  1.5834e-01
 1.4168e+01  3.5904e-01  1.5965e+00  1.5822e-01
 1.4186e+01  3.5881e-01  1.5963e+00  1.5810e-01
 1.4204e+01  3.5858e-01  1.5961e+00  1.5798e-01
 1.4222e+01  3.5834e-01  1.5958e+00  1.5786e-01
 1.4240e+01  3.5811e-01  1.5956e+00  1.5774e-01
 1.4258e+01  3.5788e-01  1.5954e+00  1.5763e-01
 1.4276e+01  3.5765e-01  1.5951e+00  1.5751e-01
 1.4294e+01  3.5742e-01  1.5949e+00  1.5739e-01
 1.4312e+01  3.5719e-01  1.5947e+00  1.5727e-01
 1.4330e+01  3.5696e-01  1.5945e+00  1.5715e-01
 1.4348e+01  3.5673e-01  1.5942e+00  1.5704e-01
 1.4366e+01  3.5650e-01  1.5940e+00  1.5692e-01
 1.4384e+01  3.5627e-01  1.5938e+00  1.5680e-01
 1.4402e+01  3.5605e-01  1.5936e+00  1.5669e-01
 1.4420e+01  3.5582e-01  1.5933e+00  1.5657e-01
 1.4438e+01  3.5559e-01  1.5931e+00  1.5645e-01
 1.4456e+01  3.5537e-01  1.5929e+00  1.5634e-01
 1.4474e+01  3.5514e-01  1.5927e+00  1.5622e-01
 1.4492e+01  3.5492e-01  1.5925e+00  1.5611e-01
 1.4510e+01  3.5469e-01  1.5922e+00  1.5599e-01
 1.4528e+01  3.5447e-01  1.5920e+00  1.5588e-01
 1.4546e+01  3.5424e-01  1.5918e+00  1.5576e-01
 1.4564e+01  3.5402e-01  1.5916e+00  1.5565e-01
 1.4582e+01  3.5379e-01  1.5914e+00  1.5554e-01
 1.4600e+01  3.5357e-01  1.5911e+00  1.5542e-01
 1.4618e+01  3.5335e-01  1.5909e+00  1.5531e-01
 1.4636e+01  3.5313e-01  1.5907e+00  1.5519e-01
 1.4654e+01  3.5291e-01  1.5905e+00  1.5508e-01
 1.4672e+01  3.5268e-01  1.5903e+00  1.5497e-01
 1.4690e+01  3.5246e-01  1.5901e+00  1.5486e-01
 1.4708e+01  3.5224e-01  1.5899e+00  1.5474e-01
 1.4726e+01  3.5202e-01  1.5896e+00  1.5463e-01
 1.4744e+01  3.5180e-01  1.5894e+00  1.5452e-01
 1.4762e+01  3.5158e-01  1.5892e+00  1.5441e-01
 1.4780e+01  3.5137e-01  1.5890e+00  1.5430e-01
 1.4798e+01  3.5115e-01  1.5888e+00  1.5419e-01
 1.4816e+01  3.5093e-01  1.5886e+00  1.5408e-01
 1.4834e+01  3.5071e-01  1.5884e+00  1.5396e-01
 1.4852e+01  3.5049e-01  1.5882e+00  1.5385e-01
 1.4870e+01  3.5028e-01  1.5879e+00  1.5374e-01
 1.4888e+01  3.5006e-01  1.5877e+00  1.5363e-01
 1.4906e+01  3.4985e-01  1.5875e+00  1.5352e-01
 1.4924e+01  3.4963e-01  1.5873e+00  1.5341e-01
 1.4942e+01  3.4942e-01  1.5871e+00  1.5331e-01
 1.4960e+01  3.4920e-01  1.5869e+00  1.5320e-01
 1.4978e+01  3.4899e-01  1.5867e+00  1.5309e-01
 1.4996e+01  3.4877e-01  1.5865e+00  1.5298e-01
 1.5014e+01  3.4856e-01  1.5863e+00  1.5287e-01
 1.5032e+01  3.4835e-01  1.5861e+00  1.5276e-01
 1.5050e+01  3.4813e-01  1.5859e+00  1.5265e-01
 1.5068e+01  3.4792e-01  1.5857e+00  1.5255e-01
 1.5086e+01  3.4771e-01  1.5855e+00  1.5244e-01
 1.5104e+01  3.4750e-01  1.5853e+00  1.5233e-01
 1.5122e+01  3.4729e-01  1.5851e+00  1.5222e-01
 1.5140e+01  3.4707e-01  1.5849e+00  1.5212e-01
 1.5158e+01  3.4686e-01  1.5847e+00  1.5201e-01
 1.5176e+01  3.4665e-01  1.5845e+00  1.5190e-01
 1.5194e+01  3.4644e-01  1.5843e+00  1.5180e-01
 1.5212e+01  3.4623e-01  1.5841e+00  1.5169e-01
 1.5230e+01  3.4603e-01  1.5839e+00  1.5159e-01
 1.5248e+01  3.4582e-01  1.5837e+00  1.5148e-01
 1.5266e+01  3.4561e-01  1.5835e+00  1.5138e-01
 1.5284e+01  3.4540e-01  1.5833e+00  1.5127e-01
 1.5302e+01  3.4519e-01  1.5831e+00  1.5117e-01
 1.5320e+01  3.4499e-01  1.5829e+00  1.5106e-01
 1.5338e+01  3.4478e-01  1.5827e+00  1.5096e-01
 1.5356e+01  3.4457e-01  1.5825e+00  1.5085e-01
 1.5374e+01  3.4437e-01  1.5823e+00  1.5075e-01
 1.5392e+01  3.4416e-01  1.5821e+00  1.5064e-01
 1.5410e+01  3.4396e-01  1.5819e+00  1.5054e-01
 1.5428e+01  3.4375e-01  1.5817e+00  1.5044e-01
 1.5446e+01  3.4355e-01  1.5815e+00  1.5033e-01
 1.5464e+01  3.4334e-01  1.5813e+00  1.5023e-01
 1.5482e+01  3.4314e-01  1.5811e+00  1.5013e-01
 1.5500e+01  3.4294e-01  1.5809e+00  1.5002e-01
 1.5518e+01  3.4273e-01  1.5807e+00  1.4992e-01
 1.5536e+01  3.4253e-01  1.5805e+00  1.4982e-01
 1.5554e+01  3.4233e-01  1.5804e+00  1.4972e-01
 1.5572e+01  3.4213e-01  1.5802e+00  1.4962e-01
 1.5590e+01  3.4193e-01  1.5800e+00  1.4951e-01
 1.5608e+01  3.4172e-01  1.5798e+00  1.4941e-01
 1.5626e+01  3.4152e-01  1.5796e+00  1.4931e-01
 1.5644e+01  3.4132e-01  1.5794e+00  1.4921e-01
 1.5662e+01  3.4112e-01  1.5792e+00  1.4911e-01
 1.5680e+01  3.4092e-01  1.5790e+00  1.4901e-01
 1.5698e+01  3.4072e-01  1.5788e+00  1.4891e-01
 1.5716e+01  3.4052e-01  1.5787e+00  1.4881e-01
 1.5734e+01  3.4033e-01  1.5785e+00  1.4871e-01
 1.5752e+01  3.4013e-01  1.5783e+00  1.4861e-01
 1.5770e+01  3.3993e-01  1.5781e+00  1.4851e-01
 1.5788e+01  3.3973e-01  1.5779e+00  1.4841e-01
 1.5806e+01  3.3953e-01  1.5777e+00  1.4831e-01
 1.5824e+01  3.3934e-01  1.5775e+00  1.4821e-01
 1.5842e+01  3.3914e-01  1.5774e+00  1.4811e-01
 1.5860e+01  3.3894e-01  1.5772e+00  1.4801e-01
 1.5878e+01  3.3875e-01  1.5770e+00  1.4792e-01
 1.5896e+01  3.3855e-01  1.5768e+00  1.4782e-01
 1.5914e+01  3.3836e-01  1.5766e+00  1.4772e-01
 1.5932e+01  3.3816e-01  1.5764e+00  1.4762e-01
 1.5950e+01  3.3797e-01  1.5763e+00  1.4752e-01
 1.5968e+01  3.3777e-01  1.5761e+00  1.4743e-01
 1.5986e+01  3.3758e-01  1.5759e+00  1.4733e-01
 1.6004e+01  3.3738e-01  1.5757e+00  1.4723e-01
 1.6022e+01  3.3719e-01  1.5755e+00  1.4713e-01
 1.6040e+01  3.3700e-01  1.5754e+00  1.4704e-01
 1.6058e+01  3.3681e-01  1.5752e+00  1.4694e-01
 1.6076e+01  3.3661e-01  1.5750e+00  1.4684e-01
 1.6094e+01  3.3642e-01  1.5748e+00  1.4675e-01
 1.6112e+01  3.3623e-01  1.5746e+00  1.4665e-01
 1.6130e+01  3.3604e-01  1.5745e+00  1.4656e-01
 1.6148e+01  3.3585e-01  1.5743e+00  1.4646e-01
 1.6166e+01  3.3566e-01  1.5741e+00  1.4636e-01
 1.6184e+01  3.3547e-01  1.5739e+00  1.4627e-01
 1.6202e+01  3.3528e-01  1.5738e+00  1.4617e-01
 1.6220e+01  3.3509e-01  1.5736e+00  1.4608e-01
 1.6238e+01  3.3490e-01  1.5734e+00  1.4598e-01
 1.6256e+01  3.3471e-01  1.5732e+00  1.4589e-01
 1.6274e+01  3.3452e-01  1.5731e+00  1.4580e-01
 1.6292e+01  3.3433e-01  1.5729e+00  1.4570e-01
 1.6310e+01  3.3414e-01  1.5727e+00  1.4561e-01
 1.6328e+01  3.3395e-01  1.5725e+00  1.4551e-01
 1.6346e+01  3.3377e-01  1.5724e+00  1.4542e-01
 1.6364e+01  3.3358e-01  1.5722e+00  1.4533e-01
 1.6382e+01  3.3339e-01  1.5720e+00  1.4523e-01
 1.6400e+01  3.3321e-01  1.5718e+00  1.4514e-01
 1.6418e+01  3.3302e-01  1.5717e+00  1.4505e-01
 1.6436e+01  3.3283e-01  1.5715e+00  1.4495e-01
 1.6454e+01  3.3265e-01  1.5713e+00  1.4486e-01
 1.6472e+01  3.3246e-01  1.5712e+00  1.4477e-01
 1.6490e+01  3.3228e-01  1.5710e+00  1.4468e-01
 1.6508e+01  3.3209e-01  1.5708e+00  1.4458e-01
 1.6526e+01  3.3191e-01  1.5707e+00  1.4449e-01
 1.6544e+01  3.3173e-01  1.5705e+00  1.4440e-01
 1.6562e+01  3.3154e-01  1.5703e+00  1.4431e-01
 1.6580e+01  3.3136e-01  1.5702e+00  1.4422e-01
 1.6598e+01  3.3117e-01  1.5700e+00  1.4413e-01
 1.6616e+01  3.3099e-01  1.5698e+00  1.4403e-01
 1.6634e+01  3.3081e-01  1.5696e+00  1.4394e-01
 1.6652e+01  3.3063e-01  1.5695e+00  1.4385e-01
 1.6670e+01  3.3044e-01  1.5693e+00  1.4376e-01
 1.6688e+01  3.3026e-01  1.5692e+00  1.4367e-01
 1.6706e+01  3.3008e-01  1.5690e+00  1.4358e-01
 1.6724e+01  3.2990e-01  1.5688e+00  1.4349e-01
 1.6742e+01  3.2972e-01  1.5687e+00  1.4340e-01
 1.6760e+01  3.2954e-01  1.5685e+00  1.4331e-01
 1.6778e+01  3.2936e-01  1.5683e+00  1.4322e-01
 1.6796e+01  3.2918e-01  1.5682e+00  1.4313e-01
 1.6814e+01  3.2900e-01  1.5680e+00  1.4304e-01
 1.6832e+01  3.2882e-01  1.5678e+00  1.4295e-01
 1.6850e+01  3.2864e-01  1.5677e+00  1.4286e-01
 1.6868e+01  3.2846e-01  1.5675e+00  1.4278e-01
 1.6886e+01  3.2828e-01  1.5674e+00  1.4269e-01
 1.6904e+01  3.2811e-01  1.5672e+00  1.4260e-01
 1.6922e+01  3.2793e-01  1.5670e+00  1.4251e-01
 1.6940e+01  3.2775e-01  1.5669e+00  1.4242e-01
 1.6958e+01  3.2757e-01  1.5667e+00  1.4233e-01
 1.6976e+01  3.2740e-01  1.5665e+00  1.4225e-01
 1.6994e+01  3.2722e-01  1.5664e+00  1.4216e-01
 1.7012e+01  3.2704e-01  1.5662e+00  1.4207e-01
 1.7030e+01  3.2687e-01  1.5661e+00  1.4198e-01
 1.7048e+01  3.2669e-01  1.5659e+00  1.4190e-01
 1.7066e+01  3.2652e-01  1.5658e+00  1.4181e-01
 1.7084e+01  3.2634e-01  1.5656e+00  1.4172e-01
 1.7102e+01  3.2617e-01  1.5654e+00  1.4164e-01
 1.7120e+01  3.2599e-01  1.5653e+00  1.4155e-01
 1.7138e+01  3.2582e-01  1.5651e+00  1.4146e-01
 1.7156e+01  3.2564e-01  1.5650e+00  1.4138e-01
 1.7174e+01  3.2547e-01  1.5648e+00  1.4129e-01
 1.7192e+01  3.2530e-01  1.5647e+00  1.4120e-01
 1.7210e+01  3.2512e-01  1.5645e+00  1.4112e-01
 1.7228e+01  3.2495e-01  1.5643e+00  1.4103e-01
 1.7246e+01  3.2478e-01  1.5642e+00  1.4095e-01
 1.7264e+01  3.2460e-01  1.5640e+00  1.4086e-01
 1.7282e+01  3.2443e-01  1.5639e+00  1.4078e-01
 1.7300e+01  3.2426e-01  1.5637e+00  1.4069e-01
 1.7318e+01  3.2409e-01  1.5636e+00  1.4061e-01
 1.7336e+01  3.2392e-01  1.5634e+00  1.4052e-01
 1.7354e+01  3.2375e-01  1.5633e+00  1.4044e-01
 1.7372e+01  3.2357e-01  1.5631e+00  1.4035e-01
 1.7390e+01  3.2340e-01  1.5630e+00  1.4027e-01
 1.7408e+01  3.2323e-01  1.5628e+00  1.4018e-01
 1.7426e+01  3.2306e-01  1.5627e+00  1.4010e-01
 1.7444e+01  3.2289e-01  1.5625e+00  1.4002e-01
 1.7462e+01  3.2272e-01  1.5623e+00  1.3993e-01
 1.7480e+01  3.2255e-01  1.5622e+00  1.3985e-01
 1.7498e+01  3.2239e-01  1.5620e+00  1.3977e-01
 1.7516e+01  3.2222e-01  1.5619e+00  1.3968e-01
 1.7534e+01  3.2205e-01  1.5617e+00  1.3960e-01
 1.7552e+01  3.2188e-01  1.5616e+00  1.3952e-01
 1.7570e+01  3.2171e-01  1.5614e+00  1.3943e-01
 1.7588e+01  3.2155e-01  1.5613e+00  1.3935e-01
 1.7606e+01  3.2138e-01  1.5611e+00  1.3927e-01
 1.7624e+01  3.2121e-01  1.5610e+00  1.3919e-01
 1.7642e+01  3.2104e-01  1.5609e+00  1.3910e-01
 1.7660e+01  3.2088e-01  1.5607e+00  1.3902e-01
 1.7678e+01  3.2071e-01  1.5606e+00  1.3894e-01
 1.7696e+01  3.2054e-01  1.5604e+00  1.3886e-01
 1.7714e+01  3.2038e-01  1.5603e+00  1.3877e-01
 1.7732e+01  3.2021e-01  1.5601e+00  1.3869e-01
 1.7750e+01  3.2005e-01  1.5600e+00  1.3861e-01
 1.7768e+01  3.1988e-01  1.5598e+00  1.3853e-01
 1.7786e+01  3.1972e-01  1.5597e+00  1.3845e-01
 1.7804e+01  3.1955e-01  1.5595e+00  1.3837e-01
 1.7822e+01  3.1939e-01  1.5594e+00  1.3829e-01
 1.7840e+01  3.1923e-01  1.5592e+00  1.3821e-01
 1.7858e+01  3.1906e-01  1.5591e+00  1.3813e-01
 1.7876e+01  3.1890e-01  1.5590e+00  1.3805e-01
 1.7894e+01  3.1873e-01  1.5588e+00  1.3797e-01
 1.7912e+01  3.1857e-01  1.5587e+00  1.3789e-01
 1.7930e+01  3.1841e-01  1.5585e+00  1.3781e-01
 1.7948e+01  3.1825e-01  1.5584e+00  1.3773e-01
 1.7966e+01  3.1808e-01  1.5582e+00  1.3765e-01
 1.7984e+01  3.1792e-01  1.5581e+00  1.3757e-01
 1.8002e+01  3.1776e-01  1.5579e+00  1.3749e-01
 1.8020e+01  3.1760e-01  1.5578e+00  1.3741e-01
 1.8038e+01  3.1744e-01  1.5577e+00  1.3733e-01
 1.8056e+01  3.1728e-01  1.5575e+00  1.3725e-01
 1.8074e+01  3.1712e-01  1.5574e+00  1.3717e-01
 1.8092e+01  3.1695e-01  1.5572e+00  1.3709e-01
 1.8110e+01  3.1679e-01  1.5571e+00  1.3701e-01
 1.8128e+01  3.1663e-01  1.5570e+00  1.3693e-01
 1.8146e+01  3.1647e-01  1.5568e+00  1.3685e-01
 1.8164e+01  3.1631e-01  1.5567e+00  1.3678e-01
 1.8182e+01  3.1616e-01  1.5565e+00  1.3670e-01
 1.8200e+01  3.1600e-01  1.5564e+00  1.3662e-01
 1.8218e+01  3.1584e-01  1.5563e+00  1.3654e-01
 1.8236e+01  3.1568e-01  1.5561e+00  1.3646e-01
 1.8254e+01  3.1552e-01  1.5560e+00  1.3639e-01
 1.8272e+01  3.1536e-01  1.5558e+00  1.3631e-01
 1.8290e+01  3.1520e-01  1.5557e+00  1.3623e-01
 1.8308e+01  3.1505e-01  1.5556e+00  1.3615e-01
 1.8326e+01  3.1489e-01  1.5554e+00  1.3608e-01
 1.8344e+01  3.1473e-01  1.5553e+00  1.3600e-01
 1.8362e+01  3.1457e-01  1.5552e+00  1.3592e-01
 1.8380e+01  3.1442e-01  1.5550e+00  1.3585e-01
 1.8398e+01  3.1426e-01  1.5549e+00  1.3577e-01
 1.8416e+01  3.1411e-01  1.5548e+00  1.3569e-01
 1.8434e+01  3.1395e-01  1.5546e+00  1.3562e-01
 1.8452e+01  3.1379e-01  1.5545e+00  1.3554e-01
 1.8470e+01  3.1364e-01  1.5543e+00  1.3546e-01
 1.8488e+01  3.1348e-01  1.5542e+00  1.3539e-01
 1.8506e+01  3.1333e-01  1.5541e+00  1.3531e-01
 1.8524e+01  3.1317e-01  1.5539e+00  1.3524e-01
 1.8542e+01  3.1302e-01  1.5538e+00  1.3516e-01
 1.8560e+01  3.1286e-01  1.5537e+00  1.3509e-01
 1.8578e+01  3.1271e-01  1.5535e+00  1.3501e-01
 1.8596e+01  3.1256e-01  1.5534e+00  1.3493e-01
 1.8614e+01  3.1240e-01  1.5533e+00  1.3486e-01
 1.8632e+01  3.1225e-01  1.5531e+00  1.3478e-01
 1.8650e+01  3.1209e-01  1.5530e+00  1.3471e-01
 1.8668e+01  3.1194e-01  1.5529e+00  1.3464e-01
 1.8686e+01  3.1179e-01  1.5527e+00  1.3456e-01
 1.8704e+01  3.1164e-01  1.5526e+00  1.3449e-01
 1.8722e+01  3.1148e-01  1.5525e+00  1.3441e-01
 1.8740e+01  3.1133e-01  1.5524e+00  1.3434e-01
 1.8758e+01  3.1118e-01  1.5522e+00  1.3426e-01
 1.8776e+01  3.1103e-01  1.5521e+00  1.3419e-01
 1.8794e+01  3.1088e-01  1.5520e+00  1.3411e-01
 1.8812e+01  3.1072e-01  1.5518e+00  1.3404e-01
 1.8830e+01  3.1057e-01  1.5517e+00  1.3397e-01
 1.8848e+01  3.1042e-01  1.5516e+00  1.3389e-01
 1.8866e+01  3.1027e-01  1.5514e+00  1.3382e-01
 1.8884e+01  3.1012e-01  1.5513e+00  1.3375e-01
 1.8902e+01  3.0997e-01  1.5512e+00  1.3367e-01
 1.8920e+01  3.0982e-01  1.5511e+00  1.3360e-01
 1.8938e+01  3.0967e-01  1.5509e+00  1.3353e-01
 1.8956e+01  3.0952e-01  1.5508e+00  1.3345e-01
 1.8974e+01  3.0937e-01  1.5507e+00  1.3338e-01
 1.8992e+01  3.0922e-01  1.5505e+00  1.3331e-01
 1.9010e+01  3.0907e-01  1.5504e+00  1.3324e-01
 1.9028e+01  3.0893e-01  1.5503e+00  1.3316e-01
 1.9046e+01  3.0878e-01  1.5502e+00  1.3309e-01
 1.9064e+01  3.0863e-01  1.5500e+00  1.3302e-01
 1.9082e+01  3.0848e-01  1.5499e+00  1.3295e-01
 1.9100e+01  3.0833e-01  1.5498e+00  1.3288e-01
 1.9118e+01  3.0819e-01  1.5497e+00  1.3280e-01
 1.9136e+01  3.0804e-01  1.5495e+00  1.3273e-01
 1.9154e+01  3.0789e-01  1.5494e+00  1.3266e-01
 1.9172e+01  3.0774e-01  1.5493e+00  1.3259e-01
 1.9190e+01  3.0760e-01  1.5492e+00  1.3252e-01
 1.9208e+01  3.0745e-01  1.5490e+00  1.3245e-01
 1.9226e+01  3.0730e-01  1.5489e+00  1.3238e-01
 1.9244e+01  3.0716e-01  1.5488e+00  1.3230e-01
 1.9262e+01  3.0701e-01  1.5487e+00  1.3223e-01
 1.9280e+01  3.0687e-01  1.5485e+00  1.3216e-01
 1.9298e+01  3.0672e-01  1.5484e+00  1.3209e-01
 1.9316e+01  3.0658e-01  1.5483e+00  1.3202e-01
 1.9334e+01  3.0643e-01  1.5482e+00  1.3195e-01
 1.9352e+01  3.0629e-01  1.5480e+00  1.3188e-01
 1.9370e+01  3.0614e-01  1.5479e+00  1.3181e-01
 1.9388e+01  3.0600e-01  1.5478e+00  1.3174e-01
 1.9406e+01  3.0585e-01  1.5477e+00  1.3167e-01
 1.9424e+01  3.0571e-01  1.5475e+00  1.3160e-01
 1.9442e+01  3.0556e-01  1.5474e+00  1.3153e-01
 1.9460e+01  3.0542e-01  1.5473e+00  1.3146e-01
 1.9478e+01  3.0528e-01  1.5472e+00  1.3139e-01
 1.9496e+01  3.0513e-01  1.5471e+00  1.3132e-01
 1.9514e+01  3.0499e-01  1.5469e+00  1.3125e-01
 1.9532e+01  3.0485e-01  1.5468e+00  1.3118e-01
 1.9550e+01  3.0471e-01  1.5467e+00  1.3111e-01
 1.9568e+01  3.0456e-01  1.5466e+00  1.3104e-01
 1.9586e+01  3.0442e-01  1.5465e+00  1.3098e-01
 1.9604e+01  3.0428e-01  1.5463e+00  1.3091e-01
 1.9622e+01  3.0414e-01  1.5462e+00  1.3084e-01
 1.9640e+01  3.0400e-01  1.5461e+00  1.3077e-01
 1.9658e+01  3.0385e-01  1.5460e+00  1.3070e-01
 1.9676e+01  3.0371e-01  1.5459e+00  1.3063e-01
 1.9694e+01  3.0357e-01  1.5457e+00  1.3056e-01
 1.9712e+01  3.0343e-01  1.5456e+00  1.3050e-01
 1.9730e+01  3.0329e-01  1.5455e+00  1.3043e-01
 1.9748e+01  3.0315e-01  1.5454e+00  1.3036e-01
 1.9766e+01  3.0301e-01  1.5453e+00  1.3029e-01
 1.9784e+01  3.0287e-01  1.5452e+00  1.3022e-01
 1.9802e+01  3.0273e-01  1.5450e+00  1.3016e-01
 1.9820e+01  3.0259e-01  1.5449e+00  1.3009e-01
 1.9838e+01  3.0245e-01  1.5448e+00  1.3002e-01
 1.9856e+01  3.0231e-01  1.5447e+00  1.2995e-01
 1.9874e+01  3.0217e-01  1.5446e+00  1.2989e-01
 1.9892e+01  3.0203e-01  1.5445e+00  1.2982e-01
 1.9910e+01  3.0189e-01  1.5443e+00  1.2975e-01
 1.9928e+01  3.0176e-01  1.5442e+00  1.2968e-01
 1.9946e+01  3.0162e-01  1.5441e+00  1.2962e-01
 1.9964e+01  3.0148e-01  1.5440e+00  1.2955e-01
 1.9982e+01  3.0134e-01  1.5439e+00  1.2948e-01
