 2.0000e+00  1.0000e+00  0.0000e+00  0.0000e+00
 2.0001e+00  9.9998e-01 -5.8486e-01  0.0000e+00
 2.0181e+00  9.9550e-01 -5.6276e-01  0.0000e+00
 2.0361e+00  9.9108e-01 -4.6418e-01  0.0000e+00
 2.0541e+00  9.8670e-01 -3.4221e-01  0.0000e+00
 2.0721e+00  9.8237e-01 -2.1319e-01  0.0000e+00
 2.0901e+00  9.7807e-01 -8.4470e-02  0.0000e+00
 2.1081e+00  9.7383e-01  4.0333e-02  4.7263e-03
 2.1261e+00  9.6962e-01  1.5943e-01  1.9843e-02
 2.1441e+00  9.6545e-01  2.7202e-01  3.5563e-02
 2.1621e+00  9.6133e-01  3.7784e-01  5.1458e-02
 2.1801e+00  9.5725e-01  4.7692e-01  6.7233e-02
 2.1981e+00  9.5321e-01  5.6949e-01  8.2685e-02
 2.2161e+00  9.4921e-01  6.5585e-01  9.7679e-02
 2.2341e+00  9.4525e-01  7.3636e-01  1.1213e-01
 2.2521e+00  9.4133e-01  8.1139e-01  1.2597e-01
 2.2701e+00  9.3745e-01  8.8131e-01  1.3919e-01
 2.2881e+00  9.3361e-01  9.4647e-01  1.5178e-01
 2.3061e+00  9.2981e-01  1.0072e+00  1.6372e-01
 2.3241e+00  9.2604e-01  1.0639e+00  1.7504e-01
 2.3421e+00  9.2232e-01  1.1167e+00  1.8575e-01
 2.3601e+00  9.1863e-01  1.1661e+00  1.9586e-01
 2.3781e+00  9.1498e-01  1.2122e+00  2.0541e-01
 2.3961e+00  9.1137e-01  1.2553e+00  2.1442e-01
 2.4141e+00  9.0780e-01  1.2956e+00  2.2291e-01
 2.4321e+00  9.0426e-01  1.3333e+00  2.3091e-01
 2.4501e+00  9.0075e-01  1.3687e+00  2.3845e-01
 2.4681e+00  8.9729e-01  1.4017e+00  2.4554e-01
 2.4861e+00  8.9385e-01  1.4328e+00  2.5221e-01
 2.5041e+00  8.9046e-01  1.4618e+00  2.5848e-01
 2.5221e+00  8.8709e-01  1.4891e+00  2.6438e-01
 2.5401e+00  8.8376e-01  1.5147e+00  2.6993e-01
 2.5581e+00  8.8047e-01  1.5388e+00  2.7514e-01
 2.5761e+00  8.7720e-01  1.5614e+00  2.8004e-01
 2.5941e+00  8.7397e-01  1.5826e+00  2.8464e-01
 2.6121e+00  8.7077e-01  1.6026e+00  2.8895e-01
 2.6301e+00  8.6760e-01  1.6214e+00  2.9301e-01
 2.6481e+00  8.6447e-01  1.6391e+00  2.9681e-01
 2.6661e+00  8.6136e-01  1.6557e+00  3.0037e-01
 2.6841e+00  8.5829e-01  1.6714e+00  3.0371e-01
 2.7021e+00  8.5524e-01  1.6862e+00  3.0684e-01
 2.7201e+00  8.5223e-01  1.7001e+00  3.0977e-01
 2.7381e+00  8.4924e-01  1.7132e+00  3.1252e-01
 2.7561e+00  8.4628e-01  1.7255e+00  3.1508e-01
 2.7741e+00  8.4335e-01  1.7371e+00  3.1748e-01
 2.7921e+00  8.4045e-01  1.7481e+00  3.1971e-01
 2.8101e+00  8.3758e-01  1.7584e+00  3.2180e-01
 2.8281e+00  8.3473e-01  1.7682e+00  3.2374e-01
 2.8461e+00  8.3191e-01  1.7774e+00  3.2555e-01
 2.8641e+00  8.2912e-01  1.7860e+00  3.2723e-01
 2.8821e+00  8.2635e-01  1.7942e+00  3.2880e-01
 2.9001e+00  8.2361e-01  1.8019e+00  3.3024e-01
 2.9181e+00  8.2090e-01  1.8091e+00  3.3158e-01
 2.9361e+00  8.1821e-01  1.8160e+00  3.3282e-01
 2.9541e+00  8.1554e-01  1.8224e+00  3.3395e-01
 2.9721e+00  8.1290e-01  1.8285e+00  3.3500e-01
 2.9901e+00  8.1028e-01  1.8342e+00  3.3596e-01
 3.0081e+00  8.0769e-01  1.8396e+00  3.3683e-01
 3.0261e+00  8.0512e-01  1.8446e+00  3.3763e-01
 3.0441e+00  8.0257e-01  1.8494e+00  3.3835e-01
 3.0621e+00  8.0005e-01  1.8538e+00  3.3901e-01
 3.0801e+00  7.9755e-01  1.8580e+00  3.3959e-01
 3.0981e+00  7.9507e-01  1.8620e+00  3.4011e-01
 3.1161e+00  7.9261e-01  1.8657e+00  3.4057e-01
 3.1341e+00  7.9017e-01  1.8692e+00  3.4098e-01
 3.1521e+00  7.8776e-01  1.8724e+00  3.4132e-01
 3.1701e+00  7.8536e-01  1.8755e+00  3.4162e-01
 3.1881e+00  7.8299e-01  1.8783e+00  3.4187e-01
 3.2061e+00  7.8064e-01  1.8810e+00  3.4207e-01
 3.2241e+00  7.7830e-01  1.8835e+00  3.4222e-01
 3.2421e+00  7.7599e-01  1.8858e+00  3.4234e-01
 3.2601e+00  7.7370e-01  1.8879e+00  3.4241e-01
 3.2781e+00  7.7143e-01  1.8899e+00  3.4245e-01
 3.2961e+00  7.6917e-01  1.8918e+00  3.4245e-01
 3.3141e+00  7.6694e-01  1.8935e+00  3.4241e-01
 3.3321e+00  7.6472e-01  1.8950e+00  3.4235e-01
 3.3501e+00  7.6252e-01  1.8965e+00  3.4225e-01
 3.3681e+00  7.6034e-01  1.8978e+00  3.4212e-01
 3.3861e+00  7.5818e-01  1.8990e+00  3.4196e-01
 3.4041e+00  7.5603e-01  1.9001e+00  3.4178e-01
 3.4221e+00  7.5391e-01  1.9011e+00  3.4157e-01
 3.4401e+00  7.5180e-01  1.9021e+00  3.4134e-01
 3.4581e+00  7.4970e-01  1.9029e+00  3.4109e-01
 3.4761e+00  7.4763e-01  1.9036e+00  3.4081e-01
 3.4941e+00  7.4557e-01  1.9042e+00  3.4051e-01
 3.5121e+00  7.4352e-01  1.9048e+00  3.4020e-01
 3.5301e+00  7.4150e-01  1.9052e+00  3.3986e-01
 3.5481e+00  7.3948e-01  1.9056e+00  3.3951e-01
 3.5661e+00  7.3749e-01  1.9060e+00  3.3914e-01
 3.5841e+00  7.3551e-01  1.9062e+00  3.3875e-01
 3.6021e+00  7.3355e-01  1.9064e+00  3.3835e-01
 3.6201e+00  7.3160e-01  1.9065e+00  3.3794e-01
 3.6381e+00  7.2966e-01  1.9066e+00  3.3751e-01
 3.6561e+00  7.2774e-01  1.9066e+00  3.3707e-01
 3.6741e+00  7.2584e-01  1.9066e+00  3.3661e-01
 3.6921e+00  7.2395e-01  1.9065e+00  3.3615e-01
 3.7101e+00  7.2207e-01  1.9064e+00  3.3567e-01
 3.7281e+00  7.2021e-01  1.9062e+00  3.3519e-01
 3.7461e+00  7.1836e-01  1.9059e+00  3.3469e-01
 3.7641e+00  7.1653e-01  1.9057e+00  3.3418e-01
 3.7821e+00  7.1471e-01  1.9053e+00  3.3367e-01
 3.8001e+00  7.1290e-01  1.9050e+00  3.3315e-01
 3.8181e+00  7.1111e-01  1.9046e+00  3.3262e-01
 3.8361e+00  7.0933e-01  1.9042e+00  3.3208e-01
 3.8541e+00  7.0756e-01  1.9037e+00  3.3154e-01
 3.8721e+00  7.0581e-01  1.9032e+00  3.3098e-01
 3.8901e+00  7.0406e-01  1.9027e+00  3.3043e-01
 3.9081e+00  7.0233e-01  1.9021e+00  3.2987e-01
 3.9261e+00  7.0062e-01  1.9016e+00  3.2930e-01
 3.9441e+00  6.9891e-01  1.9010e+00  3.2872e-01
 3.9621e+00  6.9722e-01  1.9003e+00  3.2815e-01
 3.9801e+00  6.9554e-01  1.8997e+00  3.2756e-01
 3.9981e+00  6.9387e-01  1.8990e+00  3.2698e-01
 4.0161e+00  6.9221e-01  1.8983e+00  3.2639e-01
 4.0341e+00  6.9057e-01  1.8976e+00  3.2579e-01
 4.0521e+00  6.8893e-01  1.8968e+00  3.2520e-01
 4.0701e+00  6.8731e-01  1.8960e+00  3.2460e-01
 4.0881e+00  6.8570e-01  1.8953e+00  3.2399e-01
 4.1061e+00  6.8410e-01  1.8945e+00  3.2339e-01
 4.1241e+00  6.8251e-01  1.8937e+00  3.2278e-01
 4.1421e+00  6.8093e-01  1.8928e+00  3.2217e-01
 4.1601e+00  6.7936e-01  1.8920e+00  3.2156e-01
 4.1781e+00  6.7780e-01  1.8911e+00  3.2095e-01
 4.1961e+00  6.7626e-01  1.8902e+00  3.2033e-01
 4.2141e+00  6.7472e-01  1.8894e+00  3.1971e-01
 4.2321e+00  6.7319e-01  1.8885e+00  3.1910e-01
 4.2501e+00  6.7168e-01  1.8876e+00  3.1848e-01
 4.2681e+00  6.7017e-01  1.8866e+00  3.1786e-01
 4.2861e+00  6.6867e-01  1.8857e+00  3.1724e-01
 4.3041e+00  6.6719e-01  1.8848e+00  3.1662e-01
 4.3221e+00  6.6571e-01  1.8838e+00  3.1600e-01
 4.3401e+00  6.6424e-01  1.8829e+00  3.1537e-01
 4.3581e+00  6.6279e-01  1.8819e+00  3.1475e-01
 4.3761e+00  6.6134e-01  1.8809e+00  3.1413e-01
 4.3941e+00  6.5990e-01  1.8799e+00  3.1351e-01
 4.4121e+00  6.5847e-01  1.8789e+00  3.1289e-01
 4.4301e+00  6.5705e-01  1.8780e+00  3.1226e-01
 4.4481e+00  6.5564e-01  1.8770e+00  3.1164e-01
 4.4661e+00  6.5423e-01  1.8759e+00  3.1102e-01
 4.4841e+00  6.5284e-01  1.8749e+00  3.1040e-01
 4.5021e+00  6.5145e-01  1.8739e+00  3.0978e-01
 4.5201e+00  6.5008e-01  1.8729e+00  3.0916e-01
 4.5381e+00  6.4871e-01  1.8719e+00  3.0854e-01
 4.5561e+00  6.4735e-01  1.8709e+00  3.0792e-01
 4.5741e+00  6.4600e-01  1.8698e+00  3.0731e-01
 4.5921e+00  6.4465e-01  1.8688e+00  3.0669e-01
 4.6101e+00  6.4332e-01  1.8678e+00  3.0607e-01
 4.6281e+00  6.4199e-01  1.8667e+00  3.0546e-01
 4.6461e+00  6.4067e-01  1.8657e+00  3.0485e-01
 4.6641e+00  6.3936e-01  1.8646e+00  3.0423e-01
 4.6821e+00  6.3806e-01  1.8636e+00  3.0362e-01
 4.7001e+00  6.3677e-01  1.8625e+00  3.0301e-01
 4.7181e+00  6.3548e-01  1.8615e+00  3.0241e-01
 4.7361e+00  6.3420e-01  1.8604e+00  3.0180e-01
 4.7541e+00  6.3293e-01  1.8594e+00  3.0119e-01
 4.7721e+00  6.3166e-01  1.8583e+00  3.0059e-01
 4.7901e+00  6.3041e-01  1.8573e+00  2.9999e-01
 4.8081e+00  6.2916e-01  1.8562e+00  2.9939e-01
 4.8261e+00  6.2792e-01  1.8552e+00  2.9879e-01
 4.8441e+00  6.2668e-01  1.8541e+00  2.9819e-01
 4.8621e+00  6.2545e-01  1.8531e+00  2.9759e-01
 4.8801e+00  6.2423e-01  1.8520e+00  2.9700e-01
 4.8981e+00  6.2302e-01  1.8509e+00  2.9641e-01
 4.9161e+00  6.2181e-01  1.8499e+00  2.9582e-01
 4.9341e+00  6.2061e-01  1.8488e+00  2.9523e-01
 4.9521e+00  6.1942e-01  1.8478e+00  2.9464e-01
 4.9701e+00  6.1823e-01  1.8467e+00  2.9405e-01
 4.9881e+00  6.1705e-01  1.8457e+00  2.9347e-01
 5.0061e+00  6.1588e-01  1.8446e+00  2.9289e-01
 5.0241e+00  6.1472e-01  1.8436e+00  2.9231e-01
 5.0421e+00  6.1356e-01  1.8425e+00  2.9173e-01
 5.0601e+00  6.1240e-01  1.8415e+00  2.9115e-01
 5.0781e+00  6.1126e-01  1.8405e+00  2.9058e-01
 5.0961e+00  6.1012e-01  1.8394e+00  2.9001e-01
 5.1141e+00  6.0898e-01  1.8384e+00  2.8944e-01
 5.1321e+00  6.0785e-01  1.8373e+00  2.8887e-01
 5.1501e+00  6.0673e-01  1.8363e+00  2.8830e-01
 5.1681e+00  6.0562e-01  1.8353e+00  2.8774e-01
 5.1861e+00  6.0451e-01  1.8342e+00  2.8717e-01
 5.2041e+00  6.0340e-01  1.8332e+00  2.8661e-01
 5.2221e+00  6.0231e-01  1.8322e+00  2.8605e-01
 5.2401e+00  6.0121e-01  1.8311e+00  2.8550e-01
 5.2581e+00  6.0013e-01  1.8301e+00  2.8494e-01
 5.2761e+00  5.9905e-01  1.8291e+00  2.8439e-01
 5.2941e+00  5.9797e-01  1.8281e+00  2.8384e-01
 5.3121e+00  5.9691e-01  1.8271e+00  2.8329e-01
 5.3301e+00  5.9584e-01  1.8260e+00  2.8275e-01
 5.3481e+00  5.9479e-01  1.8250e+00  2.8220e-01
 5.3661e+00  5.9373e-01  1.8240e+00  2.8166e-01
 5.3841e+00  5.9269e-01  1.8230e+00  2.8112e-01
 5.4021e+00  5.9165e-01  1.8220e+00  2.8058e-01
 5.4201e+00  5.9061e-01  1.8210e+00  2.8004e-01
 5.4381e+00  5.8958e-01  1.8200e+00  2.7951e-01
 5.4561e+00  5.8856e-01  1.8190e+00  2.7898e-01
 5.4741e+00  5.8754e-01  1.8180e+00  2.7845e-01
 5.4921e+00  5.8652e-01  1.8170e+00  2.7792e-01
 5.5101e+00  5.8552e-01  1.8160e+00  2.7739e-01
 5.5281e+00  5.8451e-01  1.8150e+00  2.7687e-01
 5.5461e+00  5.8351e-01  1.8141e+00  2.7635e-01
 5.5641e+00  5.8252e-01  1.8131e+00  2.7583e-01
 5.5821e+00  5.8153e-01  1.8121e+00  2.7531e-01
 5.6001e+00  5.8055e-01  1.8111e+00  2.7479e-01
 5.6181e+00  5.7957e-01  1.8102e+00  2.7428e-01
 5.6361e+00  5.7859e-01  1.8092e+00  2.7377e-01
 5.6541e+00  5.7763e-01  1.8082e+00  2.7326e-01
 5.6721e+00  5.7666e-01  1.8073e+00  2.7275e-01
 5.6901e+00  5.7570e-01  1.8063e+00  2.7225e-01
 5.7081e+00  5.7475e-01  1.8054e+00  2.7174e-01
 5.7261e+00  5.7380e-01  1.8044e+00  2.7124e-01
 5.7441e+00  5.7285e-01  1.8035e+00  2.7074e-01
 5.7621e+00  5.7191e-01  1.8025e+00  2.7024e-01
 5.7801e+00  5.7098e-01  1.8016e+00  2.6975e-01
 5.7981e+00  5.7004e-01  1.8006e+00  2.6926e-01
 5.8161e+00  5.6912e-01  1.7997e+00  2.6876e-01
 5.8341e+00  5.6819e-01  1.7988e+00  2.6827e-01
 5.8521e+00  5.6728e-01  1.7978e+00  2.6779e-01
 5.8701e+00  5.6636e-01  1.7969e+00  2.6730e-01
 5.8881e+00  5.6545e-01  1.7960e+00  2.6682e-01
 5.9061e+00  5.6455e-01  1.7951e+00  2.6634e-01
 5.9241e+00  5.6365e-01  1.7942e+00  2.6586e-01
 5.9421e+00  5.6275e-01  1.7932e+00  2.6538e-01
 5.9601e+00  5.6186e-01  1.7923e+00  2.6490e-01
 5.9781e+00  5.6097e-01  1.7914e+00  2.6443e-01
 5.9961e+00  5.6009e-01  1.7905e+00  2.6396e-01
 6.0141e+00  5.5921e-01  1.7896e+00  2.6349e-01
 6.0321e+00  5.5833e-01  1.7887e+00  2.6302e-01
 6.0501e+00  5.5746e-01  1.7878e+00  2.6255e-01
 6.0681e+00  5.5659e-01  1.7870e+00  2.6209e-01
 6.0861e+00  5.5573e-01  1.7861e+00  2.6163e-01
 6.1041e+00  5.5487e-01  1.7852e+00  2.6117e-01
 6.1221e+00  5.5402e-01  1.7843e+00  2.6071e-01
 6.1401e+00  5.5316e-01  1.7834e+00  2.6025e-01
 6.1581e+00  5.5232e-01  1.7826e+00  2.5980e-01
 6.1761e+00  5.5147e-01  1.7817e+00  2.5935e-01
 6.1941e+00  5.5063e-01  1.7808e+00  2.5890e-01
 6.2121e+00  5.4980e-01  1.7800e+00  2.5845e-01
 6.2301e+00  5.4896e-01  1.7791e+00  2.5800e-01
 6.2481e+00  5.4813e-01  1.7782e+00  2.5755e-01
 6.2661e+00  5.4731e-01  1.7774e+00  2.5711e-01
 6.2841e+00  5.4649e-01  1.7765e+00  2.5667e-01
 6.3021e+00  5.4567e-01  1.7757e+00  2.5623e-01
 6.3201e+00  5.4486e-01  1.7748e+00  2.5579e-01
 6.3381e+00  5.4405e-01  1.7740e+00  2.5535e-01
 6.3561e+00  5.4324e-01  1.7732e+00  2.5492e-01
 6.3741e+00  5.4244e-01  1.7723e+00  2.5449e-01
 6.3921e+00  5.4164e-01  1.7715e+00  2.5406e-01
 6.4101e+00  5.4084e-01  1.7707e+00  2.5363e-01
 6.4281e+00  5.4005e-01  1.7698e+00  2.5320e-01
 6.4461e+00  5.3926e-01  1.7690e+00  2.5277e-01
 6.4641e+00  5.3847e-01  1.7682e+00  2.5235e-01
 6.4821e+00  5.3769e-01  1.7674e+00  2.5193e-01
 6.5001e+00  5.3691e-01  1.7666e+00  2.5151e-01
 6.5181e+00  5.3614e-01  1.7658e+00  2.5109e-01
 6.5361e+00  5.3536e-01  1.7650e+00  2.5067e-01
 6.5541e+00  5.3459e-01  1.7642e+00  2.5025e-01
 6.5721e+00  5.3383e-01  1.7634e+00  2.4984e-01
 6.5901e+00  5.3307e-01  1.7626e+00  2.4943e-01
 6.6081e+00  5.3231e-01  1.7618e+00  2.4902e-01
 6.6261e+00  5.3155e-01  1.7610e+00  2.4861e-01
 6.6441e+00  5.3080e-01  1.7602e+00  2.4820e-01
 6.6621e+00  5.3005e-01  1.7594e+00  2.4780e-01
 6.6801e+00  5.2930e-01  1.7586e+00  2.4739e-01
 6.6981e+00  5.2856e-01  1.7578e+00  2.4699e-01
 6.7161e+00  5.2782e-01  1.7571e+00  2.4659e-01
 6.7341e+00  5.2708e-01  1.7563e+00  2.4619e-01
 6.7521e+00  5.2635e-01  1.7555e+00  2.4579e-01
 6.7701e+00  5.2562e-01  1.7548e+00  2.4540e-01
 6.7881e+00  5.2489e-01  1.7540e+00  2.4500e-01
 6.8061e+00  5.2416e-01  1.7532e+00  2.4461e-01
 6.8241e+00  5.2344e-01  1.7525e+00  2.4422e-01
 6.8421e+00  5.2272e-01  1.7517e+00  2.4383e-01
 6.8601e+00  5.2200e-01  1.7510e+00  2.4344e-01
 6.8781e+00  5.2129e-01  1.7502e+00  2.4306e-01
 6.8961e+00  5.2058e-01  1.7495e+00  2.4267e-01
 6.9141e+00  5.1987e-01  1.7487e+00  2.4229e-01
 6.9321e+00  5.1917e-01  1.7480e+00  2.4191e-01
 6.9501e+00  5.1847e-01  1.7473e+00  2.4153e-01
 6.9681e+00  5.1777e-01  1.7465e+00  2.4115e-01
 6.9861e+00  5.1707e-01  1.7458e+00  2.4077e-01
 7.0041e+00  5.1638e-01  1.7451e+00  2.4039e-01
 7.0221e+00  5.1569e-01  1.7443e+00  2.4002e-01
 7.0401e+00  5.1500e-01  1.7436e+00  2.3965e-01
 7.0581e+00  5.1432e-01  1.7429e+00  2.3928e-01
 7.0761e+00  5.1363e-01  1.7422e+00  2.3891e-01
 7.0941e+00  5.1295e-01  1.7415e+00  2.3854e-01
 7.1121e+00  5.1228e-01  1.7408e+00  2.3817e-01
 7.1301e+00  5.1160e-01  1.7401e+00  2.3780e-01
 7.1481e+00  5.1093e-01  1.7393e+00  2.3744e-01
 7.1661e+00  5.1026e-01  1.7386e+00  2.3708e-01
 7.1841e+00  5.0959e-01  1.7379e+00  2.3672e-01
 7.2021e+00  5.0893e-01  1.7372e+00  2.3636e-01
 7.2201e+00  5.0827e-01  1.7366e+00  2.3600e-01
 7.2381e+00  5.0761e-01  1.7359e+00  2.3564e-01
 7.2561e+00  5.0695e-01  1.7352e+00  2.3529e-01
 7.2741e+00  5.0630e-01  1.7345e+00  2.3493e-01
 7.2921e+00  5.0565e-01  1.7338e+00  2.3458e-01
 7.3101e+00  5.0500e-01  1.7331e+00  2.3423e-01
 7.3281e+00  5.0436e-01  1.7324e+00  2.3388e-01
 7.3461e+00  5.0371e-01  1.7318e+00  2.3353e-01
 7.3641e+00  5.0307e-01  1.7311e+00  2.3318e-01
 7.3821e+00  5.0243e-01  1.7304e+00  2.3283e-01
 7.4001e+00  5.0179e-01  1.7298e+00  2.3249e-01
 7.4181e+00  5.0116e-01  1.7291e+00  2.3215e-01
 7.4361e+00  5.0053e-01  1.7284e+00  2.3180e-01
 7.4541e+00  4.9990e-01  1.7278e+00  2.3146e-01
 7.4721e+00  4.9927e-01  1.7271e+00  2.3112e-01
 7.4901e+00  4.9865e-01  1.7264e+00  2.3078e-01
 7.5081e+00  4.9803e-01  1.7258e+00  2.3045e-01
 7.5261e+00  4.9741e-01  1.7251e+00  2.3011e-01
 7.5441e+00  4.9679e-01  1.7245e+00  2.2978e-01
 7.5621e+00  4.9617e-01  1.7239e+00  2.2944e-01
 7.5801e+00  4.9556e-01  1.7232e+00  2.2911e-01
 7.5981e+00  4.9495e-01  1.7226e+00  2.2878e-01
 7.6161e+00  4.9434e-01  1.7219e+00  2.2845e-01
 7.6341e+00  4.9373e-01  1.7213e+00  2.2812e-01
 7.6521e+00  4.9313e-01  1.7207e+00  2.2780e-01
 7.6701e+00  4.9253e-01  1.7200e+00  2.2747e-01
 7.6881e+00  4.9193e-01  1.7194e+00  2.2715e-01
 7.7061e+00  4.9133e-01  1.7188e+00  2.2682e-01
 7.7241e+00  4.9074e-01  1.7182e+00  2.2650e-01
 7.7421e+00  4.9014e-01  1.7175e+00  2.2618e-01
 7.7601e+00  4.8955e-01  1.7169e+00  2.2586e-01
 7.7781e+00  4.8896e-01  1.7163e+00  2.2554e-01
 7.7961e+00  4.8838e-01  1.7157e+00  2.2523e-01
 7.8141e+00  4.8779e-01  1.7151e+00  2.2491e-01
 7.8321e+00  4.8721e-01  1.7145e+00  2.2459e-01
 7.8501e+00  4.8663e-01  1.7139e+00  2.2428e-01
 7.8681e+00  4.8605e-01  1.7132e+00  2.2397e-01
 7.8861e+00  4.8547e-01  1.7126e+00  2.2366e-01
 7.9041e+00  4.8490e-01  1.7120e+00  2.2335e-01
 7.9221e+00  4.8433e-01  1.7114e+00  2.2304e-01
 7.9401e+00  4.8376e-01  1.7109e+00  2.2273e-01
 7.9581e+00  4.8319e-01  1.7103e+00  2.2242e-01
 7.9761e+00  4.8262e-01  1.7097e+00  2.2212e-01
 7.9941e+00  4.8206e-01  1.7091e+00  2.2181e-01
 8.0121e+00  4.8149e-01  1.7085e+00  2.2151e-01
 8.0301e+00  4.8093e-01  1.7079e+00  2.2120e-01
 8.0481e+00  4.8038e-01  1.7073e+00  2.2090e-01
 8.0661e+00  4.7982e-01  1.7067e+00  2.2060e-01
 8.0841e+00  4.7926e-01  1.7062e+00  2.2030e-01
 8.1021e+00  4.7871e-01  1.7056e+00  2.2001e-01
 8.1201e+00  4.7816e-01  1.7050e+00  2.1971e-01
 8.1381e+00  4.7761e-01  1.7044e+00  2.1941e-01
 8.1561e+00  4.7706e-01  1.7039e+00  2.1912e-01
 8.1741e+00  4.7652e-01  1.7033e+00  2.1882e-01
 8.1921e+00  4.7598e-01  1.7027e+00  2.1853e-01
 8.2101e+00  4.7543e-01  1.7022e+00  2.1824e-01
 8.2281e+00  4.7489e-01  1.7016e+00  2.1795e-01
 8.2461e+00  4.7436e-01  1.7011e+00  2.1766e-01
 8.2641e+00  4.7382e-01  1.7005e+00  2.1737e-01
 8.2821e+00  4.7329e-01  1.6999e+00  2.1708e-01
 8.3001e+00  4.7275e-01  1.6994e+00  2.1679e-01
 8.3181e+00  4.7222e-01  1.6988e+00  2.1651e-01
 8.3361e+00  4.7169e-01  1.6983e+00  2.1622e-01
 8.3541e+00  4.7117e-01  1.6977e+00  2.1594e-01
 8.3721e+00  4.7064e-01  1.6972e+00  2.1566e-01
 8.3901e+00  4.7012e-01  1.6967e+00  2.1538e-01
 8.4081e+00  4.6960e-01  1.6961e+00  2.1510e-01
 8.4261e+00  4.6908e-01  1.6956e+00  2.1482e-01
 8.4441e+00  4.6856e-01  1.6950e+00  2.1454e-01
 8.4621e+00  4.6804e-01  1.6945e+00  2.1426e-01
 8.4801e+00  4.6753e-01  1.6940e+00  2.1398e-01
 8.4981e+00  4.6701e-01  1.6934e+00  2.1371e-01
 8.5161e+00  4.6650e-01  1.6929e+00  2.1343e-01
 8.5341e+00  4.6599e-01  1.6924e+00  2.1316e-01
 8.5521e+00  4.6548e-01  1.6919e+00  2.1288e-01
 8.5701e+00  4.6498e-01  1.6913e+00  2.1261e-01
 8.5881e+00  4.6447e-01  1.6908e+00  2.1234e-01
 8.6061e+00  4.6397e-01  1.6903e+00  2.1207e-01
 8.6241e+00  4.6347e-01  1.6898e+00  2.1180e-01
 8.6421e+00  4.6297e-01  1.6893e+00  2.1153e-01
 8.6601e+00  4.6247e-01  1.6888e+00  2.1127e-01
 8.6781e+00  4.6197e-01  1.6882e+00  2.1100e-01
 8.6961e+00  4.6148e-01  1.6877e+00  2.1073e-01
 8.7141e+00  4.6098e-01  1.6872e+00  2.1047e-01
 8.7321e+00  4.6049e-01  1.6867e+00  2.1021e-01
 8.7501e+00  4.6000e-01  1.6862e+00  2.0994e-01
 8.7681e+00  4.5951e-01  1.6857e+00  2.0968e-01
 8.7861e+00  4.5902e-01  1.6852e+00  2.0942e-01
 8.8041e+00  4.5854e-01  1.6847e+00  2.0916e-01
 8.8221e+00  4.5805e-01  1.6842e+00  2.0890e-01
 8.8401e+00  4.5757e-01  1.6837e+00  2.0864e-01
 8.8581e+00  4.5709e-01  1.6832e+00  2.0838e-01
 8.8761e+00  4.5661e-01  1.6827e+00  2.0813e-01
 8.8941e+00  4.5613e-01  1.6822e+00  2.0787e-01
 8.9121e+00  4.5565e-01  1.6817e+00  2.0762e-01
 8.9301e+00  4.5518e-01  1.6813e+00  2.0736e-01
 8.9481e+00  4.5471e-01  1.6808e+00  2.0711e-01
 8.9661e+00  4.5423e-01  1.6803e+00  2.0686e-01
 8.9841e+00  4.5376e-01  1.6798e+00  2.0660e-01
 9.0021e+00  4.5329e-01  1.6793e+00  2.0635e-01
 9.0201e+00  4.5282e-01  1.6788e+00  2.0610e-01
 9.0381e+00  4.5236e-01  1.6784e+00  2.0585e-01
 9.0561e+00  4.5189e-01  1.6779e+00  2.0561e-01
 9.0741e+00  4.5143e-01  1.6774e+00  2.0536e-01
 9.0921e+00  4.5097e-01  1.6769e+00  2.0511e-01
 9.1101e+00  4.5051e-01  1.6765e+00  2.0487e-01
 9.1281e+00  4.5005e-01  1.6760e+00  2.0462e-01
 9.1461e+00  4.4959e-01  1.6755e+00  2.0438e-01
 9.1641e+00  4.4913e-01  1.6751e+00  2.0413e-01
 9.1821e+00  4.4868e-01  1.6746e+00  2.0389e-01
 9.2001e+00  4.4822e-01  1.6741e+00  2.0365e-01
 9.2181e+00  4.4777e-01  1.6737e+00  2.0341e-01
 9.2361e+00  4.4732e-01  1.6732e+00  2.0317e-01
 9.2541e+00  4.4687e-01  1.6728e+00  2.0293e-01
 9.2721e+00  4.4642e-01  1.6723e+00  2.0269e-01
 9.2901e+00  4.4597e-01  1.6719e+00  2.0245e-01
 9.3081e+00  4.4553e-01  1.6714e+00  2.0221e-01
 9.3261e+00  4.4508e-01  1.6710e+00  2.0198e-01
 9.3441e+00  4.4464e-01  1.6705e+00  2.0174e-01
 9.3621e+00  4.4420e-01  1.6701e+00  2.0151e-01
 9.3801e+00  4.4376e-01  1.6696e+00  2.0127e-01
 9.3981e+00  4.4332e-01  1.6692e+00  2.0104e-01
 9.4161e+00  4.4288e-01  1.6687e+00  2.0080e-01
 9.4341e+00  4.4244e-01  1.6683e+00  2.0057e-01
 9.4521e+00  4.4201e-01  1.6678e+00  2.0034e-01
 9.4701e+00  4.4158e-01  1.6674e+00  2.0011e-01
 9.4881e+00  4.4114e-01  1.6670e+00  1.9988e-01
 9.5061e+00  4.4071e-01  1.6665e+00  1.9965e-01
 9.5241e+00  4.4028e-01  1.6661e+00  1.9942e-01
 9.5421e+00  4.3985e-01  1.6657e+00  1.9920e-01
 9.5601e+00  4.3942e-01  1.6652e+00  1.9897e-01
 9.5781e+00  4.3900e-01  1.6648e+00  1.9874e-01
 9.5961e+00  4.3857e-01  1.6644e+00  1.9852e-01
 9.6141e+00  4.3815e-01  1.6639e+00  1.9829e-01
 9.6321e+00  4.3773e-01  1.6635e+00  1.9807e-01
 9.6501e+00  4.3730e-01  1.6631e+00  1.9784e-01
 9.6681e+00  4.3688e-01  1.6627e+00  1.9762e-01
 9.6861e+00  4.3646e-01  1.6622e+00  1.9740e-01
 9.7041e+00  4.3605e-01  1.6618e+00  1.9718e-01
 9.7221e+00  4.3563e-01  1.6614e+00  1.9696e-01
 9.7401e+00  4.3521e-01  1.6610e+00  1.9674e-01
 9.7581e+00  4.3480e-01  1.6606e+00  1.9652e-01
 9.7761e+00  4.3439e-01  1.6601e+00  1.9630e-01
 9.7941e+00  4.3397e-01  1.6597e+00  1.9608e-01
 9.8121e+00  4.3356e-01  1.6593e+00  1.9586e-01
 9.8301e+00  4.3315e-01  1.6589e+00  1.9565e-01
 9.8481e+00  4.3275e-01  1.6585e+00  1.9543e-01
 9.8661e+00  4.3234e-01  1.6581e+00  1.9522e-01
 9.8841e+00  4.3193e-01  1.6577e+00  1.9500e-01
 9.9021e+00  4.3153e-01  1.6573e+00  1.9479e-01
 9.9201e+00  4.3112e-01  1.6569e+00  1.9457e-01
 9.9381e+00  4.3072e-01  1.6565e+00  1.9436e-01
 9.9561e+00  4.3032e-01  1.6561e+00  1.9415e-01
 9.9741e+00  4.2992e-01  1.6557e+00  1.9394e-01
 9.9921e+00  4.2952e-01  1.6553e+00  1.9373e-01
 1.0010e+01  4.2912e-01  1.6549e+00  1.9352e-01
 1.0028e+01  4.2872e-01  1.6545e+00  1.9331e-01
 1.0046e+01  4.2833e-01  1.6541e+00  1.9310e-01
 1.0064e+01  4.2793e-01  1.6537e+00  1.9289e-01
 1.0082e+01  4.2754e-01  1.6533e+00  1.9268e-01
 1.0100e+01  4.2714e-01  1.6529e+00  1.9248e-01
 1.0118e+01  4.2675e-01  1.6525e+00  1.9227e-01
 1.0136e+01  4.2636e-01  1.6521e+00  1.9206e-01
 1.0154e+01  4.2597e-01  1.6517e+00  1.9186e-01
 1.0172e+01  4.2558e-01  1.6514e+00  1.9165e-01
 1.0190e+01  4.2520e-01  1.6510e+00  1.9145e-01
 1.0208e+01  4.2481e-01  1.6506e+00  1.9125e-01
 1.0226e+01  4.2442e-01  1.6502e+00  1.9104e-01
 1.0244e+01  4.2404e-01  1.6498e+00  1.9084e-01
 1.0262e+01  4.2366e-01  1.6494e+00  1.9064e-01
 1.0280e+01  4.2327e-01  1.6491e+00  1.9044e-01
 1.0298e+01  4.2289e-01  1.6487e+00  1.9024e-01
 1.0316e+01  4.2251e-01  1.6483e+00  1.9004e-01
 1.0334e+01  4.2213e-01  1.6479e+00  1.8984e-01
 1.0352e+01  4.2176e-01  1.6476e+00  1.8964e-01
 1.0370e+01  4.2138e-01  1.6472e+00  1.8944e-01
 1.0388e+01  4.2100e-01  1.6468e+00  1.8924e-01
 1.0406e+01  4.2063e-01  1.6464e+00  1.8905e-01
 1.0424e+01  4.2025e-01  1.6461e+00  1.8885e-01
 1.0442e+01  4.1988e-01  1.6457e+00  1.8866e-01
 1.0460e+01  4.1951e-01  1.6453e+00  1.8846e-01
 1.0478e+01  4.1914e-01  1.6450e+00  1.8827e-01
 1.0496e+01  4.1877e-01  1.6446e+00  1.8807e-01
 1.0514e+01  4.1840e-01  1.6442e+00  1.8788e-01
 1.0532e+01  4.1803e-01  1.6439e+00  1.8768e-01
 1.0550e+01  4.1766e-01  1.6435e+00  1.8749e-01
 1.0568e+01  4.1729e-01  1.6432e+00  1.8730e-01
 1.0586e+01  4.1693e-01  1.6428e+00  1.8711e-01
 1.0604e+01  4.1656e-01  1.6424e+00  1.8692e-01
 1.0622e+01  4.1620e-01  1.6421e+00  1.8673e-01
 1.0640e+01  4.1584e-01  1.6417e+00  1.8654e-01
 1.0658e+01  4.1548e-01  1.6414e+00  1.8635e-01
 1.0676e+01  4.1512e-01  1.6410e+00  1.8616e-01
 1.0694e+01  4.1476e-01  1.6407e+00  1.8597e-01
 1.0712e+01  4.1440e-01  1.6403e+00  1.8578e-01
 1.0730e+01  4.1404e-01  1.6400e+00  1.8560e-01
 1.0748e+01  4.1368e-01  1.6396e+00  1.8541e-01
 1.0766e+01  4.1333e-01  1.6393e+00  1.8523e-01
 1.0784e+01  4.1297e-01  1.6389e+00  1.8504e-01
 1.0802e+01  4.1262e-01  1.6386e+00  1.8485e-01
 1.0820e+01  4.1226e-01  1.6382e+00  1.8467e-01
 1.0838e+01  4.1191e-01  1.6379e+00  1.8449e-01
 1.0856e+01  4.1156e-01  1.6375e+00  1.8430e-01
 1.0874e+01  4.1121e-01  1.6372e+00  1.8412e-01
 1.0892e+01  4.1086e-01  1.6369e+00  1.8394e-01
 1.0910e+01  4.1051e-01  1.6365e+00  1.8376e-01
 1.0928e+01  4.1016e-01  1.6362e+00  1.8357e-01
 1.0946e+01  4.0982e-01  1.6358e+00  1.8339e-01
 1.0964e+01  4.0947e-01  1.6355e+00  1.8321e-01
 1.0982e+01  4.0913e-01  1.6352e+00  1.8303e-01
 1.1000e+01  4.0878e-01  1.6348e+00  1.8285e-01
 1.1018e+01  4.0844e-01  1.6345e+00  1.8267e-01
 1.1036e+01  4.0810e-01  1.6342e+00  1.8250e-01
 1.1054e+01  4.0775e-01  1.6338e+00  1.8232e-01
 1.1072e+01  4.0741e-01  1.6335e+00  1.8214e-01
 1.1090e+01  4.0707e-01  1.6332e+00  1.8196e-01
 1.1108e+01  4.0673e-01  1.6328e+00  1.8179e-01
 1.1126e+01  4.0639e-01  1.6325e+00  1.8161e-01
 1.1144e+01  4.0606e-01  1.6322e+00  1.8144e-01
 1.1162e+01  4.0572e-01  1.6319e+00  1.8126e-01
 1.1180e+01  4.0538e-01  1.6315e+00  1.8109e-01
 1.1198e+01  4.0505e-01  1.6312e+00  1.8091e-01
 1.1216e+01  4.0472e-01  1.6309e+00  1.8074e-01
 1.1234e+01  4.0438e-01  1.6306e+00  1.8057e-01
 1.1252e+01  4.0405e-01  1.6302e+00  1.8039e-01
 1.1270e+01  4.0372e-01  1.6299e+00  1.8022e-01
 1.1288e+01  4.0339e-01  1.6296e+00  1.8005e-01
 1.1306e+01  4.0306e-01  1.6293e+00  1.7988e-01
 1.1324e+01  4.0273e-01  1.6290e+00  1.7971e-01
 1.1342e+01  4.0240e-01  1.6286e+00  1.7954e-01
 1.1360e+01  4.0207e-01  1.6283e+00  1.7937e-01
 1.1378e+01  4.0174e-01  1.6280e+00  1.7920e-01
 1.1396e+01  4.0142e-01  1.6277e+00  1.7903e-01
 1.1414e+01  4.0109e-01  1.6274e+00  1.7886e-01
 1.1432e+01  4.0077e-01  1.6271e+00  1.7869e-01
 1.1450e+01  4.0044e-01  1.6268e+00  1.7852e-01
 1.1468e+01  4.0012e-01  1.6265e+00  1.7836e-01
 1.1486e+01  3.9980e-01  1.6261e+00  1.7819e-01
 1.1504e+01  3.9948e-01  1.6258e+00  1.7802e-01
 1.1522e+01  3.9916e-01  1.6255e+00  1.7786e-01
 1.1540e+01  3.9884e-01  1.6252e+00  1.7769e-01
 1.1558e+01  3.9852e-01  1.6249e+00  1.7753e-01
 1.1576e+01  3.9820e-01  1.6246e+00  1.7736e-01
 1.1594e+01  3.9788e-01  1.6243e+00  1.7720e-01
 1.1612e+01  3.9756e-01  1.6240e+00  1.7703e-01
 1.1630e+01  3.9725e-01  1.6237e+00  1.7687e-01
 1.1648e+01  3.9693e-01  1.6234e+00  1.7671e-01
 1.1666e+01  3.9662e-01  1.6231e+00  1.7655e-01
 1.1684e+01  3.9630e-01  1.6228e+00  1.7638e-01
 1.1702e+01  3.9599e-01  1.6225e+00  1.7622e-01
 1.1720e+01  3.9568e-01  1.6222e+00  1.7606e-01
 1.1738e+01  3.9537e-01  1.6219e+00  1.7590e-01
 1.1756e+01  3.9506e-01  1.6216e+00  1.7574e-01
 1.1774e+01  3.9475e-01  1.6213e+00  1.7558e-01
 1.1792e+01  3.9444e-01  1.6210e+00  1.7542e-01
 1.1810e+01  3.9413e-01  1.6207e+00  1.7526e-01
 1.1828e+01  3.9382e-01  1.6204e+00  1.7510e-01
 1.1846e+01  3.9351e-01  1.6201e+00  1.7494e-01
 1.1864e+01  3.9321e-01  1.6199e+00  1.7479e-01
 1.1882e+01  3.9290e-01  1.6196e+00  1.7463e-01
 1.1900e+01  3.9260e-01  1.6193e+00  1.7447e-01
 1.1918e+01  3.9229e-01  1.6190e+00  1.7431e-01
 1.1936e+01  3.9199e-01  1.6187e+00  1.7416e-01
 1.1954e+01  3.9168e-01  1.6184e+00  1.7400e-01
 1.1972e+01  3.9138e-01  1.6181e+00  1.7385e-01
 1.1990e+01  3.9108e-01  1.6178e+00  1.7369e-01
 1.2008e+01  3.9078e-01  1.6176e+00  1.7354e-01
 1.2026e+01  3.9048e-01  1.6173e+00  1.7338e-01
 1.2044e+01  3.9018e-01  1.6170e+00  1.7323e-01
 1.2062e+01  3.8988e-01  1.6167e+00  1.7307e-01
 1.2080e+01  3.8958e-01  1.6164e+00  1.7292e-01
 1.2098e+01  3.8929e-01  1.6161e+00  1.7277e-01
 1.2116e+01  3.8899e-01  1.6159e+00  1.7262e-01
 1.2134e+01  3.8869e-01  1.6156e+00  1.7246e-01
 1.2152e+01  3.8840e-01  1.6153e+00  1.7231e-01
 1.2170e+01  3.8810e-01  1.6150e+00  1.7216e-01
 1.2188e+01  3.8781e-01  1.6147e+00  1.7201e-01
 1.2206e+01  3.8752e-01  1.6145e+00  1.7186e-01
 1.2224e+01  3.8722e-01  1.6142e+00  1.7171e-01
 1.2242e+01  3.8693e-01  1.6139e+00  1.7156e-01
 1.2260e+01  3.8664e-01  1.6136e+00  1.7141e-01
 1.2278e+01  3.8635e-01  1.6134e+00  1.7126e-01
 1.2296e+01  3.8606e-01  1.6131e+00  1.7111e-01
 1.2314e+01  3.8577e-01  1.6128e+00  1.7096e-01
 1.2332e+01  3.8548e-01  1.6126e+00  1.7082e-01
 1.2350e+01  3.8519e-01  1.6123e+00  1.7067e-01
 1.2368e+01  3.8490e-01  1.6120e+00  1.7052e-01
 1.2386e+01  3.8462e-01  1.6118e+00  1.7037e-01
 1.2404e+01  3.8433e-01  1.6115e+00  1.7023e-01
 1.2422e+01  3.8405e-01  1.6112e+00  1.7008e-01
 1.2440e+01  3.8376e-01  1.6109e+00  1.6994e-01
 1.2458e+01  3.8348e-01  1.6107e+00  1.6979e-01
 1.2476e+01  3.8319e-01  1.6104e+00  1.6965e-01
 1.2494e+01  3.8291e-01  1.6102e+00  1.6950e-01
 1.2512e+01  3.8263e-01  1.6099e+00  1.6936e-01
 1.2530e+01  3.8234e-01  1.6096e+00  1.6921e-01
 1.2548e+01  3.8206e-01  1.6094e+00  1.6907e-01
 1.2566e+01  3.8178e-01  1.6091e+00  1.6893e-01
 1.2584e+01  3.8150e-01  1.6088e+00  1.6878e-01
 1.2602e+01  3.8122e-01  1.6086e+00  1.6864e-01
 1.2620e+01  3.8094e-01  1.6083e+00  1.6850e-01
 1.2638e+01  3.8067e-01  1.6081e+00  1.6836e-01
 1.2656e+01  3.8039e-01  1.6078e+00  1.6821e-01
 1.2674e+01  3.8011e-01  1.6075e+00  1.6807e-01
 1.2692e+01  3.7984e-01  1.6073e+00  1.6793e-01
 1.2710e+01  3.7956e-01  1.6070e+00  1.6779e-01
 1.2728e+01  3.7929e-01  1.6068e+00  1.6765e-01
 1.2746e+01  3.7901e-01  1.6065e+00  1.6751e-01
 1.2764e+01  3.7874e-01  1.6063e+00  1.6737e-01
 1.2782e+01  3.7846e-01  1.6060e+00  1.6723e-01
 1.2800e+01  3.7819e-01  1.6058e+00  1.6709e-01
 1.2818e+01  3.7792e-01  1.6055e+00  1.6695e-01
 1.2836e+01  3.7765e-01  1.6053e+00  1.6682e-01
 1.2854e+01  3.7738e-01  1.6050e+00  1.6668e-01
 1.2872e+01  3.7711e-01  1.6048e+00  1.6654e-01
 1.2890e+01  3.7684e-01  1.6045e+00  1.6640e-01
 1.2908e+01  3.7657e-01  1.6043e+00  1.6627e-01
 1.2926e+01  3.7630e-01  1.6040e+00  1.6613e-01
 1.2944e+01  3.7603e-01  1.6038e+00  1.6599e-01
 1.2962e+01  3.7576e-01  1.6035e+00  1.6586e-01
 1.2980e+01  3.7549e-01  1.6033e+00  1.6572e-01
 1.2998e+01  3.7523e-01  1.6030e+00  1.6559e-01
 1.3016e+01  3.7496e-01  1.6028e+00  1.6545e-01
 1.3034e+01  3.7470e-01  1.6025e+00  1.6532e-01
 1.3052e+01  3.7443e-01  1.6023e+00  1.6518e-01
 1.3070e+01  3.7417e-01  1.6021e+00  1.6505e-01
 1.3088e+01  3.7390e-01  1.6018e+00  1.6491e-01
 1.3106e+01  3.7364e-01  1.6016e+00  1.6478e-01
 1.3124e+01  3.7338e-01  1.6013e+00  1.6465e-01
 1.3142e+01  3.7312e-01  1.6011e+00  1.6451e-01
 1.3160e+01  3.7286e-01  1.6008e+00  1.6438e-01
 1.3178e+01  3.7260e-01  1.6006e+00  1.6425e-01
 1.3196e+01  3.7233e-01  1.6004e+00  1.6412e-01
 1.3214e+01  3.7208e-01  1.6001e+00  1.6398e-01
 1.3232e+01  3.7182e-01  1.5999e+00  1.6385e-01
 1.3250e+01  3.7156e-01  1.5997e+00  1.6372e-01
 1.3268e+01  3.7130e-01  1.5994e+00  1.6359e-01
 1.3286e+01  3.7104e-01  1.5992e+00  1.6346e-01
 1.3304e+01  3.7078e-01  1.5989e+00  1.6333e-01
 1.3322e+01  3.7053e-01  1.5987e+00  1.6320e-01
 1.3340e+01  3.7027e-01  1.5985e+00  1.6307e-01
 1.3358e+01  3.7002e-01  1.5982e+00  1.6294e-01
 1.3376e+01  3.6976e-01  1.5980e+00  1.6281e-01
 1.3394e+01  3.6951e-01  1.5978e+00  1.6268e-01
 1.3412e+01  3.6925e-01  1.5976e+00  1.6256e-01
 1.3430e+01  3.6900e-01  1.5973e+00  1.6243e-01
 1.3448e+01  3.6875e-01  1.5971e+00  1.6230e-01
 1.3466e+01  3.6849e-01  1.5969e+00  1.6217e-01
 1.3484e+01  3.6824e-01  1.5966e+00  1.6204e-01
 1.3502e+01  3.6799e-01  1.5964e+00  1.6192e-01
 1.3520e+01  3.6774e-01  1.5962e+00  1.6179e-01
 1.3538e+01  3.6749e-01  1.5959e+00  1.6166e-01
 1.3556e+01  3.6724e-01  1.5957e+00  1.6154e-01
 1.3574e+01  3.6699e-01  1.5955e+00  1.6141e-01
 1.3592e+01  3.6674e-01  1.5953e+00  1.6129e-01
 1.3610e+01  3.6649e-01  1.5950e+00  1.6116e-01
 1.3628e+01  3.6625e-01  1.5948e+00  1.6104e-01
 1.3646e+01  3.6600e-01  1.5946e+00  1.6091e-01
 1.3664e+01  3.6575e-01  1.5944e+00  1.6079e-01
 1.3682e+01  3.6551e-01  1.5941e+00  1.6066e-01
 1.3700e+01  3.6526e-01  1.5939e+00  1.6054e-01
 1.3718e+01  3.6502e-01  1.5937e+00  1.6042e-01
 1.3736e+01  3.6477e-01  1.5935e+00  1.6029e-01
 1.3754e+01  3.6453e-01  1.5933e+00  1.6017e-01
 1.3772e+01  3.6428e-01  1.5930e+00  1.6005e-01
 1.3790e+01  3.6404e-01  1.5928e+00  1.5992e-01
 1.3808e+01  3.6380e-01  1.5926e+00  1.5980e-01
 1.3826e+01  3.6355e-01  1.5924e+00  1.5968e-01
 1.3844e+01  3.6331e-01  1.5922e+00  1.5956e-01
 1.3862e+01  3.6307e-01  1.5919e+00  1.5944e-01
 1.3880e+01  3.6283e-01  1.5917e+00  1.5931e-01
 1.3898e+01  3.6259e-01  1.5915e+00  1.5919e-01
 1.3916e+01  3.6235e-01  1.5913e+00  1.5907e-01
 1.3934e+01  3.6211e-01  1.5911e+00  1.5895e-01
 1.3952e+01  3.6187e-01  1.5909e+00  1.5883e-01
 1.3970e+01  3.6163e-01  1.5907e+00  1.5871e-01
 1.3988e+01  3.6140e-01  1.5904e+00  1.5859e-01
 1.4006e+01  3.6116e-01  1.5902e+00  1.5847e-01
 1.4024e+01  3.6092e-01  1.5900e+00  1.5835e-01
 1.4042e+01  3.6068e-01  1.5898e+00  1.5824e-01
 1.4060e+01  3.6045e-01  1.5896e+00  1.5812e-01
 1.4078e+01  3.6021e-01  1.5894e+00  1.5800e-01
 1.4096e+01  3.5998e-01  1.5892e+00  1.5788e-01
 1.4114e+01  3.5974e-01  1.5890e+00  1.5776e-01
 1.4132e+01  3.5951e-01  1.5887e+00  1.5764e-01
 1.4150e+01  3.5927e-01  1.5885e+00  1.5753e-01
 1.4168e+01  3.5904e-01  1.5883e+00  1.5741e-01
 1.4186e+01  3.5881e-01  1.5881e+00  1.5729e-01
 1.4204e+01  3.5858e-01  1.5879e+00  1.5718e-01
 1.4222e+01  3.5834e-01  1.5877e+00  1.5706e-01
 1.4240e+01  3.5811e-01  1.5875e+00  1.5694e-01
 1.4258e+01  3.5788e-01  1.5873e+00  1.5683e-01
 1.4276e+01  3.5765e-01  1.5871e+00  1.5671e-01
 1.4294e+01  3.5742e-01  1.5869e+00  1.5660e-01
 1.4312e+01  3.5719e-01  1.5867e+00  1.5648e-01
 1.4330e+01  3.5696e-01  1.5865e+00  1.5637e-01
 1.4348e+01  3.5673e-01  1.5863e+00  1.5625e-01
 1.4366e+01  3.5650e-01  1.5861e+00  1.5614e-01
 1.4384e+01  3.5627e-01  1.5859e+00  1.5602e-01
 1.4402e+01  3.5605e-01  1.5857e+00  1.5591e-01
 1.4420e+01  3.5582e-01  1.5855e+00  1.5580e-01
 1.4438e+01  3.5559e-01  1.5853e+00  1.5568e-01
 1.4456e+01  3.5537e-01  1.5851e+00  1.5557e-01
 1.4474e+01  3.5514e-01  1.5849e+00  1.5546e-01
 1.4492e+01  3.5492e-01  1.5847e+00  1.5534e-01
 1.4510e+01  3.5469e-01  1.5845e+00  1.5523e-01
 1.4528e+01  3.5447e-01  1.5843e+00  1.5512e-01
 1.4546e+01  3.5424e-01  1.5841e+00  1.5501e-01
 1.4564e+01  3.5402e-01  1.5839e+00  1.5490e-01
 1.4582e+01  3.5379e-01  1.5837e+00  1.5478e-01
 1.4600e+01  3.5357e-01  1.5835e+00  1.5467e-01
 1.4618e+01  3.5335e-01  1.5833e+00  1.5456e-01
 1.4636e+01  3.5313e-01  1.5831e+00  1.5445e-01
 1.4654e+01  3.5291e-01  1.5829e+00  1.5434e-01
 1.4672e+01  3.5268e-01  1.5827e+00  1.5423e-01
 1.4690e+01  3.5246e-01  1.5825e+00  1.5412e-01
 1.4708e+01  3.5224e-01  1.5823e+00  1.5401e-01
 1.4726e+01  3.5202e-01  1.5821e+00  1.5390e-01
 1.4744e+01  3.5180e-01  1.5819e+00  1.5379e-01
 1.4762e+01  3.5158e-01  1.5817e+00  1.5368e-01
 1.4780e+01  3.5137e-01  1.5815e+00  1.5357e-01
 1.4798e+01  3.5115e-01  1.5813e+00  1.5346e-01
 1.4816e+01  3.5093e-01  1.5811e+00  1.5335e-01
 1.4834e+01  3.5071e-01  1.5809e+00  1.5325e-01
 1.4852e+01  3.5049e-01  1.5808e+00  1.5314e-01
 1.4870e+01  3.5028e-01  1.5806e+00  1.5303e-01
 1.4888e+01  3.5006e-01  1.5804e+00  1.5292e-01
 1.4906e+01  3.4985e-01  1.5802e+00  1.5281e-01
 1.4924e+01  3.4963e-01  1.5800e+00  1.5271e-01
 1.4942e+01  3.4942e-01  1.5798e+00  1.5260e-01
 1.4960e+01  3.4920e-01  1.5796e+00  1.5249e-01
 1.4978e+01  3.4899e-01  1.5794e+00  1.5239e-01
 1.4996e+01  3.4877e-01  1.5792e+00  1.5228e-01
 1.5014e+01  3.4856e-01  1.5791e+00  1.5217e-01
 1.5032e+01  3.4835e-01  1.5789e+00  1.5207e-01
 1.5050e+01  3.4813e-01  1.5787e+00  1.5196e-01
 1.5068e+01  3.4792e-01  1.5785e+00  1.5186e-01
 1.5086e+01  3.4771e-01  1.5783e+00  1.5175e-01
 1.5104e+01  3.4750e-01  1.5781e+00  1.5165e-01
 1.5122e+01  3.4729e-01  1.5779e+00  1.5154e-01
 1.5140e+01  3.4707e-01  1.5778e+00  1.5144e-01
 1.5158e+01  3.4686e-01  1.5776e+00  1.5133e-01
 1.5176e+01  3.4665e-01  1.5774e+00  1.5123e-01
 1.5194e+01  3.4644e-01  1.5772e+00  1.5112e-01
 1.5212e+01  3.4623e-01  1.5770e+00  1.5102e-01
 1.5230e+01  3.4603e-01  1.5769e+00  1.5091e-01
 1.5248e+01  3.4582e-01  1.5767e+00  1.5081e-01
 1.5266e+01  3.4561e-01  1.5765e+00  1.5071e-01
 1.5284e+01  3.4540e-01  1.5763e+00  1.5060e-01
 1.5302e+01  3.4519e-01  1.5761e+00  1.5050e-01
 1.5320e+01  3.4499e-01  1.5759e+00  1.5040e-01
 1.5338e+01  3.4478e-01  1.5758e+00  1.5030e-01
 1.5356e+01  3.4457e-01  1.5756e+00  1.5019e-01
 1.5374e+01  3.4437e-01  1.5754e+00  1.5009e-01
 1.5392e+01  3.4416e-01  1.5752e+00  1.4999e-01
 1.5410e+01  3.4396e-01  1.5751e+00  1.4989e-01
 1.5428e+01  3.4375e-01  1.5749e+00  1.4979e-01
 1.5446e+01  3.4355e-01  1.5747e+00  1.4969e-01
 1.5464e+01  3.4334e-01  1.5745e+00  1.4958e-01
 1.5482e+01  3.4314e-01  1.5743e+00  1.4948e-01
 1.5500e+01  3.4294e-01  1.5742e+00  1.4938e-01
 1.5518e+01  3.4273e-01  1.5740e+00  1.4928e-01
 1.5536e+01  3.4253e-01  1.5738e+00  1.4918e-01
 1.5554e+01  3.4233e-01  1.5736e+00  1.4908e-01
 1.5572e+01  3.4213e-01  1.5735e+00  1.4898e-01
 1.5590e+01  3.4193e-01  1.5733e+00  1.4888e-01
 1.5608e+01  3.4172e-01  1.5731e+00  1.4878e-01
 1.5626e+01  3.4152e-01  1.5730e+00  1.4868e-01
 1.5644e+01  3.4132e-01  1.5728e+00  1.4858e-01
 1.5662e+01  3.4112e-01  1.5726e+00  1.4849e-01
 1.5680e+01  3.4092e-01  1.5724e+00  1.4839e-01
 1.5698e+01  3.4072e-01  1.5723e+00  1.4829e-01
 1.5716e+01  3.4052e-01  1.5721e+00  1.4819e-01
 1.5734e+01  3.4033e-01  1.5719e+00  1.4809e-01
 1.5752e+01  3.4013e-01  1.5718e+00  1.4799e-01
 1.5770e+01  3.3993e-01  1.5716e+00  1.4790e-01
 1.5788e+01  3.3973e-01  1.5714e+00  1.4780e-01
 1.5806e+01  3.3953e-01  1.5712e+00  1.4770e-01
 1.5824e+01  3.3934e-01  1.5711e+00  1.4760e-01
 1.5842e+01  3.3914e-01  1.5709e+00  1.4751e-01
 1.5860e+01  3.3894e-01  1.5707e+00  1.4741e-01
 1.5878e+01  3.3875e-01  1.5706e+00  1.4731e-01
 1.5896e+01  3.3855e-01  1.5704e+00  1.4722e-01
 1.5914e+01  3.3836e-01  1.5702e+00  1.4712e-01
 1.5932e+01  3.3816e-01  1.5701e+00  1.4702e-01
 1.5950e+01  3.3797e-01  1.5699e+00  1.4693e-01
 1.5968e+01  3.3777e-01  1.5697e+00  1.4683e-01
 1.5986e+01  3.3758e-01  1.5696e+00  1.4674e-01
 1.6004e+01  3.3738e-01  1.5694e+00  1.4664e-01
 1.6022e+01  3.3719e-01  1.5692e+00  1.4655e-01
 1.6040e+01  3.3700e-01  1.5691e+00  1.4645e-01
 1.6058e+01  3.3681e-01  1.5689e+00  1.4636e-01
 1.6076e+01  3.3661e-01  1.5687e+00  1.4626e-01
 1.6094e+01  3.3642e-01  1.5686e+00  1.4617e-01
 1.6112e+01  3.3623e-01  1.5684e+00  1.4607e-01
 1.6130e+01  3.3604e-01  1.5683e+00  1.4598e-01
 1.6148e+01  3.3585e-01  1.5681e+00  1.4588e-01
 1.6166e+01  3.3566e-01  1.5679e+00  1.4579e-01
 1.6184e+01  3.3547e-01  1.5678e+00  1.4570e-01
 1.6202e+01  3.3528e-01  1.5676e+00  1.4560e-01
 1.6220e+01  3.3509e-01  1.5674e+00  1.4551e-01
 1.6238e+01  3.3490e-01  1.5673e+00  1.4542e-01
 1.6256e+01  3.3471e-01  1.5671e+00  1.4532e-01
 1.6274e+01  3.3452e-01  1.5670e+00  1.4523e-01
 1.6292e+01  3.3433e-01  1.5668e+00  1.4514e-01
 1.6310e+01  3.3414e-01  1.5666e+00  1.4505e-01
 1.6328e+01  3.3395e-01  1.5665e+00  1.4495e-01
 1.6346e+01  3.3377e-01  1.5663e+00  1.4486e-01
 1.6364e+01  3.3358e-01  1.5662e+00  1.4477e-01
 1.6382e+01  3.3339e-01  1.5660e+00  1.4468e-01
 1.6400e+01  3.3321e-01  1.5659e+00  1.4459e-01
 1.6418e+01  3.3302e-01  1.5657e+00  1.4449e-01
 1.6436e+01  3.3283e-01  1.5655e+00  1.4440e-01
 1.6454e+01  3.3265e-01  1.5654e+00  1.4431e-01
 1.6472e+01  3.3246e-01  1.5652e+00  1.4422e-01
 1.6490e+01  3.3228e-01  1.5651e+00  1.4413e-01
 1.6508e+01  3.3209e-01  1.5649e+00  1.4404e-01
 1.6526e+01  3.3191e-01  1.5648e+00  1.4395e-01
 1.6544e+01  3.3173e-01  1.5646e+00  1.4386e-01
 1.6562e+01  3.3154e-01  1.5644e+00  1.4377e-01
 1.6580e+01  3.3136e-01  1.5643e+00  1.4368e-01
 1.6598e+01  3.3117e-01  1.5641e+00  1.4359e-01
 1.6616e+01  3.3099e-01  1.5640e+00  1.4350e-01
 1.6634e+01  3.3081e-01  1.5638e+00  1.4341e-01
 1.6652e+01  3.3063e-01  1.5637e+00  1.4332e-01
 1.6670e+01  3.3044e-01  1.5635e+00  1.4323e-01
 1.6688e+01  3.3026e-01  1.5634e+00  1.4314e-01
 1.6706e+01  3.3008e-01  1.5632e+00  1.4305e-01
 1.6724e+01  3.2990e-01  1.5631e+00  1.4296e-01
 1.6742e+01  3.2972e-01  1.5629e+00  1.4288e-01
 1.6760e+01  3.2954e-01  1.5628e+00  1.4279e-01
 1.6778e+01  3.2936e-01  1.5626e+00  1.4270e-01
 1.6796e+01  3.2918e-01  1.5625e+00  1.4261e-01
 1.6814e+01  3.2900e-01  1.5623e+00  1.4252e-01
 1.6832e+01  3.2882e-01  1.5622e+00  1.4244e-01
 1.6850e+01  3.2864e-01  1.5620e+00  1.4235e-01
 1.6868e+01  3.2846e-01  1.5619e+00  1.4226e-01
 1.6886e+01  3.2828e-01  1.5617e+00  1.4217e-01
 1.6904e+01  3.2811e-01  1.5616e+00  1.4209e-01
 1.6922e+01  3.2793e-01  1.5614e+00  1.4200e-01
 1.6940e+01  3.2775e-01  1.5613e+00  1.4191e-01
 1.6958e+01  3.2757e-01  1.5611e+00  1.4183e-01
 1.6976e+01  3.2740e-01  1.5610e+00  1.4174e-01
 1.6994e+01  3.2722e-01  1.5608e+00  1.4165e-01
 1.7012e+01  3.2704e-01  1.5607e+00  1.4157e-01
 1.7030e+01  3.2687e-01  1.5605e+00  1.4148e-01
 1.7048e+01  3.2669e-01  1.5604e+00  1.4140e-01
 1.7066e+01  3.2652e-01  1.5602e+00  1.4131e-01
 1.7084e+01  3.2634e-01  1.5601e+00  1.4122e-01
 1.7102e+01  3.2617e-01  1.5599e+00  1.4114e-01
 1.7120e+01  3.2599e-01  1.5598e+00  1.4105e-01
 1.7138e+01  3.2582e-01  1.5597e+00  1.4097e-01
 1.7156e+01  3.2564e-01  1.5595e+00  1.4088e-01
 1.7174e+01  3.2547e-01  1.5594e+00  1.4080e-01
 1.7192e+01  3.2530e-01  1.5592e+00  1.4071e-01
 1.7210e+01  3.2512e-01  1.5591e+00  1.4063e-01
 1.7228e+01  3.2495e-01  1.5589e+00  1.4055e-01
 1.7246e+01  3.2478e-01  1.5588e+00  1.4046e-01
 1.7264e+01  3.2460e-01  1.5586e+00  1.4038e-01
 1.7282e+01  3.2443e-01  1.5585e+00  1.4029e-01
 1.7300e+01  3.2426e-01  1.5584e+00  1.4021e-01
 1.7318e+01  3.2409e-01  1.5582e+00  1.4013e-01
 1.7336e+01  3.2392e-01  1.5581e+00  1.4004e-01
 1.7354e+01  3.2375e-01  1.5579e+00  1.3996e-01
 1.7372e+01  3.2357e-01  1.5578e+00  1.3988e-01
 1.7390e+01  3.2340e-01  1.5577e+00  1.3979e-01
 1.7408e+01  3.2323e-01  1.5575e+00  1.3971e-01
 1.7426e+01  3.2306e-01  1.5574e+00  1.3963e-01
 1.7444e+01  3.2289e-01  1.5572e+00  1.3954e-01
 1.7462e+01  3.2272e-01  1.5571e+00  1.3946e-01
 1.7480e+01  3.2255e-01  1.5570e+00  1.3938e-01
 1.7498e+01  3.2239e-01  1.5568e+00  1.3930e-01
 1.7516e+01  3.2222e-01  1.5567e+00  1.3922e-01
 1.7534e+01  3.2205e-01  1.5565e+00  1.3913e-01
 1.7552e+01  3.2188e-01  1.5564e+00  1.3905e-01
 1.7570e+01  3.2171e-01  1.5563e+00  1.3897e-01
 1.7588e+01  3.2155e-01  1.5561e+00  1.3889e-01
 1.7606e+01  3.2138e-01  1.5560e+00  1.3881e-01
 1.7624e+01  3.2121e-01  1.5558e+00  1.3873e-01
 1.7642e+01  3.2104e-01  1.5557e+00  1.3864e-01
 1.7660e+01  3.2088e-01  1.5556e+00  1.3856e-01
 1.7678e+01  3.2071e-01  1.5554e+00  1.3848e-01
 1.7696e+01  3.2054e-01  1.5553e+00  1.3840e-01
 1.7714e+01  3.2038e-01  1.5552e+00  1.3832e-01
 1.7732e+01  3.2021e-01  1.5550e+00  1.3824e-01
 1.7750e+01  3.2005e-01  1.5549e+00  1.3816e-01
 1.7768e+01  3.1988e-01  1.5548e+00  1.3808e-01
 1.7786e+01  3.1972e-01  1.5546e+00  1.3800e-01
 1.7804e+01  3.1955e-01  1.5545e+00  1.3792e-01
 1.7822e+01  3.1939e-01  1.5544e+00  1.3784e-01
 1.7840e+01  3.1923e-01  1.5542e+00  1.3776e-01
 1.7858e+01  3.1906e-01  1.5541e+00  1.3768e-01
 1.7876e+01  3.1890e-01  1.5539e+00  1.3760e-01
 1.7894e+01  3.1873e-01  1.5538e+00  1.3752e-01
 1.7912e+01  3.1857e-01  1.5537e+00  1.3744e-01
 1.7930e+01  3.1841e-01  1.5536e+00  1.3737e-01
 1.7948e+01  3.1825e-01  1.5534e+00  1.3729e-01
 1.7966e+01  3.1808e-01  1.5533e+00  1.3721e-01
 1.7984e+01  3.1792e-01  1.5532e+00  1.3713e-01
 1.8002e+01  3.1776e-01  1.5530e+00  1.3705e-01
 1.8020e+01  3.1760e-01  1.5529e+00  1.3697e-01
 1.8038e+01  3.1744e-01  1.5528e+00  1.3689e-01
 1.8056e+01  3.1728e-01  1.5526e+00  1.3682e-01
 1.8074e+01  3.1712e-01  1.5525e+00  1.3674e-01
 1.8092e+01  3.1695e-01  1.5524e+00  1.3666e-01
 1.8110e+01  3.1679e-01  1.5522e+00  1.3658e-01
 1.8128e+01  3.1663e-01  1.5521e+00  1.3651e-01
 1.8146e+01  3.1647e-01  1.5520e+00  1.3643e-01
 1.8164e+01  3.1631e-01  1.5518e+00  1.3635e-01
 1.8182e+01  3.1616e-01  1.5517e+00  1.3627e-01
 1.8200e+01  3.1600e-01  1.5516e+00  1.3620e-01
 1.8218e+01  3.1584e-01  1.5515e+00  1.3612e-01
 1.8236e+01  3.1568e-01  1.5513e+00  1.3604e-01
 1.8254e+01  3.1552e-01  1.5512e+00  1.3597e-01
 1.8272e+01  3.1536e-01  1.5511e+00  1.3589e-01
 1.8290e+01  3.1520e-01  1.5509e+00  1.3581e-01
 1.8308e+01  3.1505e-01  1.5508e+00  1.3574e-01
 1.8326e+01  3.1489e-01  1.5507e+00  1.3566e-01
 1.8344e+01  3.1473e-01  1.5506e+00  1.3559e-01
 1.8362e+01  3.1457e-01  1.5504e+00  1.3551e-01
 1.8380e+01  3.1442e-01  1.5503e+00  1.3543e-01
 1.8398e+01  3.1426e-01  1.5502e+00  1.3536e-01
 1.8416e+01  3.1411e-01  1.5501e+00  1.3528e-01
 1.8434e+01  3.1395e-01  1.5499e+00  1.3521e-01
 1.8452e+01  3.1379e-01  1.5498e+00  1.3513e-01
 1.8470e+01  3.1364e-01  1.5497e+00  1.3506e-01
 1.8488e+01  3.1348e-01  1.5496e+00  1.3498e-01
 1.8506e+01  3.1333e-01  1.5494e+00  1.3491e-01
 1.8524e+01  3.1317e-01  1.5493e+00  1.3483e-01
 1.8542e+01  3.1302e-01  1.5492e+00  1.3476e-01
 1.8560e+01  3.1286e-01  1.5491e+00  1.3468e-01
 1.8578e+01  3.1271e-01  1.5489e+00  1.3461e-01
 1.8596e+01  3.1256e-01  1.5488e+00  1.3453e-01
 1.8614e+01  3.1240e-01  1.5487e+00  1.3446e-01
 1.8632e+01  3.1225e-01  1.5486e+00  1.3439e-01
 1.8650e+01  3.1209e-01  1.5484e+00  1.3431e-01
 1.8668e+01  3.1194e-01  1.5483e+00  1.3424e-01
 1.8686e+01  3.1179e-01  1.5482e+00  1.3417e-01
 1.8704e+01  3.1164e-01  1.5481e+00  1.3409e-01
 1.8722e+01  3.1148e-01  1.5479e+00  1.3402e-01
 1.8740e+01  3.1133e-01  1.5478e+00  1.3395e-01
 1.8758e+01  3.1118e-01  1.5477e+00  1.3387e-01
 1.8776e+01  3.1103e-01  1.5476e+00  1.3380e-01
 1.8794e+01  3.1088e-01  1.5475e+00  1.3373e-01
 1.8812e+01  3.1072e-01  1.5473e+00  1.3365e-01
 1.8830e+01  3.1057e-01  1.5472e+00  1.3358e-01
 1.8848e+01  3.1042e-01  1.5471e+00  1.3351e-01
 1.8866e+01  3.1027e-01  1.5470e+00  1.3344e-01
 1.8884e+01  3.1012e-01  1.5469e+00  1.3336e-01
 1.8902e+01  3.0997e-01  1.5467e+00  1.3329e-01
 1.8920e+01  3.0982e-01  1.5466e+00  1.3322e-01
 1.8938e+01  3.0967e-01  1.5465e+00  1.3315e-01
 1.8956e+01  3.0952e-01  1.5464e+00  1.3307e-01
 1.8974e+01  3.0937e-01  1.5463e+00  1.3300e-01
 1.8992e+01  3.0922e-01  1.5461e+00  1.3293e-01
 1.9010e+01  3.0907e-01  1.5460e+00  1.3286e-01
 1.9028e+01  3.0893e-01  1.5459e+00  1.3279e-01
 1.9046e+01  3.0878e-01  1.5458e+00  1.3272e-01
 1.9064e+01  3.0863e-01  1.5457e+00  1.3264e-01
 1.9082e+01  3.0848e-01  1.5455e+00  1.3257e-01
 1.9100e+01  3.0833e-01  1.5454e+00  1.3250e-01
 1.9118e+01  3.0819e-01  1.5453e+00  1.3243e-01
 1.9136e+01  3.0804e-01  1.5452e+00  1.3236e-01
 1.9154e+01  3.0789e-01  1.5451e+00  1.3229e-01
 1.9172e+01  3.0774e-01  1.5450e+00  1.3222e-01
 1.9190e+01  3.0760e-01  1.5448e+00  1.3215e-01
 1.9208e+01  3.0745e-01  1.5447e+00  1.3208e-01
 1.9226e+01  3.0730e-01  1.5446e+00  1.3201e-01
 1.9244e+01  3.0716e-01  1.5445e+00  1.3194e-01
 1.9262e+01  3.0701e-01  1.5444e+00  1.3187e-01
 1.9280e+01  3.0687e-01  1.5443e+00  1.3180e-01
 1.9298e+01  3.0672e-01  1.5441e+00  1.3173e-01
 1.9316e+01  3.0658e-01  1.5440e+00  1.3166e-01
 1.9334e+01  3.0643e-01  1.5439e+00  1.3159e-01
 1.9352e+01  3.0629e-01  1.5438e+00  1.3152e-01
 1.9370e+01  3.0614e-01  1.5437e+00  1.3145e-01
 1.9388e+01  3.0600e-01  1.5436e+00  1.3138e-01
 1.9406e+01  3.0585e-01  1.5435e+00  1.3131e-01
 1.9424e+01  3.0571e-01  1.5433e+00  1.3124e-01
 1.9442e+01  3.0556e-01  1.5432e+00  1.3117e-01
 1.9460e+01  3.0542e-01  1.5431e+00  1.3110e-01
 1.9478e+01  3.0528e-01  1.5430e+00  1.3104e-01
 1.9496e+01  3.0513e-01  1.5429e+00  1.3097e-01
 1.9514e+01  3.0499e-01  1.5428e+00  1.3090e-01
 1.9532e+01  3.0485e-01  1.5427e+00  1.3083e-01
 1.9550e+01  3.0471e-01  1.5426e+00  1.3076e-01
 1.9568e+01  3.0456e-01  1.5424e+00  1.3069e-01
 1.9586e+01  3.0442e-01  1.5423e+00  1.3063e-01
 1.9604e+01  3.0428e-01  1.5422e+00  1.3056e-01
 1.9622e+01  3.0414e-01  1.5421e+00  1.3049e-01
 1.9640e+01  3.0400e-01  1.5420e+00  1.3042e-01
 1.9658e+01  3.0385e-01  1.5419e+00  1.3035e-01
 1.9676e+01  3.0371e-01  1.5418e+00  1.3029e-01
 1.9694e+01  3.0357e-01  1.5417e+00  1.3022e-01
 1.9712e+01  3.0343e-01  1.5415e+00  1.3015e-01
 1.9730e+01  3.0329e-01  1.5414e+00  1.3008e-01
 1.9748e+01  3.0315e-01  1.5413e+00  1.3002e-01
 1.9766e+01  3.0301e-01  1.5412e+00  1.2995e-01
 1.9784e+01  3.0287e-01  1.5411e+00  1.2988e-01
 1.9802e+01  3.0273e-01  1.5410e+00  1.2982e-01
 1.9820e+01  3.0259e-01  1.5409e+00  1.2975e-01
 1.9838e+01  3.0245e-01  1.5408e+00  1.2968e-01
 1.9856e+01  3.0231e-01  1.5407e+00  1.2962e-01
 1.9874e+01  3.0217e-01  1.5406e+00  1.2955e-01
 1.9892e+01  3.0203e-01  1.5405e+00  1.2948e-01
 1.9910e+01  3.0189e-01  1.5403e+00  1.2942e-01
 1.9928e+01  3.0176e-01  1.5402e+00  1.2935e-01
 1.9946e+01  3.0162e-01  1.5401e+00  1.2928e-01
 1.9964e+01  3.0148e-01  1.5400e+00  1.2922e-01
 1.9982e+01  3.0134e-01  1.5399e+00  1.2915e-01
